Building package "alsa-support"
:: Synchronizing package databases...
 core downloading...
 extra downloading...
 community downloading...
 multilib downloading...
 chaotic-aur downloading...
 garuda downloading...
:: Starting full system upgrade...
 there is nothing to do
resolving dependencies...
looking for conflicting packages...

Packages (9) alsa-topology-conf-1.2.5.1-3  alsa-ucm-conf-1.2.8-1  libsamplerate-0.2.2-2  alsa-firmware-1.2.4-3  alsa-lib-1.2.8-1  alsa-oss-1.1.8-5  alsa-plugins-1:1.2.7.1-2  alsa-tools-1.2.5-2  alsa-utils-1.2.8-1

Total Installed Size:  22.09 MiB

:: Proceed with installation? [Y/n] 
checking keyring...
checking package integrity...
loading package files...
checking for file conflicts...
checking available disk space...
:: Processing package changes...
installing alsa-firmware...
installing alsa-topology-conf...
installing alsa-ucm-conf...
installing alsa-lib...
installing alsa-oss...
Optional dependencies for alsa-oss
    bash: for aoss [installed]
installing alsa-plugins...
Optional dependencies for alsa-plugins
    dbus: for maemo plugin [installed]
    ffmpeg: for pcm_a52 plugin
    jack: for pcm_jack plugin
    libavtp: for pcm_aaf plugin
    libsamplerate: for rate_samplerate plugin [pending]
    libpulse: for conf_pulse, ctl_pulse and pcm_pulse plugins
    speexdsp: for pcm_speex and rate_speexrate plugins
installing alsa-tools...
Optional dependencies for alsa-tools
    fltk: hdspconf, hdspmixer
    gtk2: envy24control, echomixer, rmeddigicontrol
    gtk3: hdajackretask
    python-pyalsa: hwmixvolume
    python-gobject: hwmixvolume
installing libsamplerate...
installing alsa-utils...
Optional dependencies for alsa-utils
    fftw: for alsabat
:: Running post-transaction hooks...
(1/3) Reloading system manager configuration...
  Skipped: Current root is not booted.
(2/3) Reloading device manager configuration...
  Skipped: Device manager is not running.
(3/3) Arming ConditionNeedsUpdate...
==> ERROR: A package has already been built. (use -f to overwrite)
umount: /var/cache/chaotic/routines/hourly/alsa-support/machine/root/home/main-builder/pkgwork unmounted
umount: /var/cache/chaotic/routines/hourly/alsa-support/machine/root/home/main-builder/.ccache unmounted
umount: /var/cache/chaotic/routines/hourly/alsa-support/machine/root/home/main-builder/pkgsrc unmounted
umount: /var/cache/chaotic/routines/hourly/alsa-support/machine/root/var/cache/pacman/pkg unmounted
umount: /var/cache/chaotic/routines/hourly/alsa-support/machine/root/var/pkgdest unmounted
umount: /var/cache/chaotic/routines/hourly/alsa-support/machine/root (overlay) unmounted

real	0m3.299s
user	0m1.257s
sys	0m1.307s
