Building package "anbox-support"
:: Synchronizing package databases...
 core downloading...
 extra downloading...
 community downloading...
 multilib downloading...
 chaotic-aur downloading...
 garuda downloading...
:: Starting full system upgrade...
resolving dependencies...
looking for conflicting packages...

Packages (2) device-mapper-2.03.21-1  libpcap-1.10.4-1

Total Installed Size:  1.38 MiB
Net Upgrade Size:      0.00 MiB

:: Proceed with installation? [Y/n] 
checking keyring...
checking package integrity...
loading package files...
checking for file conflicts...
checking available disk space...
:: Processing package changes...
upgrading device-mapper...
upgrading libpcap...
:: Running post-transaction hooks...
(1/3) Reloading system manager configuration...
  Skipped: Current root is not booted.
(2/3) Reloading device manager configuration...
  Skipped: Device manager is not running.
(3/3) Arming ConditionNeedsUpdate...
warning: coreutils-9.3-1 is up to date -- skipping
 there is nothing to do
==> ERROR: A package has already been built. (use -f to overwrite)
umount: /var/cache/chaotic/routines/hourly/anbox-support/machine/root/home/main-builder/pkgwork unmounted
umount: /var/cache/chaotic/routines/hourly/anbox-support/machine/root/home/main-builder/.ccache unmounted
umount: /var/cache/chaotic/routines/hourly/anbox-support/machine/root/home/main-builder/pkgsrc unmounted
umount: /var/cache/chaotic/routines/hourly/anbox-support/machine/root/var/cache/pacman/pkg unmounted
umount: /var/cache/chaotic/routines/hourly/anbox-support/machine/root/var/pkgdest unmounted
umount: /var/cache/chaotic/routines/hourly/anbox-support/machine/root (overlay) unmounted

real	0m2.795s
user	0m0.881s
sys	0m1.117s
