Building package "asian-fonts"
:: Synchronizing package databases...
 core downloading...
 extra downloading...
 community downloading...
 multilib downloading...
 chaotic-aur downloading...
 garuda downloading...
:: Starting full system upgrade...
resolving dependencies...
looking for conflicting packages...

Packages (2) ca-certificates-mozilla-3.89.1-1  perl-5.36.1-1

Total Installed Size:  60.67 MiB
Net Upgrade Size:      -0.08 MiB

:: Proceed with installation? [Y/n] 
checking keyring...
checking package integrity...
loading package files...
checking for file conflicts...
checking available disk space...
:: Processing package changes...
upgrading ca-certificates-mozilla...
upgrading perl...
:: Running post-transaction hooks...
(1/3) Arming ConditionNeedsUpdate...
(2/3) Rebuilding certificate stores...
(3/3) Warn about old perl modules
resolving dependencies...
looking for conflicting packages...

Packages (24) cantarell-fonts-1:0.303.1-1  noto-fonts-20230501-1  noto-fonts-extra-20230501-1  ttf-croscore-20220810-2  ttf-fira-mono-2:3.206-4  ttf-fira-sans-1:4.301-2  ttf-inconsolata-1:3.000-3  ttf-merriweather-1:2.100-1  ttf-merriweather-sans-1.008-3  ttf-opensans-1.101-2  ttf-oswald-4.101-3  ttf-quintessential-1.001-6  ttf-roboto-2.138-4  ttf-signika-2.000-1  ttf-ubuntu-font-family-1:0.83-1  fonts-tlwg-0.7.3-1  opendesktop-fonts-1.4.2-6  otf-ipafont-003.03-8  ttf-baekmuk-2.2-13  ttf-google-fonts-git-1:r5266.8a4f7fbd4-1  ttf-hannom-2005-6  ttf-indic-otf-0.2-11  ttf-khmer-5.0-7  ttf-tibetan-machine-1.901-11

Total Installed Size:  2547.52 MiB

:: Proceed with installation? [Y/n] 
checking keyring...
checking package integrity...
loading package files...
checking for file conflicts...
checking available disk space...
:: Processing package changes...
installing fonts-tlwg...
installing noto-fonts...
Optional dependencies for noto-fonts
    noto-fonts-cjk: CJK characters
    noto-fonts-emoji: Emoji characters
    noto-fonts-extra: additional variants (condensed, semi-bold, extra-light) [pending]
installing noto-fonts-extra...
installing ttf-fira-sans...
installing ttf-fira-mono...
installing ttf-ubuntu-font-family...
installing ttf-croscore...
installing ttf-roboto...
installing ttf-inconsolata...
installing cantarell-fonts...
installing ttf-merriweather...
installing ttf-merriweather-sans...
installing ttf-opensans...
installing ttf-oswald...
installing ttf-quintessential...
installing ttf-signika...
installing ttf-google-fonts-git...
installing opendesktop-fonts...
installing otf-ipafont...
installing ttf-baekmuk...
installing ttf-hannom...
installing ttf-indic-otf...
installing ttf-khmer...
installing ttf-tibetan-machine...
/tmp/alpm_YlMTD7/.INSTALL: line 2: fc-cache: command not found
/tmp/alpm_YlMTD7/.INSTALL: line 3: mkfontscale: command not found
/tmp/alpm_YlMTD7/.INSTALL: line 4: mkfontdir: command not found
error: command failed to execute correctly
:: Running post-transaction hooks...
(1/1) Arming ConditionNeedsUpdate...
==> ERROR: A package has already been built. (use -f to overwrite)
umount: /var/cache/chaotic/routines/hourly/asian-fonts/machine/root/home/main-builder/pkgwork unmounted
umount: /var/cache/chaotic/routines/hourly/asian-fonts/machine/root/home/main-builder/.ccache unmounted
umount: /var/cache/chaotic/routines/hourly/asian-fonts/machine/root/home/main-builder/pkgsrc unmounted
umount: /var/cache/chaotic/routines/hourly/asian-fonts/machine/root/var/cache/pacman/pkg unmounted
umount: /var/cache/chaotic/routines/hourly/asian-fonts/machine/root/var/pkgdest unmounted
umount: /var/cache/chaotic/routines/hourly/asian-fonts/machine/root (overlay) unmounted

real	0m19.461s
user	0m7.811s
sys	0m10.565s
