Building package "bluetooth-support"
:: Synchronizing package databases...
 core downloading...
 extra downloading...
 community downloading...
 multilib downloading...
 chaotic-aur downloading...
 garuda downloading...
:: Starting full system upgrade...
resolving dependencies...
looking for conflicting packages...

Packages (2) ca-certificates-mozilla-3.89.1-1  perl-5.36.1-1

Total Installed Size:  60.67 MiB
Net Upgrade Size:      -0.08 MiB

:: Proceed with installation? [Y/n] 
checking keyring...
checking package integrity...
loading package files...
checking for file conflicts...
checking available disk space...
:: Processing package changes...
upgrading ca-certificates-mozilla...
upgrading perl...
:: Running post-transaction hooks...
(1/3) Arming ConditionNeedsUpdate...
(2/3) Rebuilding certificate stores...
(3/3) Warn about old perl modules
resolving dependencies...
looking for conflicting packages...

Packages (10) alsa-lib-1.2.8-1  alsa-topology-conf-1.2.5.1-3  alsa-ucm-conf-1.2.8-1  libical-3.0.16-4  bluez-5.66-1  bluez-hid2hci-5.66-1  bluez-libs-5.66-1  bluez-plugins-5.66-1  bluez-tools-0.2.0-5  bluez-utils-5.66-1

Total Installed Size:  17.10 MiB

:: Proceed with installation? [Y/n] 
checking keyring...
checking package integrity...
loading package files...
checking for file conflicts...
checking available disk space...
:: Processing package changes...
installing libical...
installing alsa-topology-conf...
installing alsa-ucm-conf...
installing alsa-lib...
installing bluez...
installing bluez-hid2hci...
installing bluez-libs...
installing bluez-plugins...
installing bluez-tools...
installing bluez-utils...
Optional dependencies for bluez-utils
    ell: for btpclient
:: Running post-transaction hooks...
(1/4) Reloading system manager configuration...
  Skipped: Current root is not booted.
(2/4) Reloading device manager configuration...
  Skipped: Device manager is not running.
(3/4) Arming ConditionNeedsUpdate...
(4/4) Reloading system bus configuration...
  Skipped: Current root is not booted.
==> ERROR: A package has already been built. (use -f to overwrite)
umount: /var/cache/chaotic/routines/hourly/bluetooth-support/machine/root/home/main-builder/pkgwork unmounted
umount: /var/cache/chaotic/routines/hourly/bluetooth-support/machine/root/home/main-builder/.ccache unmounted
umount: /var/cache/chaotic/routines/hourly/bluetooth-support/machine/root/home/main-builder/pkgsrc unmounted
umount: /var/cache/chaotic/routines/hourly/bluetooth-support/machine/root/var/cache/pacman/pkg unmounted
umount: /var/cache/chaotic/routines/hourly/bluetooth-support/machine/root/var/pkgdest unmounted
umount: /var/cache/chaotic/routines/hourly/bluetooth-support/machine/root (overlay) unmounted

real	0m7.213s
user	0m2.120s
sys	0m2.876s
