Building package "connman-support"
:: Synchronizing package databases...
 core downloading...
 extra downloading...
 community downloading...
 multilib downloading...
 chaotic-aur downloading...
 garuda downloading...
:: Starting full system upgrade...
resolving dependencies...
looking for conflicting packages...

Packages (2) ca-certificates-mozilla-3.89.1-1  perl-5.36.1-1

Total Installed Size:  60.67 MiB
Net Upgrade Size:      -0.08 MiB

:: Proceed with installation? [Y/n] 
checking keyring...
checking package integrity...
loading package files...
checking for file conflicts...
checking available disk space...
:: Processing package changes...
upgrading ca-certificates-mozilla...
upgrading perl...
:: Running post-transaction hooks...
(1/3) Arming ConditionNeedsUpdate...
(2/3) Rebuilding certificate stores...
(3/3) Warn about old perl modules
resolving dependencies...
:: There are 2 providers available for libpolkit-gobject-1.so=0-64:
:: Repository extra
   1) polkit
:: Repository chaotic-aur
   2) polkit-consolekit

Enter a number (default=1): 
looking for conflicting packages...

Packages (59) alsa-lib-1.2.8-1  alsa-topology-conf-1.2.5.1-3  alsa-ucm-conf-1.2.8-1  bluez-5.66-1  bluez-libs-5.66-1  dnssec-anchors-20190629-3  duktape-2.7.0-5  ell-0.56-1  ldns-1.8.3-2  libedit-20221030_3.1-1  libical-3.0.16-4  libice-1.1.1-2  libnsl-2.0.0-3  libproxy-0.4.18-3  libsm-1.2.4-1  libusb-1.0.26-2  libx11-1.8.4-1  libxau-1.0.11-2  libxcb-1.15-2  libxdmcp-1.1.4-2  libxext-1.3.5-1  libxmu-1.1.4-1  libxslt-1.1.37-3  libxt-1.3.0-1  lzo-2.10-5  nspr-4.35-1  nss-3.89.1-1  oath-toolkit-2.6.7-1  pcsclite-1.9.9-3  pkcs11-helper-1.29.0-2  polkit-122-1  ppp-2.4.9-3  pps-tools-1.0.3-1  python-3.11.3-1  stoken-0.92-4  tcl-8.6.13-1  vpnc-1:0.5.3.r526.r213-1  xcb-proto-1.15.2-3  xdg-utils-1.1.3+25+g8ae0263-1  xmlsec-1.2.37-1  xorg-xprop-1.2.6-1  xorg-xset-1.2.5-1  xorgproto-2022.2-1  connman-1.41-1  gpsd-3.25-2  iwd-2.4-2  mmsd-git-r648.f4b8b32-1.1  mobile-broadband-provider-info-20230416-1  neard-0.18-1.1  ofono-1.34-1.1  openconnect-1:9.01-2  openresolv-3.13.1-1  openssh-9.3p1-1  openvpn-2.6.3-1  pacrunner-0.19-2  pptpclient-1.10.0-3  rp-pppoe-3.15-2  usb_modeswitch-2.6.1-3  wireguard-tools-1.0.20210914-1

Total Installed Size:  159.16 MiB

:: Proceed with installation? [Y/n] 
checking keyring...
checking package integrity...
loading package files...
checking for file conflicts...
checking available disk space...
:: Processing package changes...
installing connman...
Optional dependencies for connman
    bluez: Support for Bluetooth devices [pending]
    wpa_supplicant: for WiFi devices
    pptpclient: for ppp support [pending]
    openvpn: for VPN Support [pending]
    iwd: for WiFi devices [pending]
installing libnsl...
installing python...
Optional dependencies for python
    python-setuptools
    python-pip
    sqlite [installed]
    mpdecimal: for decimal
    xz: for lzma [installed]
    tk: for tkinter
installing libusb...
installing bluez-libs...
installing pps-tools...
installing gpsd...
Optional dependencies for gpsd
    gtk3: GUI frontends
    php: generate a PHP status page for your GPS
    php-gd: image support for the PHP status page
    python-cairo: GUI frontends
    python-gobject: GUI frontends
    python-pyserial: GUI frontends
    qt5-base: for Qgpsmm
installing ell...
installing iwd...
Optional dependencies for iwd
    qrencode: for displaying QR code after DPP is started
installing mmsd-git...
installing mobile-broadband-provider-info...
installing neard...
installing libical...
installing alsa-topology-conf...
installing alsa-ucm-conf...
installing alsa-lib...
installing bluez...
installing ofono...
Optional dependencies for ofono
    phonesim
    mmsd [installed]
    upower
installing duktape...
installing libproxy...
Optional dependencies for libproxy
    networkmanager: NetworkManager configuration module
    perl: Perl bindings [installed]
    python: Python 3.x bindings [installed]
    libproxy-webkit: PAC proxy support (via WebKit)
    pacrunner: PAC proxy support (via pacrunner) [pending]
installing vpnc...
Optional dependencies for vpnc
    openresolv: Let vpnc manage resolv.conf [pending]
installing polkit...
installing pcsclite...
Optional dependencies for pcsclite
    python: API call trace logging with the pcsc-spy [installed]
    ccid: USB Chip/Smart Card Interface Devices driver
installing stoken...
Optional dependencies for stoken
    gtk3: required for stoken-gui
installing libxslt...
Optional dependencies for libxslt
    python: Python bindings [installed]
installing nspr...
installing nss...
installing xmlsec...
installing oath-toolkit...
installing xcb-proto...
installing xorgproto...
installing libxdmcp...
installing libxau...
installing libxcb...
installing libx11...
installing libxext...
installing libice...
installing libsm...
installing libxt...
installing libxmu...
installing xorg-xset...
installing xorg-xprop...
installing xdg-utils...
Optional dependencies for xdg-utils
    kde-cli-tools: for KDE Plasma5 support in xdg-open
    exo: for Xfce support in xdg-open
    pcmanfm: for LXDE support in xdg-open
    perl-file-mimeinfo: for generic support in xdg-open
    perl-net-dbus: Perl extension to dbus used in xdg-screensaver
    perl-x11-protocol: Perl X11 protocol used in xdg-screensaver
installing openconnect...
Optional dependencies for openconnect
    python: tncc-wrapper [installed]
installing openresolv...
installing dnssec-anchors...
installing ldns...
Optional dependencies for ldns
    libpcap: ldns-dpa tool [installed]
installing libedit...
installing openssh...
Optional dependencies for openssh
    libfido2: FIDO/U2F support
    x11-ssh-askpass: input passphrase in X
    xorg-xauth: X11 forwarding
installing lzo...
installing pkcs11-helper...
installing openvpn...
Optional dependencies for openvpn
    easy-rsa: easy CA and certificate handling
    pam: authenticate via PAM [installed]
installing pacrunner...
installing ppp...
installing pptpclient...
installing rp-pppoe...
>>> The kernel-mode plugin has a new place.
>>> It's now located under /usr/lib/rp-pppoe/rp-pppoe.so
>>> Change LINUX_PLUGIN to the new path in your /etc/ppp/pppoe.conf
installing tcl...
installing usb_modeswitch...
installing wireguard-tools...
Optional dependencies for wireguard-tools
    openresolv: for DNS functionality [installed]
    sudo: elevate privileges [installed]
:: Running post-transaction hooks...
(1/7) Creating system user accounts...
Creating group 'openvpn' with GID 974.
Creating user 'openvpn' (OpenVPN) with UID 974 and GID 974.
Creating group 'polkitd' with GID 102.
Creating user 'polkitd' (PolicyKit daemon) with UID 102 and GID 102.
(2/7) Reloading system manager configuration...
  Skipped: Current root is not booted.
(3/7) Creating temporary files...
(4/7) Reloading device manager configuration...
  Skipped: Device manager is not running.
(5/7) Arming ConditionNeedsUpdate...
(6/7) Reloading system bus configuration...
  Skipped: Current root is not booted.
(7/7) Warn about old perl modules
==> ERROR: A package has already been built. (use -f to overwrite)
umount: /var/cache/chaotic/routines/hourly/connman-support/machine/root/home/main-builder/pkgwork unmounted
umount: /var/cache/chaotic/routines/hourly/connman-support/machine/root/home/main-builder/.ccache unmounted
umount: /var/cache/chaotic/routines/hourly/connman-support/machine/root/home/main-builder/pkgsrc unmounted
umount: /var/cache/chaotic/routines/hourly/connman-support/machine/root/var/cache/pacman/pkg unmounted
umount: /var/cache/chaotic/routines/hourly/connman-support/machine/root/var/pkgdest unmounted
umount: /var/cache/chaotic/routines/hourly/connman-support/machine/root (overlay) unmounted

real	0m10.507s
user	0m3.203s
sys	0m5.858s
