Building package "firefox-bin"
:: Synchronizing package databases...
 core downloading...
 extra downloading...
 community downloading...
 multilib downloading...
 chaotic-aur downloading...
 garuda downloading...
:: Starting full system upgrade...
resolving dependencies...
looking for conflicting packages...

Packages (1) libbpf-1.1.0-1

Total Installed Size:  0.72 MiB
Net Upgrade Size:      0.02 MiB

:: Proceed with installation? [Y/n] 
checking keyring...
checking package integrity...
loading package files...
checking for file conflicts...
checking available disk space...
:: Processing package changes...
upgrading libbpf...
:: Running post-transaction hooks...
(1/1) Arming ConditionNeedsUpdate...
:: There are 9 providers available for ttf-font:
:: Repository extra
   1) gnu-free-fonts  2) noto-fonts  3) ttf-bitstream-vera  4) ttf-croscore
:: Repository community
   5) ttf-dejavu  6) ttf-droid  7) ttf-ibm-plex  8) ttf-liberation
:: Repository chaotic-aur
   9) ttf-ms-fonts

Enter a number (default=1): 
resolving dependencies...
:: There are 2 providers available for libegl:
:: Repository extra
   1) libglvnd
:: Repository chaotic-aur
   2) libglvnd-git

Enter a number (default=1): 
looking for conflicting packages...
warning: dependency cycle detected:
warning: harfbuzz will be installed before its freetype2 dependency
warning: dependency cycle detected:
warning: mesa will be installed before its libglvnd dependency

Packages (84) adobe-source-code-pro-fonts-2.038ro+1.058it+1.018var-1  adwaita-cursors-43-2  adwaita-icon-theme-43-2  at-spi2-core-2.46.0-2  avahi-0.8+22+gfd482a7-3  cairo-1.17.8-2  cantarell-fonts-1:0.303.1-1  dconf-0.40.0-2  default-cursors-2-1  desktop-file-utils-0.26-2  duktape-2.7.0-5  fontconfig-2:2.14.2-1  freetype2-2.13.0-1  fribidi-1.0.12-1  gdk-pixbuf2-2.42.10-2  glib-networking-1:2.74.0-1  graphite-1:1.3.14-3  gsettings-desktop-schemas-43.0-1  gtk-update-icon-cache-1:4.10.0-2  harfbuzz-7.1.0-1  hicolor-icon-theme-0.17-3  iso-codes-4.13.0-1  json-glib-1.6.6-2  lcms2-2.15-1  libcloudproviders-0.3.1+r8+g3a229ee-1  libcolord-1.4.6-1  libcups-1:2.4.2-6  libdaemon-0.14-5  libdatrie-0.2.13-2  libdrm-2.4.115-1  libedit-20221030_3.1-1  libepoxy-1.5.10-1  libglvnd-1.6.0-1  libice-1.1.1-1  libjpeg-turbo-2.1.5.1-1  libomxil-bellagio-0.9.3-4  libpciaccess-0.17-1  libpng-1.6.39-1  libproxy-0.4.18-2  librsvg-2:2.55.1-1  libsm-1.2.4-1  libsoup3-3.2.2-1  libstemmer-2.2.0-2  libthai-0.1.29-2  libtiff-4.5.0-2  libunwind-1.6.2-2  libx11-1.8.4-1  libxau-1.0.11-1  libxcb-1.15-2  libxcomposite-0.4.6-1  libxcursor-1.2.1-3  libxdamage-1.1.6-1  libxdmcp-1.1.4-1  libxext-1.3.5-1  libxfixes-6.0.0-2  libxft-2.3.7-1  libxi-1.8-3  libxinerama-1.1.5-1  libxkbcommon-1.5.0-1  libxrandr-1.5.3-1  libxrender-0.9.11-1  libxshmfence-1.3.2-1  libxtst-1.2.4-1  libxxf86vm-1.1.5-1  llvm-libs-15.0.7-2  lm_sensors-1:3.6.0.r41.g31d1f125-2  lzo-2.10-5  mesa-22.3.6-1  nspr-4.35-1  pango-1:1.50.14-1  pixman-0.42.2-1  shared-mime-info-2.2+13+ga2ffb28-1  tracker3-3.4.2-2  vulkan-icd-loader-1.3.240-1  wayland-1.21.0-2  xcb-proto-1.15.2-2  xkeyboard-config-2.38-1  xorgproto-2022.2-1  dbus-glib-0.112-2  gnu-free-fonts-20120503-8  gtk3-1:3.24.37-1  libxt-1.2.1-1  mailcap-2.1.53-1  nss-3.88.1-1

Total Installed Size:  398.30 MiB

:: Proceed with installation? [Y/n] 
checking keyring...
checking package integrity...
loading package files...
checking for file conflicts...
checking available disk space...
:: Processing package changes...
installing hicolor-icon-theme...
installing libpng...
installing libjpeg-turbo...
Optional dependencies for libjpeg-turbo
    java-runtime>11: for TurboJPEG Java wrapper
installing libtiff...
Optional dependencies for libtiff
    freeglut: for using tiffgt
installing shared-mime-info...
installing gdk-pixbuf2...
Optional dependencies for gdk-pixbuf2
    libwmf: Load .wmf and .apm
    libopenraw: Load .dng, .cr2, .crw, .nef, .orf, .pef, .arw, .erf, .mrw, and .raf
    libavif: Load .avif
    libheif: Load .heif, .heic, and .avif
    libjxl: Load .jxl
    librsvg: Load .svg, .svgz, and .svg.gz [pending]
    webp-pixbuf-loader: Load .webp
installing graphite...
Optional dependencies for graphite
    graphite-docs: Documentation
installing harfbuzz...
Optional dependencies for harfbuzz
    harfbuzz-utils: utilities
installing freetype2...
installing fontconfig...
Creating fontconfig configuration...
Rebuilding fontconfig cache...
installing xcb-proto...
installing libxdmcp...
installing libxau...
installing libxcb...
installing xorgproto...
installing libx11...
installing libxext...
installing libxrender...
installing lzo...
installing pixman...
installing cairo...
installing fribidi...
installing libdatrie...
installing libthai...
installing libxft...
installing pango...
installing librsvg...
installing gtk-update-icon-cache...
installing adwaita-cursors...
installing adwaita-icon-theme...
installing libxfixes...
installing libxi...
installing libxtst...
installing at-spi2-core...
Optional dependencies for at-spi2-core
    dbus-broker: Alternative bus implementation
installing cantarell-fonts...
installing dconf...
installing desktop-file-utils...
installing iso-codes...
installing libcloudproviders...
installing lcms2...
installing libcolord...
installing libdaemon...
installing avahi...
Optional dependencies for avahi
    gtk3: avahi-discover, avahi-discover-standalone, bshell, bssh, bvnc [pending]
    qt5-base: qt5 bindings
    libevent: libevent bindings [installed]
    nss-mdns: NSS support for mDNS
    python-twisted: avahi-bookmarks
    python-gobject: avahi-bookmarks, avahi-discover
    python-dbus: avahi-bookmarks, avahi-discover
installing libcups...
installing libpciaccess...
installing libdrm...
installing default-cursors...
Optional dependencies for default-cursors
    adwaita-cursors: default cursor theme [installed]
installing wayland...
installing libxxf86vm...
installing libxdamage...
installing libxshmfence...
installing libomxil-bellagio...
installing libunwind...
installing libedit...
installing llvm-libs...
installing lm_sensors...
Optional dependencies for lm_sensors
    rrdtool: for logging with sensord
    perl: for sensor detection and configuration convert [installed]
installing vulkan-icd-loader...
Optional dependencies for vulkan-icd-loader
    vulkan-driver: packaged vulkan driver
installing mesa...
Optional dependencies for mesa
    opengl-man-pages: for the OpenGL API man pages
    mesa-vdpau: for accelerated video playback
    libva-mesa-driver: for accelerated video playback
installing libglvnd...
installing libepoxy...
installing libxcomposite...
installing libxcursor...
installing libxinerama...
installing xkeyboard-config...
installing libxkbcommon...
Optional dependencies for libxkbcommon
    libxkbcommon-x11: xkbcli interactive-x11
    wayland: xkbcli interactive-wayland [installed]
installing libxrandr...
installing json-glib...
installing duktape...
installing libproxy...
Optional dependencies for libproxy
    networkmanager: NetworkManager configuration module
    perl: Perl bindings [installed]
    python: Python 3.x bindings
    libproxy-webkit: PAC proxy support (via WebKit)
    pacrunner: PAC proxy support (via pacrunner)
installing adobe-source-code-pro-fonts...
installing gsettings-desktop-schemas...
installing glib-networking...
installing libsoup3...
Optional dependencies for libsoup3
    samba: Windows Domain SSO
installing libstemmer...
installing tracker3...
Optional dependencies for tracker3
    libsoup: Alternative remoting backend
installing gtk3...
Optional dependencies for gtk3
    evince: Default print preview command
installing libice...
installing libsm...
installing libxt...
installing mailcap...
installing dbus-glib...
installing nspr...
installing nss...
installing gnu-free-fonts...
:: Running post-transaction hooks...
( 1/14) Creating system user accounts...
Creating group 'avahi' with GID 974.
Creating user 'avahi' (Avahi mDNS/DNS-SD daemon) with UID 974 and GID 974.
( 2/14) Reloading system manager configuration...
  Skipped: Current root is not booted.
( 3/14) Arming ConditionNeedsUpdate...
( 4/14) Updating the MIME type database...
( 5/14) Updating fontconfig configuration...
( 6/14) Reloading system bus configuration...
  Skipped: Current root is not booted.
( 7/14) Warn about old perl modules
( 8/14) Updating fontconfig cache...
( 9/14) Probing GDK-Pixbuf loader modules...
(10/14) Updating GIO module cache...
(11/14) Compiling GSettings XML schema files...
(12/14) Probing GTK3 input method modules...
(13/14) Updating icon theme caches...
(14/14) Updating the desktop file MIME type cache...
==> Making package: firefox-bin 110.0.1-1 (Wed 08 Mar 2023 02:07:39 AM CET)
==> Checking runtime dependencies...
==> Checking buildtime dependencies...
==> Retrieving sources...
  -> Downloading firefox-110.0.1.tar.bz2...
  % Total    % Received % Xferd  Average Speed   Time    Time     Time  Current
                                 Dload  Upload   Total   Spent    Left  Speed
  0     0    0     0    0     0      0      0 --:--:-- --:--:-- --:--:--     0  0     0    0     0    0     0      0      0 --:--:-- --:--:-- --:--:--     0 99 75.7M   99 75.7M    0     0  62.2M      0  0:00:01  0:00:01 --:--:-- 62.2M100 75.7M  100 75.7M    0     0  62.2M      0  0:00:01  0:00:01 --:--:-- 62.2M
  -> Found firefox.sh
  -> Found firefox.desktop
==> WARNING: Skipping verification of source file PGP signatures.
==> Validating source files with sha256sums...
    firefox-110.0.1.tar.bz2 ... Passed
    firefox.sh ... Passed
    firefox.desktop ... Passed
==> Extracting sources...
  -> Extracting firefox-110.0.1.tar.bz2 with bsdtar
==> Entering fakeroot environment...
==> Starting package()...
==> Tidying install...
  -> Removing libtool files...
  -> Purging unwanted files...
  -> Removing static library files...
  -> Stripping unneeded symbols from binaries and libraries...
  -> Compressing man and info pages...
==> Checking for packaging issues...
==> Creating package "firefox-bin"...
  -> Generating .PKGINFO file...
  -> Generating .BUILDINFO file...
  -> Generating .MTREE file...
  -> Compressing package...
==> Leaving fakeroot environment.
==> Finished making: firefox-bin 110.0.1-1 (Wed 08 Mar 2023 02:07:54 AM CET)
umount: /home/tne/garuda/firefox-bin/machine/root/home/main-builder/pkgwork unmounted
umount: /home/tne/garuda/firefox-bin/machine/root/home/main-builder/.ccache unmounted
umount: /home/tne/garuda/firefox-bin/machine/root/home/main-builder/pkgsrc unmounted
umount: /home/tne/garuda/firefox-bin/machine/root/var/cache/pacman/pkg unmounted
umount: /home/tne/garuda/firefox-bin/machine/root/var/pkgdest unmounted
umount: /home/tne/garuda/firefox-bin/machine/root (overlay) unmounted

real	0m32.377s
user	0m14.047s
sys	0m11.829s
