Building package "garuda-tools-git"
:: Synchronizing package databases...
 core downloading...
 extra downloading...
 community downloading...
 multilib downloading...
 chaotic-aur downloading...
 garuda downloading...
:: Starting full system upgrade...
resolving dependencies...
looking for conflicting packages...

Packages (6) ca-certificates-mozilla-3.89.1-1  perl-5.36.1-1  perl-error-0.17029-4  perl-mailtools-2.21-6  perl-timedate-2.33-4  git-2.40.1-1

Total Installed Size:  98.63 MiB
Net Upgrade Size:      37.89 MiB

:: Proceed with installation? [Y/n] 
checking keyring...
checking package integrity...
loading package files...
checking for file conflicts...
checking available disk space...
:: Processing package changes...
upgrading perl...
installing perl-error...
installing perl-timedate...
installing perl-mailtools...
upgrading ca-certificates-mozilla...
installing git...
Optional dependencies for git
    tk: gitk and git gui
    perl-libwww: git svn
    perl-term-readkey: git svn and interactive.singlekey setting
    perl-io-socket-ssl: git send-email TLS support
    perl-authen-sasl: git send-email TLS support
    perl-mediawiki-api: git mediawiki support
    perl-datetime-format-iso8601: git mediawiki support
    perl-lwp-protocol-https: git mediawiki https support
    perl-cgi: gitweb (web interface) support
    python: git svn & git p4
    subversion: git svn
    org.freedesktop.secrets: keyring credential helper
    libsecret: libsecret credential helper [installed]
:: Running post-transaction hooks...
(1/5) Creating system user accounts...
Creating group 'git' with GID 974.
Creating user 'git' (git daemon user) with UID 974 and GID 974.
(2/5) Reloading system manager configuration...
  Skipped: Current root is not booted.
(3/5) Arming ConditionNeedsUpdate...
(4/5) Rebuilding certificate stores...
(5/5) Warn about old perl modules
warning: git-2.40.1-1 is up to date -- skipping
resolving dependencies...
looking for conflicting packages...

Packages (28) libxslt-1.1.37-3  openjade-1.3.2-7  opensp-1.5.2-10  perl-clone-0.46-1  perl-encode-locale-1.05-10  perl-file-listing-6.15-2  perl-html-parser-3.81-1  perl-html-tagset-3.20-13  perl-http-cookies-6.10-3  perl-http-daemon-6.16-1  perl-http-date-6.05-6  perl-http-message-6.44-1  perl-http-negotiate-6.01-11  perl-io-html-1.004-3  perl-libwww-6.67-1  perl-lwp-mediatypes-6.04-3  perl-net-http-6.22-2  perl-sgmls-1:1.1-9  perl-try-tiny-0.31-2  perl-uri-5.17-1  perl-www-robotrules-6.02-11  perl-xml-namespacesupport-1.12-5  perl-xml-parser-2.46-4  perl-xml-sax-1.02-1  perl-xml-sax-base-1.09-5  perl-xml-sax-expat-0.51-7  sgml-common-0.6.3-8  docbook2x-0.8.8-18

Total Installed Size:  10.58 MiB

:: Proceed with installation? [Y/n] 
checking keyring...
checking package integrity...
loading package files...
checking for file conflicts...
checking available disk space...
:: Processing package changes...
installing perl-sgmls...
installing perl-encode-locale...
installing perl-http-date...
installing perl-file-listing...
installing perl-html-tagset...
installing perl-clone...
installing perl-io-html...
installing perl-lwp-mediatypes...
installing perl-uri...
installing perl-http-message...
installing perl-html-parser...
installing perl-http-cookies...
installing perl-http-daemon...
installing perl-http-negotiate...
installing perl-net-http...
installing perl-try-tiny...
installing perl-www-robotrules...
installing perl-libwww...
Optional dependencies for perl-libwww
    perl-lwp-protocol-https: for https:// url schemes
installing perl-xml-parser...
installing perl-xml-sax-base...
installing perl-xml-namespacesupport...
installing perl-xml-sax...
installing libxslt...
Optional dependencies for libxslt
    python: Python bindings
installing sgml-common...
installing opensp...
installing openjade...
installing perl-xml-sax-expat...
installing docbook2x...
:: Running post-transaction hooks...
(1/3) Arming ConditionNeedsUpdate...
(2/3) Warn about old perl modules
(3/3) Updating the info directory file...
==> Making package: garuda-tools-git r189.ccaa8c5-2 (Sun 07 May 2023 08:18:38 PM CEST)
==> Checking runtime dependencies...
==> Checking buildtime dependencies...
==> Retrieving sources...
  -> Updating garuda-tools git repo...
==> WARNING: Skipping verification of source file PGP signatures.
==> Validating source files with sha256sums...
    garuda-tools ... Skipped
==> Extracting sources...
  -> Creating working copy of garuda-tools git repo...
Cloning into 'garuda-tools'...
done.
Switched to a new branch 'makepkg'
==> Starting prepare()...
==> Starting pkgver()...
==> Updated version: garuda-tools-git r197.0d24be9-1
==> ERROR: The package group has already been built. (use -f to overwrite)
umount: /var/cache/chaotic/routines/hourly/garuda-tools-git/machine/root/home/main-builder/pkgwork unmounted
umount: /var/cache/chaotic/routines/hourly/garuda-tools-git/machine/root/home/main-builder/.ccache unmounted
umount: /var/cache/chaotic/routines/hourly/garuda-tools-git/machine/root/home/main-builder/pkgsrc unmounted
umount: /var/cache/chaotic/routines/hourly/garuda-tools-git/machine/root/var/cache/pacman/pkg unmounted
umount: /var/cache/chaotic/routines/hourly/garuda-tools-git/machine/root/var/pkgdest unmounted
umount: /var/cache/chaotic/routines/hourly/garuda-tools-git/machine/root (overlay) unmounted

real	0m12.624s
user	0m4.767s
sys	0m6.462s
