Building package "garuda-i3-settings"
:: Synchronizing package databases...
 core downloading...
 extra downloading...
 community downloading...
 multilib downloading...
 chaotic-aur downloading...
 garuda downloading...
:: Starting full system upgrade...
resolving dependencies...
looking for conflicting packages...

Packages (2) ca-certificates-mozilla-3.89.1-1  perl-5.36.1-1

Total Installed Size:  60.67 MiB
Net Upgrade Size:      -0.08 MiB

:: Proceed with installation? [Y/n] 
checking keyring...
checking package integrity...
loading package files...
checking for file conflicts...
checking available disk space...
:: Processing package changes...
upgrading ca-certificates-mozilla...
upgrading perl...
:: Running post-transaction hooks...
(1/3) Arming ConditionNeedsUpdate...
(2/3) Rebuilding certificate stores...
(3/3) Warn about old perl modules
resolving dependencies...
looking for conflicting packages...

Packages (40) avahi-0.8+22+gfd482a7-4  bash-completion-2.11-3  btrfsmaintenance-0.5-2  expect-5.45.4-4  find-the-command-git-2.0.1.r0.gfecba1a-1.1  garuda-bash-config-1.0.3-1  garuda-hooks-2.10.1-1  garuda-icons-r38.be2c9ae-1  garuda-libs-1.4.1-1  garuda-migrations-2.3.1-1  garuda-starship-prompt-1.0.3-1  garuda-update-2.5.2-1  garuda-wallpapers-r85.f5daed8-1  gdk-pixbuf2-2.42.10-2  grub-2:2.06.r499.ge67a551a4-1  kernel-modules-hook-0.1.7-2  libdaemon-0.14-5  libjpeg-turbo-2.1.5.1-1  libnotify-0.8.2-1  libpng-1.6.39-1  libtiff-4.5.0-3  noto-color-emoji-fontconfig-1.0.0-1  noto-fonts-emoji-20220920-1  nss-mdns-0.15.1-1  pacman-contrib-1.9.0-1  perl-error-0.17029-4  perl-mailtools-2.21-6  perl-timedate-2.33-4  profile-sync-daemon-1:6.48-1  rsync-3.2.7-4  shared-mime-info-2.2+13+ga2ffb28-1  starship-1.14.2-1  systemd-oomd-defaults-251.5-1.1  tcl-8.6.13-1  update-grub-0.0.1-7.1  wget-1.21.3-1  xxhash-0.8.1-4  zram-generator-1.1.2-1  garuda-common-settings-2.6.16-1  git-2.40.1-1

Total Installed Size:  185.93 MiB

:: Proceed with installation? [Y/n] 
checking keyring...
checking package integrity...
loading package files...
checking for file conflicts...
checking available disk space...
:: Processing package changes...
installing btrfsmaintenance...
installing bash-completion...
installing find-the-command-git...
	>> To enable command-not-found hook for your shell
	>> source the proper file to your shell:

	>> for bash (~/.bashrc):
	source /usr/share/doc/find-the-command/ftc.bash
	>> for fish (~/.config/fish/config.fish):
	source /usr/share/doc/find-the-command/ftc.fish
	>> for zsh (~/.zshrc):
	source /usr/share/doc/find-the-command/ftc.zsh

	>> There are several options you can use when sourcing:
	  * askfirst    ask before searching the database for a command
	  * noprompt    disable installation prompt
	  * noupdate    disable "out of date" checks for db and files cache
	  * quiet       decrease verbosity
	  * su		use su instead of sudo for root access
	>> Example:
	source /usr/share/doc/find-the-command/ftc.zsh noprompt quiet

	>> You may also want to enable timer for regular files database updates:
	>> When using pacman (and have package "pacman-contrib" installed):
	# systemctl enable pacman-filesdb-refresh.timer
	>> Or when using pkgfile
	# systemctl enable pkgfile-update.timer
Optional dependencies for find-the-command-git
    fzf: highly recommended for package selection and previews
    pacman-contrib: for weekly pacman-filesdb-refresh.timer [pending]
    pkgfile: provides faster searches than pacman
    sudo: helpful for privilege elevation [installed]
installing starship...
Optional dependencies for starship
    ttf-font-nerd: Nerd Font Symbols preset
installing garuda-starship-prompt...
installing garuda-bash-config...
installing pacman-contrib...
Optional dependencies for pacman-contrib
    diffutils: for pacdiff [installed]
    findutils: for pacdiff --find [installed]
    mlocate: for pacdiff --locate
    sudo: privilege elevation for several scripts [installed]
    vim: default merge program for pacdiff
installing libdaemon...
installing avahi...
Optional dependencies for avahi
    gtk3: avahi-discover, avahi-discover-standalone, bshell, bssh, bvnc
    qt5-base: qt5 bindings
    libevent: libevent bindings [installed]
    nss-mdns: NSS support for mDNS [pending]
    python-twisted: avahi-bookmarks
    python-gobject: avahi-bookmarks, avahi-discover
    python-dbus: avahi-bookmarks, avahi-discover
installing nss-mdns...
installing xxhash...
installing rsync...
Optional dependencies for rsync
    python: for rrsync
installing kernel-modules-hook...
installing grub...
:: Install your bootloader and generate configuration with:
     $ grub-install ...
     $ grub-mkconfig -o /boot/grub/grub.cfg
Optional dependencies for grub
    freetype2: For grub-mkfont usage
    fuse2: For grub-mount usage
    dosfstools: For grub-mkrescue FAT FS and EFI support
    lzop: For grub-mkrescue LZO support
    efibootmgr: For grub-install EFI support
    libisoburn: Provides xorriso for generating grub rescue iso using grub-mkrescue
    os-prober: To detect other OSes when generating grub.cfg in BIOS systems
    mtools: For grub-mkrescue FAT FS support
installing update-grub...
installing libpng...
installing libjpeg-turbo...
Optional dependencies for libjpeg-turbo
    java-runtime>11: for TurboJPEG Java wrapper
installing libtiff...
Optional dependencies for libtiff
    freeglut: for using tiffgt
installing shared-mime-info...
installing gdk-pixbuf2...
Optional dependencies for gdk-pixbuf2
    libwmf: Load .wmf and .apm
    libopenraw: Load .dng, .cr2, .crw, .nef, .orf, .pef, .arw, .erf, .mrw, and .raf
    libavif: Load .avif
    libheif: Load .heif, .heic, and .avif
    libjxl: Load .jxl
    librsvg: Load .svg, .svgz, and .svg.gz
    webp-pixbuf-loader: Load .webp
installing libnotify...
installing tcl...
installing expect...
installing garuda-libs...
Optional dependencies for garuda-libs
    alacritty
    lxterminal
    konsole
    gnome-terminal
    xfce4-terminal
    xterm
installing garuda-hooks...
Created symlink /etc/systemd/system/basic.target.wants/linux-modules-cleanup.service → /usr/lib/systemd/system/linux-modules-cleanup.service.
installing garuda-icons...
installing garuda-migrations...
installing wget...
Optional dependencies for wget
    ca-certificates: HTTPS downloads [installed]
installing garuda-update...
installing garuda-wallpapers...
installing profile-sync-daemon...
Optional dependencies for profile-sync-daemon
    zsh-completions: for completion when using zsh
installing zram-generator...
installing systemd-oomd-defaults...
installing noto-fonts-emoji...
installing noto-color-emoji-fontconfig...
installing garuda-common-settings...
Created symlink /etc/systemd/user/default.target.wants/psd.service → /usr/lib/systemd/user/psd.service.
Created symlink /etc/systemd/system/dbus-org.freedesktop.oom1.service → /usr/lib/systemd/system/systemd-oomd.service.
Created symlink /etc/systemd/system/multi-user.target.wants/systemd-oomd.service → /usr/lib/systemd/system/systemd-oomd.service.
Created symlink /etc/systemd/system/timers.target.wants/btrfs-balance.timer → /usr/lib/systemd/system/btrfs-balance.timer.
Created symlink /etc/systemd/system/timers.target.wants/btrfs-defrag.timer → /usr/lib/systemd/system/btrfs-defrag.timer.
Created symlink /etc/systemd/system/timers.target.wants/btrfs-scrub.timer → /usr/lib/systemd/system/btrfs-scrub.timer.
Created symlink /etc/systemd/system/timers.target.wants/btrfs-trim.timer → /usr/lib/systemd/system/btrfs-trim.timer.
Created symlink /etc/systemd/system/multi-user.target.wants/garuda-pacman-lock.service → /usr/lib/systemd/system/garuda-pacman-lock.service.
Created symlink /etc/systemd/system/multi-user.target.wants/garuda-pacman-snapshot-reject.service → /usr/lib/systemd/system/garuda-pacman-snapshot-reject.service.
Optional dependencies for garuda-common-settings
    garuda-browser-settings: Garuda Linux Browser settings
    performance-tweaks: Tuning for best performance
    powersave-tweaks: Tuning for lower power usage
    pacutils: Required for garuda-inxi funstuff
installing perl-error...
installing perl-timedate...
installing perl-mailtools...
installing git...
Optional dependencies for git
    tk: gitk and git gui
    perl-libwww: git svn
    perl-term-readkey: git svn and interactive.singlekey setting
    perl-io-socket-ssl: git send-email TLS support
    perl-authen-sasl: git send-email TLS support
    perl-mediawiki-api: git mediawiki support
    perl-datetime-format-iso8601: git mediawiki support
    perl-lwp-protocol-https: git mediawiki https support
    perl-cgi: gitweb (web interface) support
    python: git svn & git p4
    subversion: git svn
    org.freedesktop.secrets: keyring credential helper
    libsecret: libsecret credential helper [installed]
:: Running post-transaction hooks...
( 1/18) Applying Garuda Linux migrations...
sed: can't read /etc/updatedb.conf: No such file or directory
( 2/18) Enabling os-prober...
( 3/18) Creating system user accounts...
Creating group 'avahi' with GID 974.
Creating user 'avahi' (Avahi mDNS/DNS-SD daemon) with UID 974 and GID 974.
Creating group 'git' with GID 973.
Creating user 'git' (git daemon user) with UID 973 and GID 973.
( 4/18) Reloading system manager configuration...
  Skipped: Current root is not booted.
( 5/18) Applying kernel sysctl settings...
  Skipped: Current root is not booted.
( 6/18) Creating temporary files...
Failed to open file "/sys/module/zswap/parameters/enabled": Read-only file system
Failed to open file "/proc/sys/dev/hpet/max-user-freq": Read-only file system
Failed to open file "/sys/class/rtc/rtc0/max_user_freq": Read-only file system
error: command failed to execute correctly
( 7/18) Reloading device manager configuration...
  Skipped: Device manager is not running.
( 8/18) Arming ConditionNeedsUpdate...
( 9/18) Updating the MIME type database...
(10/18) Foreign/AUR package notification
=> No foreign/AUR packages found.
(11/18) Orphaned package notification...
garuda-common-settings 2.6.16-1
(12/18) Checking for .pacnew and .pacsave files...
(13/18) GRUB update after transactions...
/usr/bin/grub-probe: error: failed to get canonical path of `overlay'.
error: command failed to execute correctly
(14/18) Reloading system bus configuration...
  Skipped: Current root is not booted.
(15/18) Warn about old perl modules
(16/18) Updating Garuda specific hooks...
grep: /etc/lsb-release: No such file or directory
(17/18) Updating the info directory file...
(18/18) Syncing all file systems...
==> ERROR: A package has already been built. (use -f to overwrite)
umount: /var/cache/chaotic/routines/hourly/garuda-i3-settings/machine/root/home/main-builder/pkgwork unmounted
umount: /var/cache/chaotic/routines/hourly/garuda-i3-settings/machine/root/home/main-builder/.ccache unmounted
umount: /var/cache/chaotic/routines/hourly/garuda-i3-settings/machine/root/home/main-builder/pkgsrc unmounted
umount: /var/cache/chaotic/routines/hourly/garuda-i3-settings/machine/root/var/cache/pacman/pkg unmounted
umount: /var/cache/chaotic/routines/hourly/garuda-i3-settings/machine/root/var/pkgdest unmounted
umount: /var/cache/chaotic/routines/hourly/garuda-i3-settings/machine/root (overlay) unmounted

real	0m9.410s
user	0m3.712s
sys	0m5.030s
