Building package "garuda-update"
:: Synchronizing package databases...
 core downloading...
 extra downloading...
 community downloading...
 multilib downloading...
 chaotic-aur downloading...
 garuda downloading...
:: Starting full system upgrade...
resolving dependencies...
looking for conflicting packages...

Packages (2) ca-certificates-mozilla-3.89.1-1  perl-5.36.1-1

Total Installed Size:  60.67 MiB
Net Upgrade Size:      -0.08 MiB

:: Proceed with installation? [Y/n] 
checking keyring...
checking package integrity...
loading package files...
checking for file conflicts...
checking available disk space...
:: Processing package changes...
upgrading ca-certificates-mozilla...
upgrading perl...
:: Running post-transaction hooks...
(1/3) Arming ConditionNeedsUpdate...
(2/3) Rebuilding certificate stores...
(3/3) Warn about old perl modules
warning: coreutils-9.3-1 is up to date -- skipping
warning: sed-4.9-3 is up to date -- skipping
warning: gawk-5.2.1-2 is up to date -- skipping
warning: pacman-6.0.2-6 is up to date -- skipping
resolving dependencies...
looking for conflicting packages...

Packages (1) wget-1.21.3-1

Total Installed Size:  3.03 MiB

:: Proceed with installation? [Y/n] 
checking keyring...
checking package integrity...
loading package files...
checking for file conflicts...
checking available disk space...
:: Processing package changes...
installing wget...
Optional dependencies for wget
    ca-certificates: HTTPS downloads [installed]
:: Running post-transaction hooks...
(1/2) Arming ConditionNeedsUpdate...
(2/2) Updating the info directory file...
==> ERROR: A package has already been built. (use -f to overwrite)
umount: /var/cache/chaotic/routines/hourly/garuda-update/machine/root/home/main-builder/pkgwork unmounted
umount: /var/cache/chaotic/routines/hourly/garuda-update/machine/root/home/main-builder/.ccache unmounted
umount: /var/cache/chaotic/routines/hourly/garuda-update/machine/root/home/main-builder/pkgsrc unmounted
umount: /var/cache/chaotic/routines/hourly/garuda-update/machine/root/var/cache/pacman/pkg unmounted
umount: /var/cache/chaotic/routines/hourly/garuda-update/machine/root/var/pkgdest unmounted
umount: /var/cache/chaotic/routines/hourly/garuda-update/machine/root (overlay) unmounted

real	0m4.945s
user	0m1.895s
sys	0m2.381s
