Building package "garuda-fish-config"
:: Synchronizing package databases...
 core downloading...
 extra downloading...
 community downloading...
 multilib downloading...
 chaotic-aur downloading...
 garuda downloading...
:: Starting full system upgrade...
resolving dependencies...
looking for conflicting packages...

Packages (2) ca-certificates-mozilla-3.89.1-1  perl-5.36.1-1

Total Installed Size:  60.67 MiB
Net Upgrade Size:      -0.08 MiB

:: Proceed with installation? [Y/n] 
checking keyring...
checking package integrity...
loading package files...
checking for file conflicts...
checking available disk space...
:: Processing package changes...
upgrading ca-certificates-mozilla...
upgrading perl...
:: Running post-transaction hooks...
(1/3) Arming ConditionNeedsUpdate...
(2/3) Rebuilding certificate stores...
(3/3) Warn about old perl modules
resolving dependencies...
looking for conflicting packages...

Packages (20) http-parser-2.9.4-1  libgit2-1:1.6.4-1  oniguruma-6.9.8-1  pcre-8.45-3  perl-error-0.17029-4  perl-mailtools-2.21-6  perl-timedate-2.33-4  starship-1.14.2-1  bat-0.23.0-3  exa-0.10.1-7  expac-10-5  find-the-command-git-2.0.1.r0.gfecba1a-1.1  fish-3.6.1-1  fish-autopair-1.0.4-1  fzf-0.40.0-1  garuda-starship-prompt-1.0.3-1  git-2.40.1-1  pkgfile-21-2  tealdeer-1.6.1-1  ttf-fantasque-nerd-3.0.0-2

Total Installed Size:  104.88 MiB

:: Proceed with installation? [Y/n] 
checking keyring...
checking package integrity...
loading package files...
checking for file conflicts...
checking available disk space...
:: Processing package changes...
installing http-parser...
installing libgit2...
installing oniguruma...
installing bat...
installing exa...
installing expac...
installing find-the-command-git...
	>> To enable command-not-found hook for your shell
	>> source the proper file to your shell:

	>> for bash (~/.bashrc):
	source /usr/share/doc/find-the-command/ftc.bash
	>> for fish (~/.config/fish/config.fish):
	source /usr/share/doc/find-the-command/ftc.fish
	>> for zsh (~/.zshrc):
	source /usr/share/doc/find-the-command/ftc.zsh

	>> There are several options you can use when sourcing:
	  * askfirst    ask before searching the database for a command
	  * noprompt    disable installation prompt
	  * noupdate    disable "out of date" checks for db and files cache
	  * quiet       decrease verbosity
	  * su		use su instead of sudo for root access
	>> Example:
	source /usr/share/doc/find-the-command/ftc.zsh noprompt quiet

	>> You may also want to enable timer for regular files database updates:
	>> When using pacman (and have package "pacman-contrib" installed):
	# systemctl enable pacman-filesdb-refresh.timer
	>> Or when using pkgfile
	# systemctl enable pkgfile-update.timer
Optional dependencies for find-the-command-git
    fzf: highly recommended for package selection and previews [pending]
    pacman-contrib: for weekly pacman-filesdb-refresh.timer
    pkgfile: provides faster searches than pacman [pending]
    sudo: helpful for privilege elevation [installed]
installing fish...
Optional dependencies for fish
    python: man page completion parser / web config tool
    pkgfile: command-not-found hook [pending]
installing fish-autopair...
installing fzf...
Optional dependencies for fzf
    fish: fish keybindings [installed]
    tmux: fzf-tmux script for launching fzf in a tmux pane
    vim: plugin
    zsh: zsh keybindings
installing starship...
Optional dependencies for starship
    ttf-font-nerd: Nerd Font Symbols preset [pending]
installing garuda-starship-prompt...
installing ttf-fantasque-nerd...
installing pcre...
installing pkgfile...
==> Run 'pkgfile --update' to initialize the database
installing tealdeer...
installing perl-error...
installing perl-timedate...
installing perl-mailtools...
installing git...
Optional dependencies for git
    tk: gitk and git gui
    perl-libwww: git svn
    perl-term-readkey: git svn and interactive.singlekey setting
    perl-io-socket-ssl: git send-email TLS support
    perl-authen-sasl: git send-email TLS support
    perl-mediawiki-api: git mediawiki support
    perl-datetime-format-iso8601: git mediawiki support
    perl-lwp-protocol-https: git mediawiki https support
    perl-cgi: gitweb (web interface) support
    python: git svn & git p4
    subversion: git svn
    org.freedesktop.secrets: keyring credential helper
    libsecret: libsecret credential helper [installed]
:: Running post-transaction hooks...
(1/4) Creating system user accounts...
Creating group 'git' with GID 974.
Creating user 'git' (git daemon user) with UID 974 and GID 974.
(2/4) Reloading system manager configuration...
  Skipped: Current root is not booted.
(3/4) Arming ConditionNeedsUpdate...
(4/4) Warn about old perl modules
==> ERROR: A package has already been built. (use -f to overwrite)
umount: /var/cache/chaotic/routines/hourly/garuda-fish-config/machine/root/home/main-builder/pkgwork unmounted
umount: /var/cache/chaotic/routines/hourly/garuda-fish-config/machine/root/home/main-builder/.ccache unmounted
umount: /var/cache/chaotic/routines/hourly/garuda-fish-config/machine/root/home/main-builder/pkgsrc unmounted
umount: /var/cache/chaotic/routines/hourly/garuda-fish-config/machine/root/var/cache/pacman/pkg unmounted
umount: /var/cache/chaotic/routines/hourly/garuda-fish-config/machine/root/var/pkgdest unmounted
umount: /var/cache/chaotic/routines/hourly/garuda-fish-config/machine/root (overlay) unmounted

real	0m7.091s
user	0m2.479s
sys	0m3.670s
