Building package "garuda-bspwm-settings"
:: Synchronizing package databases...
 core downloading...
 extra downloading...
 community downloading...
 multilib downloading...
 chaotic-aur downloading...
 garuda downloading...
:: Starting full system upgrade...
resolving dependencies...
looking for conflicting packages...

Packages (2) ca-certificates-mozilla-3.89.1-1  perl-5.36.1-1

Total Installed Size:  60.67 MiB
Net Upgrade Size:      -0.08 MiB

:: Proceed with installation? [Y/n] 
checking keyring...
checking package integrity...
loading package files...
checking for file conflicts...
checking available disk space...
:: Processing package changes...
upgrading ca-certificates-mozilla...
upgrading perl...
:: Running post-transaction hooks...
(1/3) Arming ConditionNeedsUpdate...
(2/3) Rebuilding certificate stores...
(3/3) Warn about old perl modules
:: There are 2 providers available for kvantum-qt5:
:: Repository community
   1) kvantum
:: Repository chaotic-aur
   2) kvantum-git

Enter a number (default=1): warning: coreutils-9.3-1 is up to date -- skipping

resolving dependencies...
:: There are 2 providers available for libgl:
:: Repository extra
   1) libglvnd
:: Repository chaotic-aur
   2) libglvnd-git

Enter a number (default=1): 
looking for conflicting packages...
warning: dependency cycle detected:
warning: mesa will be installed before its libglvnd dependency
warning: dependency cycle detected:
warning: harfbuzz will be installed before its freetype2 dependency

Packages (126) avahi-0.8+22+gfd482a7-4  bash-completion-2.11-3  btrfsmaintenance-0.5-2  cairo-1.17.8-2  default-cursors-2-1  double-conversion-3.2.1-1  duktape-2.7.0-5  expect-5.45.4-4  find-the-command-git-2.0.1.r0.gfecba1a-1.1  fontconfig-2:2.14.2-1  freetype2-2.13.0-1  fribidi-1.0.12-1  garuda-bash-config-1.0.3-1  garuda-hooks-2.10.1-1  garuda-icons-r38.be2c9ae-1  garuda-libs-1.4.1-1  garuda-migrations-2.3.1-1  garuda-starship-prompt-1.0.3-1  garuda-update-2.5.2-1  garuda-wallpapers-r85.f5daed8-1  gdk-pixbuf2-2.42.10-2  graphite-1:1.3.14-3  grub-2:2.06.r499.ge67a551a4-1  gtk-update-icon-cache-1:4.10.3-1  harfbuzz-7.2.0-1  hicolor-icon-theme-0.17-3  kernel-modules-hook-0.1.7-2  kwindowsystem-5.105.0-1  libconfig-1.7.3-2  libcups-1:2.4.2-6  libdaemon-0.14-5  libdatrie-0.2.13-2  libdrm-2.4.115-1  libedit-20221030_3.1-1  libev-4.33-2  libevdev-1.13.1-1  libglvnd-1.6.0-1  libgudev-237-2  libice-1.1.1-2  libinput-1.23.0-1  libjpeg-turbo-2.1.5.1-1  libnotify-0.8.2-1  libomxil-bellagio-0.9.3-4  libpciaccess-0.17-1  libpng-1.6.39-1  libproxy-0.4.18-3  librsvg-2:2.56.0-1  libsm-1.2.4-1  libthai-0.1.29-2  libtiff-4.5.0-3  libunwind-1.6.2-2  libwacom-2.6.0-2  libx11-1.8.4-1  libxau-1.0.11-2  libxcb-1.15-2  libxdamage-1.1.6-1  libxdg-basedir-1.2.3-1  libxdmcp-1.1.4-2  libxext-1.3.5-1  libxfixes-6.0.1-1  libxft-2.3.8-1  libxi-1.8.1-1  libxkbcommon-1.5.0-1  libxkbcommon-x11-1.5.0-1  libxmu-1.1.4-1  libxrender-0.9.11-1  libxshmfence-1.3.2-1  libxt-1.3.0-1  libxxf86vm-1.1.5-1  llvm-libs-15.0.7-3  lm_sensors-1:3.6.0.r41.g31d1f125-2  lzo-2.10-5  md4c-0.4.8-1  mesa-23.0.3-1  mtdev-1.1.6-2  noto-color-emoji-fontconfig-1.0.0-1  noto-fonts-emoji-20220920-1  nss-mdns-0.15.1-1  pacman-contrib-1.9.0-1  pango-1:1.50.14-1  pcre-8.45-3  pixman-0.42.2-1  profile-sync-daemon-1:6.48-1  qt5-base-5.15.9+kde+r151-1  qt5-svg-5.15.9+kde+r8-1  qt5-translations-5.15.9-1  qt5-x11extras-5.15.9-1  rsync-3.2.7-4  shared-mime-info-2.2+13+ga2ffb28-1  starship-1.14.2-1  startup-notification-0.12-7  systemd-oomd-defaults-251.5-1.1  tcl-8.6.13-1  tslib-1.22-1  update-grub-0.0.1-7.1  vulkan-icd-loader-1.3.245-1  wayland-1.22.0-1  wget-1.21.3-1  xcb-proto-1.15.2-3  xcb-util-0.4.1-1  xcb-util-cursor-0.1.4-1  xcb-util-image-0.4.1-2  xcb-util-keysyms-0.4.1-4  xcb-util-renderutil-0.3.10-1  xcb-util-wm-0.4.2-1  xcb-util-xrm-1.3-2  xdg-utils-1.1.3+25+g8ae0263-1  xkeyboard-config-2.38-1  xorg-xprop-1.2.6-1  xorg-xset-1.2.5-1  xorgproto-2022.2-1  xxhash-0.8.1-4  zram-generator-1.1.2-1  bspwm-0.9.10-3  garuda-common-settings-2.6.16-1  kvantum-1.0.10-1  picom-ibhagwan-git-1578_Next.297.gc4107bb_2021.11.03-1.3  qt5ct-1.7-1  rofi-1.7.5-1  sxhkd-0.6.2-3  tela-circle-icon-theme-git-2023.04.16.r8.g58ea2c61-1  ttf-fantasque-nerd-3.0.0-2  whitesur-cursor-theme-git-r7.5c94e8c-1  whitesur-gtk-theme-git-2023.04.26.r5.g2bec74f-1  whitesur-kvantum-theme-git-r103.718c1b4-1.2  yaru-sound-theme-23.04.4-1

Total Installed Size:  928.25 MiB

:: Proceed with installation? [Y/n] 
checking keyring...
checking package integrity...
loading package files...
checking for file conflicts...
checking available disk space...
:: Processing package changes...
installing xcb-proto...
installing xorgproto...
installing libxdmcp...
installing libxau...
installing libxcb...
installing xcb-util...
installing xcb-util-wm...
installing xcb-util-keysyms...
installing bspwm...
Optional dependencies for bspwm
    sxhkd: to define keyboard and pointer bindings [pending]
    xdo: for the example panel
installing btrfsmaintenance...
installing bash-completion...
installing find-the-command-git...
	>> To enable command-not-found hook for your shell
	>> source the proper file to your shell:

	>> for bash (~/.bashrc):
	source /usr/share/doc/find-the-command/ftc.bash
	>> for fish (~/.config/fish/config.fish):
	source /usr/share/doc/find-the-command/ftc.fish
	>> for zsh (~/.zshrc):
	source /usr/share/doc/find-the-command/ftc.zsh

	>> There are several options you can use when sourcing:
	  * askfirst    ask before searching the database for a command
	  * noprompt    disable installation prompt
	  * noupdate    disable "out of date" checks for db and files cache
	  * quiet       decrease verbosity
	  * su		use su instead of sudo for root access
	>> Example:
	source /usr/share/doc/find-the-command/ftc.zsh noprompt quiet

	>> You may also want to enable timer for regular files database updates:
	>> When using pacman (and have package "pacman-contrib" installed):
	# systemctl enable pacman-filesdb-refresh.timer
	>> Or when using pkgfile
	# systemctl enable pkgfile-update.timer
Optional dependencies for find-the-command-git
    fzf: highly recommended for package selection and previews
    pacman-contrib: for weekly pacman-filesdb-refresh.timer [pending]
    pkgfile: provides faster searches than pacman
    sudo: helpful for privilege elevation [installed]
installing starship...
Optional dependencies for starship
    ttf-font-nerd: Nerd Font Symbols preset [pending]
installing garuda-starship-prompt...
installing garuda-bash-config...
installing pacman-contrib...
Optional dependencies for pacman-contrib
    diffutils: for pacdiff [installed]
    findutils: for pacdiff --find [installed]
    mlocate: for pacdiff --locate
    sudo: privilege elevation for several scripts [installed]
    vim: default merge program for pacdiff
installing libdaemon...
installing avahi...
Optional dependencies for avahi
    gtk3: avahi-discover, avahi-discover-standalone, bshell, bssh, bvnc
    qt5-base: qt5 bindings [pending]
    libevent: libevent bindings [installed]
    nss-mdns: NSS support for mDNS [pending]
    python-twisted: avahi-bookmarks
    python-gobject: avahi-bookmarks, avahi-discover
    python-dbus: avahi-bookmarks, avahi-discover
installing nss-mdns...
installing xxhash...
installing rsync...
Optional dependencies for rsync
    python: for rrsync
installing kernel-modules-hook...
installing grub...
:: Install your bootloader and generate configuration with:
     $ grub-install ...
     $ grub-mkconfig -o /boot/grub/grub.cfg
Optional dependencies for grub
    freetype2: For grub-mkfont usage [pending]
    fuse2: For grub-mount usage
    dosfstools: For grub-mkrescue FAT FS and EFI support
    lzop: For grub-mkrescue LZO support
    efibootmgr: For grub-install EFI support
    libisoburn: Provides xorriso for generating grub rescue iso using grub-mkrescue
    os-prober: To detect other OSes when generating grub.cfg in BIOS systems
    mtools: For grub-mkrescue FAT FS support
installing update-grub...
installing libpng...
installing libjpeg-turbo...
Optional dependencies for libjpeg-turbo
    java-runtime>11: for TurboJPEG Java wrapper
installing libtiff...
Optional dependencies for libtiff
    freeglut: for using tiffgt
installing shared-mime-info...
installing gdk-pixbuf2...
Optional dependencies for gdk-pixbuf2
    libwmf: Load .wmf and .apm
    libopenraw: Load .dng, .cr2, .crw, .nef, .orf, .pef, .arw, .erf, .mrw, and .raf
    libavif: Load .avif
    libheif: Load .heif, .heic, and .avif
    libjxl: Load .jxl
    librsvg: Load .svg, .svgz, and .svg.gz [pending]
    webp-pixbuf-loader: Load .webp
installing libnotify...
installing tcl...
installing expect...
installing garuda-libs...
Optional dependencies for garuda-libs
    alacritty
    lxterminal
    konsole
    gnome-terminal
    xfce4-terminal
    xterm
installing garuda-hooks...
Created symlink /etc/systemd/system/basic.target.wants/linux-modules-cleanup.service → /usr/lib/systemd/system/linux-modules-cleanup.service.
installing garuda-icons...
installing garuda-migrations...
installing wget...
Optional dependencies for wget
    ca-certificates: HTTPS downloads [installed]
installing garuda-update...
installing garuda-wallpapers...
installing profile-sync-daemon...
Optional dependencies for profile-sync-daemon
    zsh-completions: for completion when using zsh
installing zram-generator...
installing systemd-oomd-defaults...
installing noto-fonts-emoji...
installing noto-color-emoji-fontconfig...
installing garuda-common-settings...
Created symlink /etc/systemd/user/default.target.wants/psd.service → /usr/lib/systemd/user/psd.service.
Created symlink /etc/systemd/system/dbus-org.freedesktop.oom1.service → /usr/lib/systemd/system/systemd-oomd.service.
Created symlink /etc/systemd/system/multi-user.target.wants/systemd-oomd.service → /usr/lib/systemd/system/systemd-oomd.service.
Created symlink /etc/systemd/system/timers.target.wants/btrfs-balance.timer → /usr/lib/systemd/system/btrfs-balance.timer.
Created symlink /etc/systemd/system/timers.target.wants/btrfs-defrag.timer → /usr/lib/systemd/system/btrfs-defrag.timer.
Created symlink /etc/systemd/system/timers.target.wants/btrfs-scrub.timer → /usr/lib/systemd/system/btrfs-scrub.timer.
Created symlink /etc/systemd/system/timers.target.wants/btrfs-trim.timer → /usr/lib/systemd/system/btrfs-trim.timer.
Created symlink /etc/systemd/system/multi-user.target.wants/garuda-pacman-lock.service → /usr/lib/systemd/system/garuda-pacman-lock.service.
Created symlink /etc/systemd/system/multi-user.target.wants/garuda-pacman-snapshot-reject.service → /usr/lib/systemd/system/garuda-pacman-snapshot-reject.service.
Optional dependencies for garuda-common-settings
    garuda-browser-settings: Garuda Linux Browser settings
    performance-tweaks: Tuning for best performance
    powersave-tweaks: Tuning for lower power usage
    pacutils: Required for garuda-inxi funstuff
installing libx11...
installing libxext...
installing libpciaccess...
installing libdrm...
installing default-cursors...
Optional dependencies for default-cursors
    adwaita-cursors: default cursor theme
installing wayland...
installing libxxf86vm...
installing libxfixes...
installing libxdamage...
installing libxshmfence...
installing libomxil-bellagio...
installing libunwind...
installing libedit...
installing llvm-libs...
installing lm_sensors...
Optional dependencies for lm_sensors
    rrdtool: for logging with sensord
    perl: for sensor detection and configuration convert [installed]
installing vulkan-icd-loader...
Optional dependencies for vulkan-icd-loader
    vulkan-driver: packaged vulkan driver
installing mesa...
Optional dependencies for mesa
    opengl-man-pages: for the OpenGL API man pages
    mesa-vdpau: for accelerated video playback
    libva-mesa-driver: for accelerated video playback
installing libglvnd...
installing libev...
installing pcre...
installing xcb-util-renderutil...
installing xcb-util-image...
installing pixman...
installing libconfig...
installing hicolor-icon-theme...
installing libxdg-basedir...
installing picom-ibhagwan-git...
Optional dependencies for picom-ibhagwan-git
    dbus: To control picom via D-Bus [installed]
    xorg-xwininfo: For picom-trans
    xorg-xprop: For picom-trans [pending]
    python: For picom-convgen.py
installing startup-notification...
installing xkeyboard-config...
installing libxkbcommon...
Optional dependencies for libxkbcommon
    libxkbcommon-x11: xkbcli interactive-x11 [pending]
    wayland: xkbcli interactive-wayland [installed]
installing libxkbcommon-x11...
installing xcb-util-xrm...
installing graphite...
Optional dependencies for graphite
    graphite-docs: Documentation
installing harfbuzz...
Optional dependencies for harfbuzz
    harfbuzz-utils: utilities
installing freetype2...
installing fontconfig...
Creating fontconfig configuration...
Rebuilding fontconfig cache...
installing libxrender...
installing lzo...
installing cairo...
installing fribidi...
installing libdatrie...
installing libthai...
installing libxft...
installing pango...
installing librsvg...
installing xcb-util-cursor...
installing rofi...
Optional dependencies for rofi
    i3-wm: use as a window switcher
installing sxhkd...
installing gtk-update-icon-cache...
installing tela-circle-icon-theme-git...
installing whitesur-cursor-theme-git...
installing whitesur-gtk-theme-git...

Firefox theme
See /usr/share/doc/whitesur-gtk-theme/firefox/README.md

Optional dependencies for whitesur-gtk-theme-git
    gtk-engine-murrine: GTK2 theme support
    gtk-engines: GTK2 theme support
    whitesur-icon-theme-git: matching icon theme
    whitesur-cursor-theme-git: matching cursor theme [installed]
    whitesur-kvantum-theme: matching Kvantum theme [pending]
    gnome-shell-extension-dash-to-dock: recommended GNOME extension
    gnome-shell-extension-blur-my-shell: recommended GNOME extension
installing libice...
installing libsm...
installing libxt...
installing libxmu...
installing xorg-xset...
installing xorg-xprop...
installing xdg-utils...
Optional dependencies for xdg-utils
    kde-cli-tools: for KDE Plasma5 support in xdg-open
    exo: for Xfce support in xdg-open
    pcmanfm: for LXDE support in xdg-open
    perl-file-mimeinfo: for generic support in xdg-open
    perl-net-dbus: Perl extension to dbus used in xdg-screensaver
    perl-x11-protocol: Perl X11 protocol used in xdg-screensaver
installing libxi...
installing tslib...
installing mtdev...
installing libevdev...
installing libgudev...
installing libwacom...
Optional dependencies for libwacom
    python-libevdev: for libwacom-show-stylus
    python-pyudev: for libwacom-show-stylus
installing libinput...
Optional dependencies for libinput
    gtk4: libinput debug-gui
    python-pyudev: libinput measure
    python-libevdev: libinput measure
installing duktape...
installing libproxy...
Optional dependencies for libproxy
    networkmanager: NetworkManager configuration module
    perl: Perl bindings [installed]
    python: Python 3.x bindings
    libproxy-webkit: PAC proxy support (via WebKit)
    pacrunner: PAC proxy support (via pacrunner)
installing libcups...
installing double-conversion...
installing md4c...
installing qt5-translations...
installing qt5-base...
Optional dependencies for qt5-base
    qt5-svg: to use SVG icon themes [pending]
    qt5-wayland: to run Qt applications in a Wayland session
    postgresql-libs: PostgreSQL driver
    mariadb-libs: MariaDB driver
    unixodbc: ODBC driver
    libfbclient: Firebird/iBase driver
    freetds: MS SQL driver
    gtk3: GTK platform plugin
    perl: for fixqt4headers and syncqt [installed]
installing qt5-svg...
installing qt5-x11extras...
installing kwindowsystem...
installing kvantum...
Optional dependencies for kvantum
    qt6-svg: Qt6 style
installing whitesur-kvantum-theme-git...
installing yaru-sound-theme...
installing ttf-fantasque-nerd...
installing qt5ct...
:: Running post-transaction hooks...
( 1/23) Applying Garuda Linux migrations...
sed: can't read /etc/updatedb.conf: No such file or directory
( 2/23) Enabling os-prober...
( 3/23) Creating system user accounts...
Creating group 'avahi' with GID 974.
Creating user 'avahi' (Avahi mDNS/DNS-SD daemon) with UID 974 and GID 974.
( 4/23) Reloading system manager configuration...
  Skipped: Current root is not booted.
( 5/23) Updating udev hardware database...
( 6/23) Applying kernel sysctl settings...
  Skipped: Current root is not booted.
( 7/23) Creating temporary files...
Failed to open file "/sys/module/zswap/parameters/enabled": Read-only file system
Failed to open file "/proc/sys/dev/hpet/max-user-freq": Read-only file system
Failed to open file "/sys/class/rtc/rtc0/max_user_freq": Read-only file system
error: command failed to execute correctly
( 8/23) Reloading device manager configuration...
  Skipped: Device manager is not running.
( 9/23) Arming ConditionNeedsUpdate...
(10/23) Updating the MIME type database...
(11/23) Updating fontconfig configuration...
(12/23) Foreign/AUR package notification
=> No foreign/AUR packages found.
(13/23) Orphaned package notification...
bspwm 0.9.10-3
garuda-common-settings 2.6.16-1
picom-ibhagwan-git 1578_Next.297.gc4107bb_2021.11.03-1.3
qt5ct 1.7-1
rofi 1.7.5-1
tela-circle-icon-theme-git 2023.04.16.r8.g58ea2c61-1
whitesur-gtk-theme-git 2023.04.26.r5.g2bec74f-1
yaru-sound-theme 23.04.4-1
(14/23) Checking for .pacnew and .pacsave files...
(15/23) GRUB update after transactions...
/usr/bin/grub-probe: error: failed to get canonical path of `overlay'.
error: command failed to execute correctly
(16/23) Reloading system bus configuration...
  Skipped: Current root is not booted.
(17/23) Warn about old perl modules
(18/23) Updating fontconfig cache...
(19/23) Updating Garuda specific hooks...
grep: /etc/lsb-release: No such file or directory
(20/23) Probing GDK-Pixbuf loader modules...
(21/23) Updating icon theme caches...
(22/23) Updating the info directory file...
(23/23) Syncing all file systems...
==> ERROR: A package has already been built. (use -f to overwrite)
umount: /var/cache/chaotic/routines/hourly/garuda-bspwm-settings/machine/root/home/main-builder/pkgwork unmounted
umount: /var/cache/chaotic/routines/hourly/garuda-bspwm-settings/machine/root/home/main-builder/.ccache unmounted
umount: /var/cache/chaotic/routines/hourly/garuda-bspwm-settings/machine/root/home/main-builder/pkgsrc unmounted
umount: /var/cache/chaotic/routines/hourly/garuda-bspwm-settings/machine/root/var/cache/pacman/pkg unmounted
umount: /var/cache/chaotic/routines/hourly/garuda-bspwm-settings/machine/root/var/pkgdest unmounted
umount: /var/cache/chaotic/routines/hourly/garuda-bspwm-settings/machine/root (overlay) unmounted

real	2m33.382s
user	0m27.638s
sys	1m57.174s
