Building package "garuda-fastfetch-git"
:: Synchronizing package databases...
 core downloading...
 extra downloading...
 community downloading...
 multilib downloading...
 chaotic-aur downloading...
 garuda downloading...
:: Starting full system upgrade...
resolving dependencies...
looking for conflicting packages...

Packages (6) ca-certificates-mozilla-3.89.1-1  perl-5.36.1-1  perl-error-0.17029-4  perl-mailtools-2.21-6  perl-timedate-2.33-4  git-2.40.1-1

Total Installed Size:  98.63 MiB
Net Upgrade Size:      37.89 MiB

:: Proceed with installation? [Y/n] 
checking keyring...
checking package integrity...
loading package files...
checking for file conflicts...
checking available disk space...
:: Processing package changes...
upgrading perl...
installing perl-error...
installing perl-timedate...
installing perl-mailtools...
upgrading ca-certificates-mozilla...
installing git...
Optional dependencies for git
    tk: gitk and git gui
    perl-libwww: git svn
    perl-term-readkey: git svn and interactive.singlekey setting
    perl-io-socket-ssl: git send-email TLS support
    perl-authen-sasl: git send-email TLS support
    perl-mediawiki-api: git mediawiki support
    perl-datetime-format-iso8601: git mediawiki support
    perl-lwp-protocol-https: git mediawiki https support
    perl-cgi: gitweb (web interface) support
    python: git svn & git p4
    subversion: git svn
    org.freedesktop.secrets: keyring credential helper
    libsecret: libsecret credential helper [installed]
:: Running post-transaction hooks...
(1/5) Creating system user accounts...
Creating group 'git' with GID 974.
Creating user 'git' (git daemon user) with UID 974 and GID 974.
(2/5) Reloading system manager configuration...
  Skipped: Current root is not booted.
(3/5) Arming ConditionNeedsUpdate...
(4/5) Rebuilding certificate stores...
(5/5) Warn about old perl modules
warning: glibc-2.37-3 is up to date -- skipping
warning: git-2.40.1-1 is up to date -- skipping
warning: pciutils-3.10.0-1 is up to date -- skipping
warning: zlib-1:1.2.13-2 is up to date -- skipping
warning: dbus-1.14.6-2 is up to date -- skipping
resolving dependencies...
looking for conflicting packages...
warning: dependency cycle detected:
warning: harfbuzz will be installed before its freetype2 dependency
warning: dependency cycle detected:
warning: libglvnd will be installed before its mesa dependency

Packages (63) cairo-1.17.8-2  default-cursors-2-1  fontconfig-2:2.14.2-1  freetype2-2.13.0-1  fribidi-1.0.12-1  gdk-pixbuf2-2.42.10-2  giflib-5.2.1-2  graphite-1:1.3.14-3  harfbuzz-7.2.0-1  hicolor-icon-theme-0.17-3  jsoncpp-1.9.5-2  lcms2-2.15-1  libdatrie-0.2.13-2  libdrm-2.4.115-1  libedit-20221030_3.1-1  libglvnd-1.6.0-1  libjpeg-turbo-2.1.5.1-1  liblqr-0.4.2-3  libnsl-2.0.0-3  libomxil-bellagio-0.9.3-4  libpciaccess-0.17-1  libpng-1.6.39-1  libraqm-0.10.1-1  librsvg-2:2.56.0-1  libthai-0.1.29-2  libtiff-4.5.0-3  libunwind-1.6.2-2  libuv-1.44.2-1  libwebp-1.3.0-2  libx11-1.8.4-1  libxau-1.0.11-2  libxdamage-1.1.6-1  libxdmcp-1.1.4-2  libxext-1.3.5-1  libxfce4util-4.18.1-1  libxfixes-6.0.1-1  libxft-2.3.8-1  libxrender-0.9.11-1  libxshmfence-1.3.2-1  libxslt-1.1.37-3  libxxf86vm-1.1.5-1  llvm-libs-15.0.7-3  lm_sensors-1:3.6.0.r41.g31d1f125-2  lzo-2.10-5  pango-1:1.50.14-1  pixman-0.42.2-1  rhash-1.4.3-1  shared-mime-info-2.2+13+ga2ffb28-1  xcb-proto-1.15.2-3  xorgproto-2022.2-1  chafa-1.12.4-3  cmake-3.26.3-1  dconf-0.40.0-2  imagemagick-7.1.1.8-1  libxcb-1.15-2  libxrandr-1.5.3-1  mesa-23.0.3-1  ocl-icd-2.3.1-1  opencl-headers-2:2022.09.30-1  vulkan-headers-1:1.3.248-1  vulkan-icd-loader-1.3.245-1  wayland-1.22.0-1  xfconf-4.18.1-1

Total Installed Size:  396.02 MiB

:: Proceed with installation? [Y/n] 
checking keyring...
checking package integrity...
loading package files...
checking for file conflicts...
checking available disk space...
:: Processing package changes...
installing hicolor-icon-theme...
installing jsoncpp...
Optional dependencies for jsoncpp
    jsoncpp-doc: documentation
installing libnsl...
installing libuv...
installing rhash...
installing cmake...
Optional dependencies for cmake
    qt6-base: cmake-gui
installing vulkan-headers...
installing vulkan-icd-loader...
Optional dependencies for vulkan-icd-loader
    vulkan-driver: packaged vulkan driver
installing default-cursors...
Optional dependencies for default-cursors
    adwaita-cursors: default cursor theme
installing wayland...
installing xcb-proto...
installing xorgproto...
installing libxdmcp...
installing libxau...
installing libxcb...
installing libx11...
installing libxext...
installing libxrender...
installing libxrandr...
installing dconf...
installing libjpeg-turbo...
Optional dependencies for libjpeg-turbo
    java-runtime>11: for TurboJPEG Java wrapper
installing libtiff...
Optional dependencies for libtiff
    freeglut: for using tiffgt
installing lcms2...
installing graphite...
Optional dependencies for graphite
    graphite-docs: Documentation
installing harfbuzz...
Optional dependencies for harfbuzz
    harfbuzz-utils: utilities
installing libpng...
installing freetype2...
installing fontconfig...
Creating fontconfig configuration...
Rebuilding fontconfig cache...
installing liblqr...
installing fribidi...
installing libraqm...
installing imagemagick...
Optional dependencies for imagemagick
    ghostscript: PS/PDF support
    libheif: HEIF support
    libjxl: JPEG XL support
    libraw: DNG support
    librsvg: SVG support [pending]
    libwebp: WEBP support [pending]
    libwmf: WMF support
    libxml2: Magick Scripting Language [installed]
    libzip: OpenRaster support
    ocl-icd: OpenCL support [pending]
    openexr: OpenEXR support
    openjpeg2: JPEG2000 support
    djvulibre: DJVU support
    pango: Text rendering [pending]
installing lzo...
installing pixman...
installing cairo...
installing shared-mime-info...
installing gdk-pixbuf2...
Optional dependencies for gdk-pixbuf2
    libwmf: Load .wmf and .apm
    libopenraw: Load .dng, .cr2, .crw, .nef, .orf, .pef, .arw, .erf, .mrw, and .raf
    libavif: Load .avif
    libheif: Load .heif, .heic, and .avif
    libjxl: Load .jxl
    librsvg: Load .svg, .svgz, and .svg.gz [pending]
    webp-pixbuf-loader: Load .webp
installing libdatrie...
installing libthai...
installing libxft...
installing pango...
installing librsvg...
installing giflib...
installing libwebp...
installing libxslt...
Optional dependencies for libxslt
    python: Python bindings
installing chafa...
installing libxfce4util...
installing xfconf...
installing libpciaccess...
installing libdrm...
installing libxxf86vm...
installing libxfixes...
installing libxdamage...
installing libxshmfence...
installing libomxil-bellagio...
installing libunwind...
installing libedit...
installing llvm-libs...
installing lm_sensors...
Optional dependencies for lm_sensors
    rrdtool: for logging with sensord
    perl: for sensor detection and configuration convert [installed]
installing libglvnd...
installing mesa...
Optional dependencies for mesa
    opengl-man-pages: for the OpenGL API man pages
    mesa-vdpau: for accelerated video playback
    libva-mesa-driver: for accelerated video playback
installing opencl-headers...
Optional dependencies for opencl-headers
    opencl-clhpp: C++ support
installing ocl-icd...
Optional dependencies for ocl-icd
    opencl-driver: packaged opencl driver
:: Running post-transaction hooks...
(1/8) Reloading system manager configuration...
  Skipped: Current root is not booted.
(2/8) Arming ConditionNeedsUpdate...
(3/8) Updating the MIME type database...
(4/8) Updating fontconfig configuration...
(5/8) Warn about old perl modules
(6/8) Updating fontconfig cache...
(7/8) Probing GDK-Pixbuf loader modules...
(8/8) Updating GIO module cache...
==> Making package: garuda-fastfetch-git 1.7.1-1 (Sun 07 May 2023 07:23:55 PM CEST)
==> Checking runtime dependencies...
==> Checking buildtime dependencies...
==> Retrieving sources...
  -> Updating garuda-fastfetch-git git repo...
==> WARNING: Skipping verification of source file PGP signatures.
==> Validating source files with sha256sums...
    garuda-fastfetch-git ... Skipped
==> Extracting sources...
  -> Creating working copy of garuda-fastfetch-git git repo...
Cloning into 'garuda-fastfetch-git'...
done.
warning: remote HEAD refers to nonexistent ref, unable to checkout
==> Starting pkgver()...
fatal: ambiguous argument 'HEAD': unknown revision or path not in the working tree.
Use '--' to separate paths from revisions, like this:
'git <command> [<revision>...] -- [<file>...]'
fatal: Needed a single revision
==> Updated version: garuda-fastfetch-git r.-1
==> Starting build()...
CMake Error: The source directory "/home/main-builder/pkgwork/src/garuda-fastfetch-git" does not appear to contain CMakeLists.txt.
Specify --help for usage, or press the help button on the CMake GUI.
==> ERROR: A failure occurred in build().
    Aborting...
umount: /var/cache/chaotic/routines/hourly/garuda-fastfetch-git/machine/root/home/main-builder/pkgwork unmounted
umount: /var/cache/chaotic/routines/hourly/garuda-fastfetch-git/machine/root/home/main-builder/.ccache unmounted
umount: /var/cache/chaotic/routines/hourly/garuda-fastfetch-git/machine/root/home/main-builder/pkgsrc unmounted
umount: /var/cache/chaotic/routines/hourly/garuda-fastfetch-git/machine/root/var/cache/pacman/pkg unmounted
umount: /var/cache/chaotic/routines/hourly/garuda-fastfetch-git/machine/root/var/pkgdest unmounted
umount: /var/cache/chaotic/routines/hourly/garuda-fastfetch-git/machine/root (overlay) unmounted

real	0m17.349s
user	0m5.517s
sys	0m9.579s
