Building package "garuda-migrations"
:: Synchronizing package databases...
 core downloading...
 extra downloading...
 community downloading...
 multilib downloading...
 chaotic-aur downloading...
 garuda downloading...
:: Starting full system upgrade...
 there is nothing to do
warning: coreutils-9.3-1 is up to date -- skipping
warning: sed-4.9-3 is up to date -- skipping
warning: gawk-5.2.1-2 is up to date -- skipping
resolving dependencies...
looking for conflicting packages...

Packages (9) expect-5.45.4-4  gdk-pixbuf2-2.42.10-2  libjpeg-turbo-2.1.5.1-1  libnotify-0.8.2-1  libpng-1.6.39-1  libtiff-4.5.0-3  shared-mime-info-2.2+13+ga2ffb28-1  tcl-8.6.13-1  garuda-libs-1.4.1-1

Total Installed Size:  23.51 MiB

:: Proceed with installation? [Y/n] 
checking keyring...
checking package integrity...
loading package files...
checking for file conflicts...
checking available disk space...
:: Processing package changes...
installing libpng...
installing libjpeg-turbo...
Optional dependencies for libjpeg-turbo
    java-runtime>11: for TurboJPEG Java wrapper
installing libtiff...
Optional dependencies for libtiff
    freeglut: for using tiffgt
installing shared-mime-info...
installing gdk-pixbuf2...
Optional dependencies for gdk-pixbuf2
    libwmf: Load .wmf and .apm
    libopenraw: Load .dng, .cr2, .crw, .nef, .orf, .pef, .arw, .erf, .mrw, and .raf
    libavif: Load .avif
    libheif: Load .heif, .heic, and .avif
    libjxl: Load .jxl
    librsvg: Load .svg, .svgz, and .svg.gz
    webp-pixbuf-loader: Load .webp
installing libnotify...
installing tcl...
installing expect...
installing garuda-libs...
Optional dependencies for garuda-libs
    alacritty
    lxterminal
    konsole
    gnome-terminal
    xfce4-terminal
    xterm
:: Running post-transaction hooks...
(1/2) Arming ConditionNeedsUpdate...
(2/2) Updating the MIME type database...
==> ERROR: A package has already been built. (use -f to overwrite)
umount: /var/cache/chaotic/routines/hourly/garuda-migrations/machine/root/home/main-builder/pkgwork unmounted
umount: /var/cache/chaotic/routines/hourly/garuda-migrations/machine/root/home/main-builder/.ccache unmounted
umount: /var/cache/chaotic/routines/hourly/garuda-migrations/machine/root/home/main-builder/pkgsrc unmounted
umount: /var/cache/chaotic/routines/hourly/garuda-migrations/machine/root/var/cache/pacman/pkg unmounted
umount: /var/cache/chaotic/routines/hourly/garuda-migrations/machine/root/var/pkgdest unmounted
umount: /var/cache/chaotic/routines/hourly/garuda-migrations/machine/root (overlay) unmounted

real	0m4.361s
user	0m1.449s
sys	0m1.557s
