Building package "garuda-common-settings"
:: Synchronizing package databases...
 core downloading...
 extra downloading...
 community downloading...
 multilib downloading...
 chaotic-aur downloading...
 garuda downloading...
:: Starting full system upgrade...
 there is nothing to do
resolving dependencies...
looking for conflicting packages...

Packages (37) avahi-0.8+22+gfd482a7-4  bash-completion-2.11-3  duktape-2.7.0-5  expect-5.45.4-4  find-the-command-git-2.0.1.r0.gfecba1a-1.1  garuda-libs-1.4.1-1  garuda-starship-prompt-1.0.3-1  gdk-pixbuf2-2.42.10-2  grub-2:2.06.r499.ge67a551a4-1  kernel-modules-hook-0.1.7-2  libdaemon-0.14-5  libjpeg-turbo-2.1.5.1-1  libnotify-0.8.2-1  libpng-1.6.39-1  libtiff-4.5.0-3  noto-fonts-emoji-20220920-1  nss-mdns-0.15.1-1  pacman-contrib-1.9.0-1  rsync-3.2.7-4  shared-mime-info-2.2+13+ga2ffb28-1  starship-1.14.2-1  tcl-8.6.13-1  update-grub-0.0.1-7.1  wget-1.21.3-1  xxhash-0.8.1-4  btrfsmaintenance-0.5-2  garuda-bash-config-1.0.3-1  garuda-hooks-2.10.1-1  garuda-icons-r38.be2c9ae-1  garuda-migrations-2.3.1-1  garuda-update-2.5.2-1  garuda-wallpapers-r85.f5daed8-1  noto-color-emoji-fontconfig-1.0.0-1  polkit-122-1  profile-sync-daemon-1:6.48-1  systemd-oomd-defaults-251.5-1.1  zram-generator-1.1.2-1

Total Installed Size:  150.48 MiB

:: Proceed with installation? [Y/n] 
checking keyring...
checking package integrity...
loading package files...
checking for file conflicts...
checking available disk space...
:: Processing package changes...
installing btrfsmaintenance...
installing bash-completion...
installing find-the-command-git...
	>> To enable command-not-found hook for your shell
	>> source the proper file to your shell:

	>> for bash (~/.bashrc):
	source /usr/share/doc/find-the-command/ftc.bash
	>> for fish (~/.config/fish/config.fish):
	source /usr/share/doc/find-the-command/ftc.fish
	>> for zsh (~/.zshrc):
	source /usr/share/doc/find-the-command/ftc.zsh

	>> There are several options you can use when sourcing:
	  * askfirst    ask before searching the database for a command
	  * noprompt    disable installation prompt
	  * noupdate    disable "out of date" checks for db and files cache
	  * quiet       decrease verbosity
	  * su		use su instead of sudo for root access
	>> Example:
	source /usr/share/doc/find-the-command/ftc.zsh noprompt quiet

	>> You may also want to enable timer for regular files database updates:
	>> When using pacman (and have package "pacman-contrib" installed):
	# systemctl enable pacman-filesdb-refresh.timer
	>> Or when using pkgfile
	# systemctl enable pkgfile-update.timer
Optional dependencies for find-the-command-git
    fzf: highly recommended for package selection and previews
    pacman-contrib: for weekly pacman-filesdb-refresh.timer [pending]
    pkgfile: provides faster searches than pacman
    sudo: helpful for privilege elevation [installed]
installing starship...
Optional dependencies for starship
    ttf-font-nerd: Nerd Font Symbols preset
installing garuda-starship-prompt...
installing garuda-bash-config...
installing pacman-contrib...
Optional dependencies for pacman-contrib
    diffutils: for pacdiff [installed]
    findutils: for pacdiff --find [installed]
    mlocate: for pacdiff --locate
    sudo: privilege elevation for several scripts [installed]
    vim: default merge program for pacdiff
installing libdaemon...
installing avahi...
Optional dependencies for avahi
    gtk3: avahi-discover, avahi-discover-standalone, bshell, bssh, bvnc
    qt5-base: qt5 bindings
    libevent: libevent bindings [installed]
    nss-mdns: NSS support for mDNS [pending]
    python-twisted: avahi-bookmarks
    python-gobject: avahi-bookmarks, avahi-discover
    python-dbus: avahi-bookmarks, avahi-discover
installing nss-mdns...
installing xxhash...
installing rsync...
Optional dependencies for rsync
    python: for rrsync
installing kernel-modules-hook...
installing grub...
:: Install your bootloader and generate configuration with:
     $ grub-install ...
     $ grub-mkconfig -o /boot/grub/grub.cfg
Optional dependencies for grub
    freetype2: For grub-mkfont usage
    fuse2: For grub-mount usage
    dosfstools: For grub-mkrescue FAT FS and EFI support
    lzop: For grub-mkrescue LZO support
    efibootmgr: For grub-install EFI support
    libisoburn: Provides xorriso for generating grub rescue iso using grub-mkrescue
    os-prober: To detect other OSes when generating grub.cfg in BIOS systems
    mtools: For grub-mkrescue FAT FS support
installing update-grub...
installing libpng...
installing libjpeg-turbo...
Optional dependencies for libjpeg-turbo
    java-runtime>11: for TurboJPEG Java wrapper
installing libtiff...
Optional dependencies for libtiff
    freeglut: for using tiffgt
installing shared-mime-info...
installing gdk-pixbuf2...
Optional dependencies for gdk-pixbuf2
    libwmf: Load .wmf and .apm
    libopenraw: Load .dng, .cr2, .crw, .nef, .orf, .pef, .arw, .erf, .mrw, and .raf
    libavif: Load .avif
    libheif: Load .heif, .heic, and .avif
    libjxl: Load .jxl
    librsvg: Load .svg, .svgz, and .svg.gz
    webp-pixbuf-loader: Load .webp
installing libnotify...
installing tcl...
installing expect...
installing garuda-libs...
Optional dependencies for garuda-libs
    alacritty
    lxterminal
    konsole
    gnome-terminal
    xfce4-terminal
    xterm
installing garuda-hooks...
Created symlink /etc/systemd/system/basic.target.wants/linux-modules-cleanup.service → /usr/lib/systemd/system/linux-modules-cleanup.service.
installing garuda-icons...
installing garuda-migrations...
installing wget...
Optional dependencies for wget
    ca-certificates: HTTPS downloads [installed]
installing garuda-update...
installing garuda-wallpapers...
installing profile-sync-daemon...
Optional dependencies for profile-sync-daemon
    zsh-completions: for completion when using zsh
installing zram-generator...
installing systemd-oomd-defaults...
installing noto-fonts-emoji...
installing noto-color-emoji-fontconfig...
installing duktape...
installing polkit...
:: Running post-transaction hooks...
( 1/15) Applying Garuda Linux migrations...
sed: can't read /etc/updatedb.conf: No such file or directory
( 2/15) Enabling os-prober...
( 3/15) Creating system user accounts...
Creating group 'avahi' with GID 974.
Creating user 'avahi' (Avahi mDNS/DNS-SD daemon) with UID 974 and GID 974.
Creating group 'polkitd' with GID 102.
Creating user 'polkitd' (PolicyKit daemon) with UID 102 and GID 102.
( 4/15) Reloading system manager configuration...
  Skipped: Current root is not booted.
( 5/15) Creating temporary files...
( 6/15) Arming ConditionNeedsUpdate...
( 7/15) Updating the MIME type database...
( 8/15) Foreign/AUR package notification
=> No foreign/AUR packages found.
( 9/15) Orphaned package notification...
btrfsmaintenance 0.5-2
garuda-bash-config 1.0.3-1
garuda-hooks 2.10.1-1
garuda-icons r38.be2c9ae-1
garuda-migrations 2.3.1-1
garuda-update 2.5.2-1
garuda-wallpapers r85.f5daed8-1
noto-color-emoji-fontconfig 1.0.0-1
profile-sync-daemon 1:6.48-1
systemd-oomd-defaults 251.5-1.1
zram-generator 1.1.2-1
(10/15) Checking for .pacnew and .pacsave files...
(11/15) GRUB update after transactions...
/usr/bin/grub-probe: error: failed to get canonical path of `overlay'.
error: command failed to execute correctly
(12/15) Reloading system bus configuration...
  Skipped: Current root is not booted.
(13/15) Updating Garuda specific hooks...
grep: /etc/lsb-release: No such file or directory
(14/15) Updating the info directory file...
(15/15) Syncing all file systems...
==> ERROR: A package has already been built. (use -f to overwrite)
umount: /var/cache/chaotic/routines/hourly/garuda-common-settings/machine/root/home/main-builder/pkgwork unmounted
umount: /var/cache/chaotic/routines/hourly/garuda-common-settings/machine/root/home/main-builder/.ccache unmounted
umount: /var/cache/chaotic/routines/hourly/garuda-common-settings/machine/root/home/main-builder/pkgsrc unmounted
umount: /var/cache/chaotic/routines/hourly/garuda-common-settings/machine/root/var/cache/pacman/pkg unmounted
umount: /var/cache/chaotic/routines/hourly/garuda-common-settings/machine/root/var/pkgdest unmounted
umount: /var/cache/chaotic/routines/hourly/garuda-common-settings/machine/root (overlay) unmounted

real	0m6.478s
user	0m2.545s
sys	0m3.186s
