Building package "garuda-network-assistant-git"
:: Synchronizing package databases...
 core downloading...
 extra downloading...
 community downloading...
 multilib downloading...
 chaotic-aur downloading...
 garuda downloading...
:: Starting full system upgrade...
resolving dependencies...
looking for conflicting packages...

Packages (6) ca-certificates-mozilla-3.89.1-1  perl-5.36.1-1  perl-error-0.17029-4  perl-mailtools-2.21-6  perl-timedate-2.33-4  git-2.40.1-1

Total Installed Size:  98.63 MiB
Net Upgrade Size:      37.89 MiB

:: Proceed with installation? [Y/n] 
checking keyring...
checking package integrity...
loading package files...
checking for file conflicts...
checking available disk space...
:: Processing package changes...
upgrading perl...
installing perl-error...
installing perl-timedate...
installing perl-mailtools...
upgrading ca-certificates-mozilla...
installing git...
Optional dependencies for git
    tk: gitk and git gui
    perl-libwww: git svn
    perl-term-readkey: git svn and interactive.singlekey setting
    perl-io-socket-ssl: git send-email TLS support
    perl-authen-sasl: git send-email TLS support
    perl-mediawiki-api: git mediawiki support
    perl-datetime-format-iso8601: git mediawiki support
    perl-lwp-protocol-https: git mediawiki https support
    perl-cgi: gitweb (web interface) support
    python: git svn & git p4
    subversion: git svn
    org.freedesktop.secrets: keyring credential helper
    libsecret: libsecret credential helper [installed]
:: Running post-transaction hooks...
(1/5) Creating system user accounts...
Creating group 'git' with GID 974.
Creating user 'git' (git daemon user) with UID 974 and GID 974.
(2/5) Reloading system manager configuration...
  Skipped: Current root is not booted.
(3/5) Arming ConditionNeedsUpdate...
(4/5) Rebuilding certificate stores...
(5/5) Warn about old perl modules
warning: git-2.40.1-1 is up to date -- skipping
resolving dependencies...
:: There are 2 providers available for libgl:
:: Repository extra
   1) libglvnd
:: Repository chaotic-aur
   2) libglvnd-git

Enter a number (default=1): 
looking for conflicting packages...
warning: dependency cycle detected:
warning: mesa will be installed before its libglvnd dependency
warning: dependency cycle detected:
warning: harfbuzz will be installed before its freetype2 dependency

Packages (111) adobe-source-code-pro-fonts-2.042u+1.062i+1.026vf-1  adwaita-cursors-44.0-1  adwaita-icon-theme-44.0-1  at-spi2-core-2.48.0-2  avahi-0.8+22+gfd482a7-4  cairo-1.17.8-2  cantarell-fonts-1:0.303.1-1  dconf-0.40.0-2  default-cursors-2-1  desktop-file-utils-0.26-2  dnsmasq-2.89-1  double-conversion-3.2.1-1  duktape-2.7.0-5  fontconfig-2:2.14.2-1  freetype2-2.13.0-1  fribidi-1.0.12-1  gdk-pixbuf2-2.42.10-2  glib-networking-1:2.76.0-1  graphite-1:1.3.14-3  gsettings-desktop-schemas-44.0-1  gtk-update-icon-cache-1:4.10.3-1  gtk3-1:3.24.37-1  harfbuzz-7.2.0-1  hicolor-icon-theme-0.17-3  hostapd-2.10-2  iso-codes-4.15.0-1  iw-5.19-2  json-glib-1.6.6-2  lcms2-2.15-1  libcloudproviders-0.3.1+r8+g3a229ee-1  libcolord-1.4.6-1  libcups-1:2.4.2-6  libdaemon-0.14-5  libdatrie-0.2.13-2  libdrm-2.4.115-1  libedit-20221030_3.1-1  libepoxy-1.5.10-1  libevdev-1.13.1-1  libglvnd-1.6.0-1  libgudev-237-2  libice-1.1.1-2  libinput-1.23.0-1  libjpeg-turbo-2.1.5.1-1  libomxil-bellagio-0.9.3-4  libpciaccess-0.17-1  libpng-1.6.39-1  libproxy-0.4.18-3  librsvg-2:2.56.0-1  libsm-1.2.4-1  libsoup3-3.4.2-1  libstemmer-2.2.0-2  libthai-0.1.29-2  libtiff-4.5.0-3  libunwind-1.6.2-2  libwacom-2.6.0-2  libx11-1.8.4-1  libxau-1.0.11-2  libxcb-1.15-2  libxcomposite-0.4.6-1  libxcursor-1.2.1-3  libxdamage-1.1.6-1  libxdmcp-1.1.4-2  libxext-1.3.5-1  libxfixes-6.0.1-1  libxft-2.3.8-1  libxi-1.8.1-1  libxinerama-1.1.5-1  libxkbcommon-1.5.0-1  libxkbcommon-x11-1.5.0-1  libxmu-1.1.4-1  libxrandr-1.5.3-1  libxrender-0.9.11-1  libxshmfence-1.3.2-1  libxt-1.3.0-1  libxtst-1.2.4-1  libxxf86vm-1.1.5-1  llvm-libs-15.0.7-3  lm_sensors-1:3.6.0.r41.g31d1f125-2  lzo-2.10-5  md4c-0.4.8-1  mesa-23.0.3-1  mtdev-1.1.6-2  nftables-1:1.0.7-2  pango-1:1.50.14-1  pixman-0.42.2-1  qrencode-4.1.1-2  qt5-translations-5.15.9-1  shared-mime-info-2.2+13+ga2ffb28-1  tracker3-3.5.1-1  tslib-1.22-1  vulkan-icd-loader-1.3.245-1  wayland-1.22.0-1  xcb-proto-1.15.2-3  xcb-util-0.4.1-1  xcb-util-image-0.4.1-2  xcb-util-keysyms-0.4.1-4  xcb-util-renderutil-0.3.10-1  xcb-util-wm-0.4.2-1  xkeyboard-config-2.38-1  xorg-xprop-1.2.6-1  xorg-xset-1.2.5-1  xorgproto-2022.2-1  ethtool-1:6.2-1  linux-wifi-hotspot-4.4.0-1.3  net-tools-2.10-2  polkit-122-1  qt5-base-5.15.9+kde+r151-1  traceroute-2.1.2-1  wget-1.21.3-1  wireless_tools-30.pre9-3  xdg-utils-1.1.3+25+g8ae0263-1

Total Installed Size:  484.77 MiB

:: Proceed with installation? [Y/n] 
checking keyring...
checking package integrity...
loading package files...
checking for file conflicts...
checking available disk space...
:: Processing package changes...
installing libjpeg-turbo...
Optional dependencies for libjpeg-turbo
    java-runtime>11: for TurboJPEG Java wrapper
installing xcb-proto...
installing xorgproto...
installing libxdmcp...
installing libxau...
installing libxcb...
installing xcb-util-keysyms...
installing xcb-util-renderutil...
installing libx11...
installing libxext...
installing libpciaccess...
installing libdrm...
installing default-cursors...
Optional dependencies for default-cursors
    adwaita-cursors: default cursor theme [pending]
installing wayland...
installing libxxf86vm...
installing libxfixes...
installing libxdamage...
installing libxshmfence...
installing libomxil-bellagio...
installing libunwind...
installing libedit...
installing llvm-libs...
installing lm_sensors...
Optional dependencies for lm_sensors
    rrdtool: for logging with sensord
    perl: for sensor detection and configuration convert [installed]
installing vulkan-icd-loader...
Optional dependencies for vulkan-icd-loader
    vulkan-driver: packaged vulkan driver
installing mesa...
Optional dependencies for mesa
    opengl-man-pages: for the OpenGL API man pages
    mesa-vdpau: for accelerated video playback
    libva-mesa-driver: for accelerated video playback
installing libglvnd...
installing graphite...
Optional dependencies for graphite
    graphite-docs: Documentation
installing harfbuzz...
Optional dependencies for harfbuzz
    harfbuzz-utils: utilities
installing libpng...
installing freetype2...
installing fontconfig...
Creating fontconfig configuration...
Rebuilding fontconfig cache...
installing libice...
installing libsm...
installing libxt...
installing libxmu...
installing xorg-xset...
installing xorg-xprop...
installing xdg-utils...
Optional dependencies for xdg-utils
    kde-cli-tools: for KDE Plasma5 support in xdg-open
    exo: for Xfce support in xdg-open
    pcmanfm: for LXDE support in xdg-open
    perl-file-mimeinfo: for generic support in xdg-open
    perl-net-dbus: Perl extension to dbus used in xdg-screensaver
    perl-x11-protocol: Perl X11 protocol used in xdg-screensaver
installing shared-mime-info...
installing xcb-util-wm...
installing libxrender...
installing libxi...
installing xcb-util...
installing xcb-util-image...
installing tslib...
installing mtdev...
installing libevdev...
installing libgudev...
installing libwacom...
Optional dependencies for libwacom
    python-libevdev: for libwacom-show-stylus
    python-pyudev: for libwacom-show-stylus
installing libinput...
Optional dependencies for libinput
    gtk4: libinput debug-gui
    python-pyudev: libinput measure
    python-libevdev: libinput measure
installing xkeyboard-config...
installing libxkbcommon...
Optional dependencies for libxkbcommon
    libxkbcommon-x11: xkbcli interactive-x11 [pending]
    wayland: xkbcli interactive-wayland [installed]
installing libxkbcommon-x11...
installing duktape...
installing libproxy...
Optional dependencies for libproxy
    networkmanager: NetworkManager configuration module
    perl: Perl bindings [installed]
    python: Python 3.x bindings
    libproxy-webkit: PAC proxy support (via WebKit)
    pacrunner: PAC proxy support (via pacrunner)
installing libdaemon...
installing avahi...
Optional dependencies for avahi
    gtk3: avahi-discover, avahi-discover-standalone, bshell, bssh, bvnc [pending]
    qt5-base: qt5 bindings [pending]
    libevent: libevent bindings [installed]
    nss-mdns: NSS support for mDNS
    python-twisted: avahi-bookmarks
    python-gobject: avahi-bookmarks, avahi-discover
    python-dbus: avahi-bookmarks, avahi-discover
installing libcups...
installing double-conversion...
installing md4c...
installing qt5-translations...
installing qt5-base...
Optional dependencies for qt5-base
    qt5-svg: to use SVG icon themes
    qt5-wayland: to run Qt applications in a Wayland session
    postgresql-libs: PostgreSQL driver
    mariadb-libs: MariaDB driver
    unixodbc: ODBC driver
    libfbclient: Firebird/iBase driver
    freetds: MS SQL driver
    gtk3: GTK platform plugin [pending]
    perl: for fixqt4headers and syncqt [installed]
installing polkit...
installing wget...
Optional dependencies for wget
    ca-certificates: HTTPS downloads [installed]
installing net-tools...
installing nftables...
Optional dependencies for nftables
    python: Python bindings
installing dnsmasq...
installing hicolor-icon-theme...
installing libtiff...
Optional dependencies for libtiff
    freeglut: for using tiffgt
installing gdk-pixbuf2...
Optional dependencies for gdk-pixbuf2
    libwmf: Load .wmf and .apm
    libopenraw: Load .dng, .cr2, .crw, .nef, .orf, .pef, .arw, .erf, .mrw, and .raf
    libavif: Load .avif
    libheif: Load .heif, .heic, and .avif
    libjxl: Load .jxl
    librsvg: Load .svg, .svgz, and .svg.gz [pending]
    webp-pixbuf-loader: Load .webp
installing lzo...
installing pixman...
installing cairo...
installing fribidi...
installing libdatrie...
installing libthai...
installing libxft...
installing pango...
installing librsvg...
installing gtk-update-icon-cache...
installing adwaita-cursors...
installing adwaita-icon-theme...
installing adobe-source-code-pro-fonts...
installing cantarell-fonts...
installing dconf...
installing gsettings-desktop-schemas...
installing libxtst...
installing at-spi2-core...
Optional dependencies for at-spi2-core
    dbus-broker: Alternative bus implementation
installing desktop-file-utils...
installing iso-codes...
installing libcloudproviders...
installing lcms2...
installing libcolord...
installing libepoxy...
installing libxcomposite...
installing libxcursor...
installing libxinerama...
installing libxrandr...
installing json-glib...
installing glib-networking...
installing libsoup3...
Optional dependencies for libsoup3
    samba: Windows Domain SSO
installing libstemmer...
installing tracker3...
Optional dependencies for tracker3
    libsoup: Alternative remoting backend
installing gtk3...
Optional dependencies for gtk3
    evince: Default print preview command
installing hostapd...
installing iw...
installing qrencode...
installing linux-wifi-hotspot...
warning: directory permissions differ on /usr/share/polkit-1/rules.d/
filesystem: 750  package: 755

Start the hotspot service on startup (using your saved configuration) with:
systemctl enable --now create_ap

Optional dependencies for linux-wifi-hotspot
    haveged: For random MAC generation
    wireless_tools: if iw cannot recognize your adapter [pending]
    bash-completion: for bash completions
installing traceroute...
installing ethtool...
installing wireless_tools...
:: Running post-transaction hooks...
( 1/17) Creating system user accounts...
Creating group 'avahi' with GID 973.
Creating user 'avahi' (Avahi mDNS/DNS-SD daemon) with UID 973 and GID 973.
Creating group 'dnsmasq' with GID 972.
Creating user 'dnsmasq' (dnsmasq daemon) with UID 972 and GID 972.
Creating group 'polkitd' with GID 102.
Creating user 'polkitd' (PolicyKit daemon) with UID 102 and GID 102.
( 2/17) Reloading system manager configuration...
  Skipped: Current root is not booted.
( 3/17) Updating udev hardware database...
( 4/17) Reloading device manager configuration...
  Skipped: Device manager is not running.
( 5/17) Arming ConditionNeedsUpdate...
( 6/17) Updating the MIME type database...
( 7/17) Updating fontconfig configuration...
( 8/17) Reloading system bus configuration...
  Skipped: Current root is not booted.
( 9/17) Warn about old perl modules
(10/17) Updating fontconfig cache...
(11/17) Probing GDK-Pixbuf loader modules...
(12/17) Updating GIO module cache...
(13/17) Compiling GSettings XML schema files...
(14/17) Probing GTK3 input method modules...
(15/17) Updating icon theme caches...
(16/17) Updating the info directory file...
(17/17) Updating the desktop file MIME type cache...
==> Making package: garuda-network-assistant-git r6.14645c2-1 (Sun 07 May 2023 08:18:25 PM CEST)
==> Checking runtime dependencies...
==> Checking buildtime dependencies...
==> Retrieving sources...
  -> Updating garuda-network-assistant git repo...
==> WARNING: Skipping verification of source file PGP signatures.
==> Validating source files with md5sums...
    garuda-network-assistant ... Skipped
==> Extracting sources...
  -> Creating working copy of garuda-network-assistant git repo...
Cloning into 'garuda-network-assistant'...
done.
==> Starting pkgver()...
==> Updated version: garuda-network-assistant-git r33.a984702-1
==> ERROR: A package has already been built. (use -f to overwrite)
umount: /var/cache/chaotic/routines/hourly/garuda-network-assistant-git/machine/root/home/main-builder/pkgwork unmounted
umount: /var/cache/chaotic/routines/hourly/garuda-network-assistant-git/machine/root/home/main-builder/.ccache unmounted
umount: /var/cache/chaotic/routines/hourly/garuda-network-assistant-git/machine/root/home/main-builder/pkgsrc unmounted
umount: /var/cache/chaotic/routines/hourly/garuda-network-assistant-git/machine/root/var/cache/pacman/pkg unmounted
umount: /var/cache/chaotic/routines/hourly/garuda-network-assistant-git/machine/root/var/pkgdest unmounted
umount: /var/cache/chaotic/routines/hourly/garuda-network-assistant-git/machine/root (overlay) unmounted

real	0m16.817s
user	0m5.205s
sys	0m9.400s
