Building package "garuda-dr460nized-next"
:: Synchronizing package databases...
 core downloading...
 extra downloading...
 community downloading...
 multilib downloading...
 chaotic-aur downloading...
 garuda downloading...
:: Starting full system upgrade...
 there is nothing to do
resolving dependencies...
looking for conflicting packages...

Packages (4) perl-error-0.17029-4  perl-mailtools-2.21-6  perl-timedate-2.33-4  git-2.39.2-1

Total Installed Size:  37.64 MiB

:: Proceed with installation? [Y/n] 
checking keyring...
checking package integrity...
loading package files...
checking for file conflicts...
checking available disk space...
:: Processing package changes...
installing perl-error...
installing perl-timedate...
installing perl-mailtools...
installing git...
Optional dependencies for git
    tk: gitk and git gui
    perl-libwww: git svn
    perl-term-readkey: git svn and interactive.singlekey setting
    perl-io-socket-ssl: git send-email TLS support
    perl-authen-sasl: git send-email TLS support
    perl-mediawiki-api: git mediawiki support
    perl-datetime-format-iso8601: git mediawiki support
    perl-lwp-protocol-https: git mediawiki https support
    perl-cgi: gitweb (web interface) support
    python: git svn & git p4
    subversion: git svn
    org.freedesktop.secrets: keyring credential helper
    libsecret: libsecret credential helper [installed]
:: Running post-transaction hooks...
(1/4) Creating system user accounts...
Creating group 'git' with GID 974.
Creating user 'git' (git daemon user) with UID 974 and GID 974.
(2/4) Reloading system manager configuration...
  Skipped: Current root is not booted.
(3/4) Arming ConditionNeedsUpdate...
(4/4) Warn about old perl modules
==> Making package: garuda-dr460nized 2.0.12.r23.g64be7e3-1 (Sun 19 Feb 2023 09:21:37 AM CET)
==> Checking runtime dependencies...
==> Checking buildtime dependencies...
==> Retrieving sources...
  -> Updating garuda-dr460nized git repo...
From https://gitlab.com/garuda-linux/themes-and-settings/settings/garuda-dr460nized
   59004c4..676393f  next                       -> next
   59004c4..676393f  refs/merge-requests/6/head -> refs/merge-requests/6/head
==> WARNING: Skipping verification of source file PGP signatures.
==> Validating source files with sha256sums...
    garuda-dr460nized ... Skipped
==> Extracting sources...
  -> Creating working copy of garuda-dr460nized git repo...
Cloning into 'garuda-dr460nized'...
done.
Switched to a new branch 'makepkg'
==> Starting pkgver()...
==> Updated version: garuda-dr460nized 2.0.12.r57.g676393f-1
==> Entering fakeroot environment...
==> Starting package()...
==> Tidying install...
  -> Removing libtool files...
  -> Purging unwanted files...
  -> Removing static library files...
  -> Stripping unneeded symbols from binaries and libraries...
  -> Compressing man and info pages...
==> Checking for packaging issues...
==> Creating package "garuda-dr460nized-next"...
  -> Generating .PKGINFO file...
  -> Generating .BUILDINFO file...
  -> Adding install file...
  -> Generating .MTREE file...
  -> Compressing package...
==> Leaving fakeroot environment.
==> Finished making: garuda-dr460nized 2.0.12.r57.g676393f-1 (Sun 19 Feb 2023 09:21:40 AM CET)
umount: /home/nico/garuda-dr460nized-next/machine/root/home/main-builder/pkgwork unmounted
umount: /home/nico/garuda-dr460nized-next/machine/root/home/main-builder/.ccache unmounted
umount: /home/nico/garuda-dr460nized-next/machine/root/home/main-builder/pkgsrc unmounted
umount: /home/nico/garuda-dr460nized-next/machine/root/var/cache/pacman/pkg unmounted
umount: /home/nico/garuda-dr460nized-next/machine/root/var/pkgdest unmounted
umount: /home/nico/garuda-dr460nized-next/machine/root (overlay) unmounted

real	0m10.045s
user	0m2.103s
sys	0m2.371s
