Building package "garuda-zsh-config"
:: Synchronizing package databases...
 core downloading...
 extra downloading...
 community downloading...
 multilib downloading...
 chaotic-aur downloading...
 garuda downloading...
:: Starting full system upgrade...
 there is nothing to do
resolving dependencies...
looking for conflicting packages...

Packages (19) pcre-8.45-3  perl-error-0.17029-4  perl-mailtools-2.21-6  perl-timedate-2.33-4  powerline-common-2.8.3-2  starship-1.14.2-1  awesome-terminal-fonts-1.1.0-4  find-the-command-git-2.0.1.r0.gfecba1a-1.1  fzf-0.40.0-1  garuda-starship-prompt-1.0.3-1  git-2.40.1-1  mcfly-0.8.0-1  powerline-fonts-2.8.3-2  ttf-meslo-nerd-font-powerlevel10k-2.3.3-1  zsh-5.9-3  zsh-autosuggestions-0.7.0-2  zsh-completions-0.34.0-4  zsh-history-substring-search-1.0.2-2  zsh-syntax-highlighting-0.7.1-1

Total Installed Size:  75.94 MiB

:: Proceed with installation? [Y/n] 
checking keyring...
checking package integrity...
loading package files...
checking for file conflicts...
checking available disk space...
:: Processing package changes...
installing starship...
Optional dependencies for starship
    ttf-font-nerd: Nerd Font Symbols preset
installing garuda-starship-prompt...
installing ttf-meslo-nerd-font-powerlevel10k...
installing pcre...
installing zsh...
installing zsh-autosuggestions...
installing zsh-completions...
installing zsh-history-substring-search...
installing zsh-syntax-highlighting...
To activate zsh-syntax-highlighting, add the following line at the end of ~/.zshrc:
    source /usr/share/zsh/plugins/zsh-syntax-highlighting/zsh-syntax-highlighting.zsh
installing awesome-terminal-fonts...
installing fzf...
Optional dependencies for fzf
    fish: fish keybindings
    tmux: fzf-tmux script for launching fzf in a tmux pane
    vim: plugin
    zsh: zsh keybindings [installed]
installing powerline-common...
installing powerline-fonts...
installing find-the-command-git...
	>> To enable command-not-found hook for your shell
	>> source the proper file to your shell:

	>> for bash (~/.bashrc):
	source /usr/share/doc/find-the-command/ftc.bash
	>> for fish (~/.config/fish/config.fish):
	source /usr/share/doc/find-the-command/ftc.fish
	>> for zsh (~/.zshrc):
	source /usr/share/doc/find-the-command/ftc.zsh

	>> There are several options you can use when sourcing:
	  * askfirst    ask before searching the database for a command
	  * noprompt    disable installation prompt
	  * noupdate    disable "out of date" checks for db and files cache
	  * quiet       decrease verbosity
	  * su		use su instead of sudo for root access
	>> Example:
	source /usr/share/doc/find-the-command/ftc.zsh noprompt quiet

	>> You may also want to enable timer for regular files database updates:
	>> When using pacman (and have package "pacman-contrib" installed):
	# systemctl enable pacman-filesdb-refresh.timer
	>> Or when using pkgfile
	# systemctl enable pkgfile-update.timer
Optional dependencies for find-the-command-git
    fzf: highly recommended for package selection and previews [installed]
    pacman-contrib: for weekly pacman-filesdb-refresh.timer
    pkgfile: provides faster searches than pacman
    sudo: helpful for privilege elevation [installed]
installing mcfly...
--------------------------------------------
Add the following code to your .bashrc file:
source /usr/share/doc/mcfly/mcfly.bash
--------------------------------------------
Optional dependencies for mcfly
    zsh: for zsh support [installed]
    fish: for fish support
installing perl-error...
installing perl-timedate...
installing perl-mailtools...
installing git...
Optional dependencies for git
    tk: gitk and git gui
    perl-libwww: git svn
    perl-term-readkey: git svn and interactive.singlekey setting
    perl-io-socket-ssl: git send-email TLS support
    perl-authen-sasl: git send-email TLS support
    perl-mediawiki-api: git mediawiki support
    perl-datetime-format-iso8601: git mediawiki support
    perl-lwp-protocol-https: git mediawiki https support
    perl-cgi: gitweb (web interface) support
    python: git svn & git p4
    subversion: git svn
    org.freedesktop.secrets: keyring credential helper
    libsecret: libsecret credential helper [installed]
:: Running post-transaction hooks...
(1/4) Creating system user accounts...
Creating group 'git' with GID 974.
Creating user 'git' (git daemon user) with UID 974 and GID 974.
(2/4) Reloading system manager configuration...
  Skipped: Current root is not booted.
(3/4) Arming ConditionNeedsUpdate...
(4/4) Warn about old perl modules
==> ERROR: A package has already been built. (use -f to overwrite)
umount: /var/cache/chaotic/routines/hourly/garuda-zsh-config/machine/root/home/main-builder/pkgwork unmounted
umount: /var/cache/chaotic/routines/hourly/garuda-zsh-config/machine/root/home/main-builder/.ccache unmounted
umount: /var/cache/chaotic/routines/hourly/garuda-zsh-config/machine/root/home/main-builder/pkgsrc unmounted
umount: /var/cache/chaotic/routines/hourly/garuda-zsh-config/machine/root/var/cache/pacman/pkg unmounted
umount: /var/cache/chaotic/routines/hourly/garuda-zsh-config/machine/root/var/pkgdest unmounted
umount: /var/cache/chaotic/routines/hourly/garuda-zsh-config/machine/root (overlay) unmounted

real	0m5.146s
user	0m1.504s
sys	0m2.071s
