Building package "garuda-blackarch"
:: Synchronizing package databases...
 core downloading...
 extra downloading...
 community downloading...
 multilib downloading...
 chaotic-aur downloading...
 garuda downloading...
:: Starting full system upgrade...
resolving dependencies...
looking for conflicting packages...

Packages (2) ca-certificates-mozilla-3.89.1-1  perl-5.36.1-1

Total Installed Size:  60.67 MiB
Net Upgrade Size:      -0.08 MiB

:: Proceed with installation? [Y/n] 
checking keyring...
checking package integrity...
loading package files...
checking for file conflicts...
checking available disk space...
:: Processing package changes...
upgrading ca-certificates-mozilla...
upgrading perl...
:: Running post-transaction hooks...
(1/3) Arming ConditionNeedsUpdate...
(2/3) Rebuilding certificate stores...
(3/3) Warn about old perl modules
warning: coreutils-9.3-1 is up to date -- skipping
 there is nothing to do
==> ERROR: A package has already been built. (use -f to overwrite)
umount: /var/cache/chaotic/routines/hourly/garuda-blackarch/machine/root/home/main-builder/pkgwork unmounted
umount: /var/cache/chaotic/routines/hourly/garuda-blackarch/machine/root/home/main-builder/.ccache unmounted
umount: /var/cache/chaotic/routines/hourly/garuda-blackarch/machine/root/home/main-builder/pkgsrc unmounted
umount: /var/cache/chaotic/routines/hourly/garuda-blackarch/machine/root/var/cache/pacman/pkg unmounted
umount: /var/cache/chaotic/routines/hourly/garuda-blackarch/machine/root/var/pkgdest unmounted
umount: /var/cache/chaotic/routines/hourly/garuda-blackarch/machine/root (overlay) unmounted

real	0m4.825s
user	0m1.793s
sys	0m2.365s
