Building package "garuda-assistant"
:: Synchronizing package databases...
 core downloading...
 extra downloading...
 community downloading...
 multilib downloading...
 chaotic-aur downloading...
 garuda downloading...
:: Starting full system upgrade...
resolving dependencies...
looking for conflicting packages...

Packages (2) ca-certificates-mozilla-3.89.1-1  perl-5.36.1-1

Total Installed Size:  60.67 MiB
Net Upgrade Size:      -0.08 MiB

:: Proceed with installation? [Y/n] 
checking keyring...
checking package integrity...
loading package files...
checking for file conflicts...
checking available disk space...
:: Processing package changes...
upgrading ca-certificates-mozilla...
upgrading perl...
:: Running post-transaction hooks...
(1/3) Arming ConditionNeedsUpdate...
(2/3) Rebuilding certificate stores...
(3/3) Warn about old perl modules
resolving dependencies...
:: There are 2 providers available for libgl:
:: Repository extra
   1) libglvnd
:: Repository chaotic-aur
   2) libglvnd-git

Enter a number (default=1): 
looking for conflicting packages...
warning: dependency cycle detected:
warning: mesa will be installed before its libglvnd dependency
warning: dependency cycle detected:
warning: harfbuzz will be installed before its freetype2 dependency

Packages (172) adobe-source-code-pro-fonts-2.042u+1.062i+1.026vf-1  adwaita-cursors-44.0-1  adwaita-icon-theme-44.0-1  aom-3.6.0-1  at-spi2-core-2.48.0-2  avahi-0.8+22+gfd482a7-4  bind-9.18.14-1  btrfs-progs-6.3-2  bubblewrap-0.8.0-1  cairo-1.17.8-2  cantarell-fonts-1:0.303.1-1  dav1d-1.2.0-1  dconf-0.40.0-2  default-cursors-2-1  desktop-file-utils-0.26-2  dnssec-anchors-20190629-3  double-conversion-3.2.1-1  duktape-2.7.0-5  enchant-2.3.4-1  expect-5.45.4-4  fontconfig-2:2.14.2-1  freetype2-2.13.0-1  fribidi-1.0.12-1  gdk-pixbuf2-2.42.10-2  geoip-1.6.12-2  geoip-database-20230414-1  giflib-5.2.1-2  glib-networking-1:2.76.0-1  graphite-1:1.3.14-3  gsettings-desktop-schemas-44.0-1  gspell-1.12.1-1  gssdp-1.6.2-1  gst-plugins-bad-libs-1.22.2-1  gst-plugins-base-libs-1.22.2-1  gstreamer-1.22.2-1  gtk-update-icon-cache-1:4.10.3-1  gtk3-1:3.24.37-1  gtksourceview3-1:3.24.11+r28+g73e57b57-1  gtksourceview4-4.8.4-1  gupnp-1:1.6.3-1  gupnp-igd-1.6.0-1  harfbuzz-7.2.0-1  harfbuzz-icu-7.2.0-1  hicolor-icon-theme-0.17-3  http-parser-2.9.4-1  hyphen-2.8.8-5  iso-codes-4.15.0-1  jemalloc-1:5.3.0-1  json-glib-1.6.6-2  jsoncpp-1.9.5-2  lcms2-2.15-1  libavif-0.11.1-1  libcloudproviders-0.3.1+r8+g3a229ee-1  libcolord-1.4.6-1  libcups-1:2.4.2-6  libdaemon-0.14-5  libdatrie-0.2.13-2  libdrm-2.4.115-1  libedit-20221030_3.1-1  libepoxy-1.5.10-1  libevdev-1.13.1-1  libgit2-1:1.6.4-1  libglvnd-1.6.0-1  libgudev-237-2  libice-1.1.1-2  libinput-1.23.0-1  libjpeg-turbo-2.1.5.1-1  libmanette-0.2.6-4  libmaxminddb-1.7.1-1  libnice-0.1.21-2  libnotify-0.8.2-1  libnsl-2.0.0-3  libomxil-bellagio-0.9.3-4  libpciaccess-0.17-1  libpng-1.6.39-1  libproxy-0.4.18-3  librsvg-2:2.56.0-1  libsm-1.2.4-1  libsoup-2.74.3-1  libsoup3-3.4.2-1  libstemmer-2.2.0-2  libthai-0.1.29-2  libtiff-4.5.0-3  libunwind-1.6.2-2  libusb-1.0.26-2  libuv-1.44.2-1  libva-2.18.0-1  libwacom-2.6.0-2  libwebp-1.3.0-2  libwpe-1.14.1-2  libx11-1.8.4-1  libxau-1.0.11-2  libxcb-1.15-2  libxcomposite-0.4.6-1  libxcursor-1.2.1-3  libxdamage-1.1.6-1  libxdmcp-1.1.4-2  libxext-1.3.5-1  libxfixes-6.0.1-1  libxft-2.3.8-1  libxi-1.8.1-1  libxinerama-1.1.5-1  libxkbcommon-1.5.0-1  libxkbcommon-x11-1.5.0-1  libxmu-1.1.4-1  libxrandr-1.5.3-1  libxrender-0.9.11-1  libxshmfence-1.3.2-1  libxslt-1.1.37-3  libxt-1.3.0-1  libxtst-1.2.4-1  libxv-1.0.12-1  libxxf86vm-1.1.5-1  libyuv-r2322+3aebf69d-1  llvm-libs-15.0.7-3  lm_sensors-1:3.6.0.r41.g31d1f125-2  lmdb-0.9.30-3  lzo-2.10-5  md4c-0.4.8-1  mesa-23.0.3-1  mtdev-1.1.6-2  openjpeg2-2.5.0-2  orc-0.4.33-1  pango-1:1.50.14-1  perl-error-0.17029-4  perl-mailtools-2.21-6  perl-timedate-2.33-4  pixman-0.42.2-1  python-3.11.3-1  qt5-translations-5.15.9-1  rav1e-0.6.3-1  reflector-2021.11-7  rhash-1.4.3-1  shared-mime-info-2.2+13+ga2ffb28-1  svt-av1-1.5.0-1  tcl-8.6.13-1  tracker3-3.5.1-1  tslib-1.22-1  vulkan-icd-loader-1.3.245-1  wayland-1.22.0-1  wayland-protocols-1.31-1  webkit2gtk-2.40.1-2  wget-1.21.3-1  whois-5.5.17-1  woff2-1.0.2-4  wpebackend-fdo-1.14.2-1  xcb-proto-1.15.2-3  xcb-util-0.4.1-1  xcb-util-image-0.4.1-2  xcb-util-keysyms-0.4.1-4  xcb-util-renderutil-0.3.10-1  xcb-util-wm-0.4.2-1  xdg-dbus-proxy-0.1.4-1  xkeyboard-config-2.38-1  xorg-xprop-1.2.6-1  xorg-xset-1.2.5-1  xorgproto-2022.2-1  yad-12.3-1  btrfs-assistant-1.8-2  cmake-3.26.3-1  garuda-libs-1.4.1-1  garuda-update-2.5.2-1  git-2.40.1-1  hblock-3.4.1-1  noto-fonts-20230501-1  pace-1.4.2-1.3  polkit-122-1  qt5-base-5.15.9+kde+r151-1  qt5-svg-5.15.9+kde+r8-1  qt5-tools-5.15.9+kde+r1-1  reflector-simple-2.0-1.1  xdg-utils-1.1.3+25+g8ae0263-1

Total Installed Size:  1013.66 MiB

:: Proceed with installation? [Y/n] 
checking keyring...
checking package integrity...
loading package files...
checking for file conflicts...
checking available disk space...
:: Processing package changes...
installing libjpeg-turbo...
Optional dependencies for libjpeg-turbo
    java-runtime>11: for TurboJPEG Java wrapper
installing xcb-proto...
installing xorgproto...
installing libxdmcp...
installing libxau...
installing libxcb...
installing xcb-util-keysyms...
installing xcb-util-renderutil...
installing libx11...
installing libxext...
installing libpciaccess...
installing libdrm...
installing default-cursors...
Optional dependencies for default-cursors
    adwaita-cursors: default cursor theme [pending]
installing wayland...
installing libxxf86vm...
installing libxfixes...
installing libxdamage...
installing libxshmfence...
installing libomxil-bellagio...
installing libunwind...
installing libedit...
installing llvm-libs...
installing lm_sensors...
Optional dependencies for lm_sensors
    rrdtool: for logging with sensord
    perl: for sensor detection and configuration convert [installed]
installing vulkan-icd-loader...
Optional dependencies for vulkan-icd-loader
    vulkan-driver: packaged vulkan driver
installing mesa...
Optional dependencies for mesa
    opengl-man-pages: for the OpenGL API man pages
    mesa-vdpau: for accelerated video playback
    libva-mesa-driver: for accelerated video playback
installing libglvnd...
installing graphite...
Optional dependencies for graphite
    graphite-docs: Documentation
installing harfbuzz...
Optional dependencies for harfbuzz
    harfbuzz-utils: utilities
installing libpng...
installing freetype2...
installing fontconfig...
Creating fontconfig configuration...
Rebuilding fontconfig cache...
installing libice...
installing libsm...
installing libxt...
installing libxmu...
installing xorg-xset...
installing xorg-xprop...
installing xdg-utils...
Optional dependencies for xdg-utils
    kde-cli-tools: for KDE Plasma5 support in xdg-open
    exo: for Xfce support in xdg-open
    pcmanfm: for LXDE support in xdg-open
    perl-file-mimeinfo: for generic support in xdg-open
    perl-net-dbus: Perl extension to dbus used in xdg-screensaver
    perl-x11-protocol: Perl X11 protocol used in xdg-screensaver
installing shared-mime-info...
installing xcb-util-wm...
installing libxrender...
installing libxi...
installing xcb-util...
installing xcb-util-image...
installing tslib...
installing mtdev...
installing libevdev...
installing libgudev...
installing libwacom...
Optional dependencies for libwacom
    python-libevdev: for libwacom-show-stylus
    python-pyudev: for libwacom-show-stylus
installing libinput...
Optional dependencies for libinput
    gtk4: libinput debug-gui
    python-pyudev: libinput measure
    python-libevdev: libinput measure
installing xkeyboard-config...
installing libxkbcommon...
Optional dependencies for libxkbcommon
    libxkbcommon-x11: xkbcli interactive-x11 [pending]
    wayland: xkbcli interactive-wayland [installed]
installing libxkbcommon-x11...
installing duktape...
installing libproxy...
Optional dependencies for libproxy
    networkmanager: NetworkManager configuration module
    perl: Perl bindings [installed]
    python: Python 3.x bindings [pending]
    libproxy-webkit: PAC proxy support (via WebKit)
    pacrunner: PAC proxy support (via pacrunner)
installing libdaemon...
installing avahi...
Optional dependencies for avahi
    gtk3: avahi-discover, avahi-discover-standalone, bshell, bssh, bvnc [pending]
    qt5-base: qt5 bindings [pending]
    libevent: libevent bindings [installed]
    nss-mdns: NSS support for mDNS
    python-twisted: avahi-bookmarks
    python-gobject: avahi-bookmarks, avahi-discover
    python-dbus: avahi-bookmarks, avahi-discover
installing libcups...
installing double-conversion...
installing md4c...
installing qt5-translations...
installing qt5-base...
Optional dependencies for qt5-base
    qt5-svg: to use SVG icon themes [pending]
    qt5-wayland: to run Qt applications in a Wayland session
    postgresql-libs: PostgreSQL driver
    mariadb-libs: MariaDB driver
    unixodbc: ODBC driver
    libfbclient: Firebird/iBase driver
    freetds: MS SQL driver
    gtk3: GTK platform plugin [pending]
    perl: for fixqt4headers and syncqt [installed]
installing qt5-svg...
installing noto-fonts...
Optional dependencies for noto-fonts
    noto-fonts-cjk: CJK characters
    noto-fonts-emoji: Emoji characters
    noto-fonts-extra: additional variants (condensed, semi-bold, extra-light)
installing polkit...
installing hicolor-icon-theme...
installing libtiff...
Optional dependencies for libtiff
    freeglut: for using tiffgt
installing gdk-pixbuf2...
Optional dependencies for gdk-pixbuf2
    libwmf: Load .wmf and .apm
    libopenraw: Load .dng, .cr2, .crw, .nef, .orf, .pef, .arw, .erf, .mrw, and .raf
    libavif: Load .avif [pending]
    libheif: Load .heif, .heic, and .avif
    libjxl: Load .jxl
    librsvg: Load .svg, .svgz, and .svg.gz [pending]
    webp-pixbuf-loader: Load .webp
installing lzo...
installing pixman...
installing cairo...
installing fribidi...
installing libdatrie...
installing libthai...
installing libxft...
installing pango...
installing librsvg...
installing gtk-update-icon-cache...
installing adwaita-cursors...
installing adwaita-icon-theme...
installing adobe-source-code-pro-fonts...
installing cantarell-fonts...
installing dconf...
installing gsettings-desktop-schemas...
installing libxtst...
installing at-spi2-core...
Optional dependencies for at-spi2-core
    dbus-broker: Alternative bus implementation
installing desktop-file-utils...
installing iso-codes...
installing libcloudproviders...
installing lcms2...
installing libcolord...
installing libepoxy...
installing libxcomposite...
installing libxcursor...
installing libxinerama...
installing libxrandr...
installing json-glib...
installing glib-networking...
installing libsoup3...
Optional dependencies for libsoup3
    samba: Windows Domain SSO
installing libstemmer...
installing tracker3...
Optional dependencies for tracker3
    libsoup: Alternative remoting backend [pending]
installing gtk3...
Optional dependencies for gtk3
    evince: Default print preview command
installing bubblewrap...
installing enchant...
Optional dependencies for enchant
    aspell: for aspell based spell checking support
    hunspell: for hunspell based spell checking support
    libvoikko: for libvoikko based spell checking support
    hspell: for hspell based spell checking support
    nuspell: for nuspell based spell checking support
installing gstreamer...
Optional dependencies for gstreamer
    python: gst-plugins-doc-cache-generator [pending]
installing orc...
installing libxv...
installing gst-plugins-base-libs...
installing libusb...
installing libva...
Optional dependencies for libva
    intel-media-driver: backend for Intel GPUs (>= Broadwell)
    libva-intel-driver: backend for Intel GPUs (<= Haswell)
    libva-mesa-driver: backend for AMD and Nvidia GPUs
installing gssdp...
Optional dependencies for gssdp
    gtk4: gssdp-device-sniffer
installing gupnp...
Optional dependencies for gupnp
    python: gupnp-binding-tool [pending]
installing gupnp-igd...
installing libnice...
Optional dependencies for libnice
    gstreamer: "nice" GStreamer plugin [installed]
installing wayland-protocols...
installing gst-plugins-bad-libs...
installing harfbuzz-icu...
installing hyphen...
installing aom...
installing dav1d...
Optional dependencies for dav1d
    dav1d-doc: HTML documentation
installing http-parser...
installing libgit2...
installing rav1e...
installing svt-av1...
installing libyuv...
installing libavif...
installing libmanette...
installing libsoup...
Optional dependencies for libsoup
    samba: Windows Domain SSO
installing giflib...
installing libwebp...
installing libwpe...
installing libxslt...
Optional dependencies for libxslt
    python: Python bindings [pending]
installing openjpeg2...
installing woff2...
installing wpebackend-fdo...
installing xdg-dbus-proxy...
installing webkit2gtk...
Optional dependencies for webkit2gtk
    geoclue: Geolocation support
    gst-libav: nonfree media decoding
    gst-plugins-bad: media decoding
    gst-plugins-good: media decoding
installing gtksourceview3...
installing gspell...
installing yad...
installing libnsl...
installing python...
Optional dependencies for python
    python-setuptools
    python-pip
    sqlite [installed]
    mpdecimal: for decimal
    xz: for lzma [installed]
    tk: for tkinter
installing reflector...
Optional dependencies for reflector
    rsync: rate rsync mirrors
installing whois...
installing geoip-database...
installing geoip...
Optional dependencies for geoip
    geoip-database-extra: city/ASN databases (not needed for country lookups)
installing dnssec-anchors...
installing libmaxminddb...
Optional dependencies for libmaxminddb
    geoip2-database: IP geolocation databases
installing libuv...
installing lmdb...
installing jemalloc...
Optional dependencies for jemalloc
    perl: for jeprof [installed]
installing bind...
installing reflector-simple...
installing hblock...
installing gtksourceview4...
installing pace...
Optional dependencies for pace
    diffutils: diff preview support [installed]
installing wget...
Optional dependencies for wget
    ca-certificates: HTTPS downloads [installed]
installing garuda-update...
installing libnotify...
installing tcl...
installing expect...
installing garuda-libs...
Optional dependencies for garuda-libs
    alacritty
    lxterminal
    konsole
    gnome-terminal
    xfce4-terminal
    xterm
installing btrfs-progs...
Optional dependencies for btrfs-progs
    python: libbtrfsutil python bindings [installed]
    e2fsprogs: btrfs-convert [installed]
    reiserfsprogs: btrfs-convert
installing btrfs-assistant...
Optional dependencies for btrfs-assistant
    snapper
    btrfsmaintenance
installing perl-error...
installing perl-timedate...
installing perl-mailtools...
installing git...
Optional dependencies for git
    tk: gitk and git gui
    perl-libwww: git svn
    perl-term-readkey: git svn and interactive.singlekey setting
    perl-io-socket-ssl: git send-email TLS support
    perl-authen-sasl: git send-email TLS support
    perl-mediawiki-api: git mediawiki support
    perl-datetime-format-iso8601: git mediawiki support
    perl-lwp-protocol-https: git mediawiki https support
    perl-cgi: gitweb (web interface) support
    python: git svn & git p4 [installed]
    subversion: git svn
    org.freedesktop.secrets: keyring credential helper
    libsecret: libsecret credential helper [installed]
installing jsoncpp...
Optional dependencies for jsoncpp
    jsoncpp-doc: documentation
installing rhash...
installing cmake...
Optional dependencies for cmake
    qt6-base: cmake-gui
installing qt5-tools...
Optional dependencies for qt5-tools
    clang: for qdoc
:: Running post-transaction hooks...
( 1/18) Creating system user accounts...
Creating group 'avahi' with GID 974.
Creating user 'avahi' (Avahi mDNS/DNS-SD daemon) with UID 974 and GID 974.
Creating group 'named' with GID 40.
Creating user 'named' (BIND DNS Server) with UID 40 and GID 40.
Creating group 'git' with GID 973.
Creating user 'git' (git daemon user) with UID 973 and GID 973.
Creating group 'polkitd' with GID 102.
Creating user 'polkitd' (PolicyKit daemon) with UID 102 and GID 102.
( 2/18) Reloading system manager configuration...
  Skipped: Current root is not booted.
( 3/18) Updating udev hardware database...
( 4/18) Creating temporary files...
( 5/18) Reloading device manager configuration...
  Skipped: Device manager is not running.
( 6/18) Arming ConditionNeedsUpdate...
( 7/18) Updating the MIME type database...
( 8/18) Updating fontconfig configuration...
( 9/18) Reloading system bus configuration...
  Skipped: Current root is not booted.
(10/18) Warn about old perl modules
(11/18) Updating fontconfig cache...
(12/18) Probing GDK-Pixbuf loader modules...
(13/18) Updating GIO module cache...
(14/18) Compiling GSettings XML schema files...
(15/18) Probing GTK3 input method modules...
(16/18) Updating icon theme caches...
(17/18) Updating the info directory file...
(18/18) Updating the desktop file MIME type cache...
==> ERROR: A package has already been built. (use -f to overwrite)
umount: /var/cache/chaotic/routines/hourly/garuda-assistant/machine/root/home/main-builder/pkgwork unmounted
umount: /var/cache/chaotic/routines/hourly/garuda-assistant/machine/root/home/main-builder/.ccache unmounted
umount: /var/cache/chaotic/routines/hourly/garuda-assistant/machine/root/home/main-builder/pkgsrc unmounted
umount: /var/cache/chaotic/routines/hourly/garuda-assistant/machine/root/var/cache/pacman/pkg unmounted
umount: /var/cache/chaotic/routines/hourly/garuda-assistant/machine/root/var/pkgdest unmounted
umount: /var/cache/chaotic/routines/hourly/garuda-assistant/machine/root (overlay) unmounted

real	0m23.692s
user	0m6.866s
sys	0m13.949s
