Building package "garuda-setup-assistant"
:: Synchronizing package databases...
 core downloading...
 extra downloading...
 community downloading...
 multilib downloading...
 chaotic-aur downloading...
 garuda downloading...
:: Starting full system upgrade...
resolving dependencies...
looking for conflicting packages...

Packages (2) ca-certificates-mozilla-3.89.1-1  perl-5.36.1-1

Total Installed Size:  60.67 MiB
Net Upgrade Size:      -0.08 MiB

:: Proceed with installation? [Y/n] 
checking keyring...
checking package integrity...
loading package files...
checking for file conflicts...
checking available disk space...
:: Processing package changes...
upgrading ca-certificates-mozilla...
upgrading perl...
:: Running post-transaction hooks...
(1/3) Arming ConditionNeedsUpdate...
(2/3) Rebuilding certificate stores...
(3/3) Warn about old perl modules
resolving dependencies...
:: There are 2 providers available for libegl:
:: Repository extra
   1) libglvnd
:: Repository chaotic-aur
   2) libglvnd-git

Enter a number (default=1): 
looking for conflicting packages...
warning: dependency cycle detected:
warning: harfbuzz will be installed before its freetype2 dependency
warning: dependency cycle detected:
warning: mesa will be installed before its libglvnd dependency

Packages (151) adobe-source-code-pro-fonts-2.042u+1.062i+1.026vf-1  adwaita-cursors-44.0-1  adwaita-icon-theme-44.0-1  aom-3.6.0-1  at-spi2-core-2.48.0-2  avahi-0.8+22+gfd482a7-4  bubblewrap-0.8.0-1  cairo-1.17.8-2  cantarell-fonts-1:0.303.1-1  dav1d-1.2.0-1  dconf-0.40.0-2  default-cursors-2-1  desktop-file-utils-0.26-2  double-conversion-3.2.1-1  duktape-2.7.0-5  enchant-2.3.4-1  expect-5.45.4-4  fontconfig-2:2.14.2-1  freetype2-2.13.0-1  fribidi-1.0.12-1  gdk-pixbuf2-2.42.10-2  giflib-5.2.1-2  glib-networking-1:2.76.0-1  graphite-1:1.3.14-3  gsettings-desktop-schemas-44.0-1  gspell-1.12.1-1  gssdp-1.6.2-1  gst-plugins-bad-libs-1.22.2-1  gst-plugins-base-libs-1.22.2-1  gstreamer-1.22.2-1  gtk-update-icon-cache-1:4.10.3-1  gtk3-1:3.24.37-1  gtksourceview3-1:3.24.11+r28+g73e57b57-1  gupnp-1:1.6.3-1  gupnp-igd-1.6.0-1  harfbuzz-7.2.0-1  harfbuzz-icu-7.2.0-1  hicolor-icon-theme-0.17-3  http-parser-2.9.4-1  hyphen-2.8.8-5  iso-codes-4.15.0-1  json-glib-1.6.6-2  jsoncpp-1.9.5-2  lcms2-2.15-1  libavif-0.11.1-1  libcloudproviders-0.3.1+r8+g3a229ee-1  libcolord-1.4.6-1  libcups-1:2.4.2-6  libdaemon-0.14-5  libdatrie-0.2.13-2  libdrm-2.4.115-1  libedit-20221030_3.1-1  libepoxy-1.5.10-1  libevdev-1.13.1-1  libgit2-1:1.6.4-1  libglvnd-1.6.0-1  libgudev-237-2  libice-1.1.1-2  libinput-1.23.0-1  libjpeg-turbo-2.1.5.1-1  libmanette-0.2.6-4  libnice-0.1.21-2  libnotify-0.8.2-1  libnsl-2.0.0-3  libomxil-bellagio-0.9.3-4  libpciaccess-0.17-1  libpng-1.6.39-1  libproxy-0.4.18-3  librsvg-2:2.56.0-1  libsm-1.2.4-1  libsoup-2.74.3-1  libsoup3-3.4.2-1  libstemmer-2.2.0-2  libthai-0.1.29-2  libtiff-4.5.0-3  libunwind-1.6.2-2  libusb-1.0.26-2  libuv-1.44.2-1  libva-2.18.0-1  libwacom-2.6.0-2  libwebp-1.3.0-2  libwpe-1.14.1-2  libx11-1.8.4-1  libxau-1.0.11-2  libxcb-1.15-2  libxcomposite-0.4.6-1  libxcursor-1.2.1-3  libxdamage-1.1.6-1  libxdmcp-1.1.4-2  libxext-1.3.5-1  libxfixes-6.0.1-1  libxft-2.3.8-1  libxi-1.8.1-1  libxinerama-1.1.5-1  libxkbcommon-1.5.0-1  libxkbcommon-x11-1.5.0-1  libxmu-1.1.4-1  libxrandr-1.5.3-1  libxrender-0.9.11-1  libxshmfence-1.3.2-1  libxslt-1.1.37-3  libxt-1.3.0-1  libxtst-1.2.4-1  libxv-1.0.12-1  libxxf86vm-1.1.5-1  libyuv-r2322+3aebf69d-1  llvm-libs-15.0.7-3  lm_sensors-1:3.6.0.r41.g31d1f125-2  lzo-2.10-5  md4c-0.4.8-1  mesa-23.0.3-1  mtdev-1.1.6-2  openjpeg2-2.5.0-2  orc-0.4.33-1  pango-1:1.50.14-1  perl-error-0.17029-4  perl-mailtools-2.21-6  perl-timedate-2.33-4  pixman-0.42.2-1  qt5-translations-5.15.9-1  rav1e-0.6.3-1  rhash-1.4.3-1  shared-mime-info-2.2+13+ga2ffb28-1  svt-av1-1.4.1-1  tcl-8.6.13-1  tracker3-3.5.1-1  tslib-1.22-1  vulkan-icd-loader-1.3.245-1  wayland-1.22.0-1  wayland-protocols-1.31-1  webkit2gtk-2.40.1-2  woff2-1.0.2-4  wpebackend-fdo-1.14.2-1  xcb-proto-1.15.2-3  xcb-util-0.4.1-1  xcb-util-image-0.4.1-2  xcb-util-keysyms-0.4.1-4  xcb-util-renderutil-0.3.10-1  xcb-util-wm-0.4.2-1  xdg-dbus-proxy-0.1.4-1  xdg-utils-1.1.3+25+g8ae0263-1  xkeyboard-config-2.38-1  xorg-xprop-1.2.6-1  xorg-xset-1.2.5-1  xorgproto-2022.2-1  cmake-3.26.3-1  garuda-libs-1.4.1-1  git-2.40.1-1  qt5-base-5.15.9+kde+r151-1  wget-1.21.3-1  yad-12.3-1

Total Download Size:     2.00 MiB
Total Installed Size:  777.81 MiB

:: Proceed with installation? [Y/n] 
:: Retrieving packages...
 svt-av1-1.4.1-1-x86_64 downloading...
error: failed retrieving file 'svt-av1-1.4.1-1-x86_64.pkg.tar.zst' from cloudflaremirrors.com : The requested URL returned error: 404
error: failed retrieving file 'svt-av1-1.4.1-1-x86_64.pkg.tar.zst' from mirror.rackspace.com : The requested URL returned error: 404
warning: failed to retrieve some files
error: failed to commit transaction (failed to retrieve some files)
Errors occurred, no packages were upgraded.
umount: /var/cache/chaotic/routines/hourly/garuda-setup-assistant/machine/root/home/main-builder/pkgwork unmounted
umount: /var/cache/chaotic/routines/hourly/garuda-setup-assistant/machine/root/home/main-builder/.ccache unmounted
umount: /var/cache/chaotic/routines/hourly/garuda-setup-assistant/machine/root/home/main-builder/pkgsrc unmounted
umount: /var/cache/chaotic/routines/hourly/garuda-setup-assistant/machine/root/var/cache/pacman/pkg unmounted
umount: /var/cache/chaotic/routines/hourly/garuda-setup-assistant/machine/root/var/pkgdest unmounted
umount: /var/cache/chaotic/routines/hourly/garuda-setup-assistant/machine/root (overlay) unmounted

real	0m4.836s
user	0m1.667s
sys	0m2.037s
