Building package "garuda-gnome-settings"
:: Synchronizing package databases...
 core downloading...
 extra downloading...
 community downloading...
 multilib downloading...
 chaotic-aur downloading...
 garuda downloading...
:: Starting full system upgrade...
 there is nothing to do
warning: coreutils-9.3-1 is up to date -- skipping
 there is nothing to do
==> Making package: garuda-gnome-settings 1.5.0-1 (Sun 07 May 2023 08:10:55 PM CEST)
==> Checking runtime dependencies...
==> Checking buildtime dependencies...
==> Retrieving sources...
  -> Downloading garuda-gnome-settings-1.5.0.tar.gz...
  % Total    % Received % Xferd  Average Speed   Time    Time     Time  Current
                                 Dload  Upload   Total   Spent    Left  Speed
  0     0    0     0    0     0      0      0 --:--:-- --:--:-- --:--:--     0  0     0    0     0    0     0      0      0 --:--:-- --:--:-- --:--:--     0
curl: (22) The requested URL returned error: 404
==> ERROR: Failure while downloading https://gitlab.com/garuda-linux/themes-and-settings/settings/garuda-gnome-settings/-/archive/1.5.0/garuda-gnome-settings-1.5.0.tar.gz
    Aborting...
umount: /var/cache/chaotic/routines/hourly/garuda-gnome-settings/machine/root/home/main-builder/pkgwork unmounted
umount: /var/cache/chaotic/routines/hourly/garuda-gnome-settings/machine/root/home/main-builder/.ccache unmounted
umount: /var/cache/chaotic/routines/hourly/garuda-gnome-settings/machine/root/home/main-builder/pkgsrc unmounted
umount: /var/cache/chaotic/routines/hourly/garuda-gnome-settings/machine/root/var/cache/pacman/pkg unmounted
umount: /var/cache/chaotic/routines/hourly/garuda-gnome-settings/machine/root/var/pkgdest unmounted
umount: /var/cache/chaotic/routines/hourly/garuda-gnome-settings/machine/root (overlay) unmounted

real	0m2.527s
user	0m0.892s
sys	0m0.784s
