Building package "garuda-sway-settings"
:: Synchronizing package databases...
 core downloading...
 extra downloading...
 community downloading...
 multilib downloading...
 chaotic-aur downloading...
 garuda downloading...
:: Starting full system upgrade...
resolving dependencies...
looking for conflicting packages...

Packages (2) ca-certificates-mozilla-3.89.1-1  perl-5.36.1-1

Total Installed Size:  60.67 MiB
Net Upgrade Size:      -0.08 MiB

:: Proceed with installation? [Y/n] 
checking keyring...
checking package integrity...
loading package files...
checking for file conflicts...
checking available disk space...
:: Processing package changes...
upgrading ca-certificates-mozilla...
upgrading perl...
:: Running post-transaction hooks...
(1/3) Arming ConditionNeedsUpdate...
(2/3) Rebuilding certificate stores...
(3/3) Warn about old perl modules
:: There are 2 providers available for kvantum-qt5:
:: Repository community
   1) kvantum
:: Repository chaotic-aur
   2) kvantum-git

Enter a number (default=1): warning: coreutils-9.3-1 is up to date -- skipping

resolving dependencies...
:: There are 2 providers available for libgl:
:: Repository extra
   1) libglvnd
:: Repository chaotic-aur
   2) libglvnd-git

Enter a number (default=1): 
:: There are 3 providers available for libwlroots.so=11-64:
:: Repository community
   1) wlroots
:: Repository chaotic-aur
   2) wayfire-git  3) wlroots-eglstreams-git

Enter a number (default=1): 
:: There are 9 providers available for ttf-font:
:: Repository extra
   1) gnu-free-fonts  2) noto-fonts  3) ttf-bitstream-vera  4) ttf-croscore
:: Repository community
   5) ttf-dejavu  6) ttf-droid  7) ttf-ibm-plex  8) ttf-liberation
:: Repository chaotic-aur
   9) ttf-ms-fonts

Enter a number (default=1): 
looking for conflicting packages...
warning: dependency cycle detected:
warning: harfbuzz will be installed before its freetype2 dependency
warning: dependency cycle detected:
warning: mesa will be installed before its libglvnd dependency

Packages (105) adobe-source-code-pro-fonts-2.042u+1.062i+1.026vf-1  at-spi2-core-2.48.0-2  avahi-0.8+22+gfd482a7-4  cairo-1.17.8-2  cantarell-fonts-1:0.303.1-1  dconf-0.40.0-2  default-cursors-2-1  desktop-file-utils-0.26-2  double-conversion-3.2.1-1  duktape-2.7.0-5  fontconfig-2:2.14.2-1  freetype2-2.13.0-1  fribidi-1.0.12-1  gdk-pixbuf2-2.42.10-2  gnu-free-fonts-20120503-8  graphite-1:1.3.14-3  gsettings-desktop-schemas-44.0-1  gtk-update-icon-cache-1:4.10.3-1  gtk2-2.24.33-3  harfbuzz-7.2.0-1  hicolor-icon-theme-0.17-3  kwindowsystem-5.105.0-1  libcups-1:2.4.2-6  libdaemon-0.14-5  libdatrie-0.2.13-2  libdrm-2.4.115-1  libedit-20221030_3.1-1  libevdev-1.13.1-1  libglvnd-1.6.0-1  libgudev-237-2  libice-1.1.1-2  libinput-1.23.0-1  libjpeg-turbo-2.1.5.1-1  libomxil-bellagio-0.9.3-4  libpciaccess-0.17-1  libpng-1.6.39-1  libproxy-0.4.18-3  librsvg-2:2.56.0-1  libsm-1.2.4-1  libthai-0.1.29-2  libtiff-4.5.0-3  libunwind-1.6.2-2  libwacom-2.6.0-2  libx11-1.8.4-1  libxau-1.0.11-2  libxcb-1.15-2  libxcomposite-0.4.6-1  libxcursor-1.2.1-3  libxdamage-1.1.6-1  libxdmcp-1.1.4-2  libxext-1.3.5-1  libxfixes-6.0.1-1  libxft-2.3.8-1  libxi-1.8.1-1  libxinerama-1.1.5-1  libxkbcommon-1.5.0-1  libxkbcommon-x11-1.5.0-1  libxmu-1.1.4-1  libxrandr-1.5.3-1  libxrender-0.9.11-1  libxshmfence-1.3.2-1  libxt-1.3.0-1  libxtst-1.2.4-1  libxxf86vm-1.1.5-1  llvm-libs-15.0.7-3  lm_sensors-1:3.6.0.r41.g31d1f125-2  lzo-2.10-5  md4c-0.4.8-1  mesa-23.0.3-1  mtdev-1.1.6-2  pango-1:1.50.14-1  pixman-0.42.2-1  qt5-base-5.15.9+kde+r151-1  qt5-svg-5.15.9+kde+r8-1  qt5-translations-5.15.9-1  qt5-x11extras-5.15.9-1  seatd-0.7.0-3  shared-mime-info-2.2+13+ga2ffb28-1  tslib-1.22-1  vulkan-icd-loader-1.3.245-1  wayland-1.22.0-1  wlroots-0.16.2-1  xcb-proto-1.15.2-3  xcb-util-0.4.1-1  xcb-util-errors-1.0.1-1  xcb-util-image-0.4.1-2  xcb-util-keysyms-0.4.1-4  xcb-util-renderutil-0.3.10-1  xcb-util-wm-0.4.2-1  xdg-utils-1.1.3+25+g8ae0263-1  xkeyboard-config-2.38-1  xorg-xprop-1.2.6-1  xorg-xset-1.2.5-1  xorgproto-2022.2-1  capitaine-cursors-4-2  gtk-engine-murrine-0.98.2-4  kvantum-1.0.10-1  kvantum-theme-nordic-git-2.2.0.r50.ga07fe37-1  nordic-darker-theme-2.2.0-1  qt5ct-1.7-1  sway-1:1.8.1-1  swaybg-1.2.0-1  swayidle-1.8.0-1  swaylock-1.7.2-1  tela-circle-icon-theme-git-2023.04.16.r8.g58ea2c61-1

Total Installed Size:  739.11 MiB

:: Proceed with installation? [Y/n] 
checking keyring...
checking package integrity...
loading package files...
checking for file conflicts...
checking available disk space...
:: Processing package changes...
installing capitaine-cursors...
installing adobe-source-code-pro-fonts...
installing cantarell-fonts...
installing dconf...
installing gsettings-desktop-schemas...
installing xcb-proto...
installing xorgproto...
installing libxdmcp...
installing libxau...
installing libxcb...
installing libx11...
installing libxext...
installing libxfixes...
installing libxi...
installing libxtst...
installing at-spi2-core...
Optional dependencies for at-spi2-core
    dbus-broker: Alternative bus implementation
installing graphite...
Optional dependencies for graphite
    graphite-docs: Documentation
installing harfbuzz...
Optional dependencies for harfbuzz
    harfbuzz-utils: utilities
installing libpng...
installing freetype2...
installing fontconfig...
Creating fontconfig configuration...
Rebuilding fontconfig cache...
installing libxrender...
installing lzo...
installing pixman...
installing cairo...
installing desktop-file-utils...
installing libjpeg-turbo...
Optional dependencies for libjpeg-turbo
    java-runtime>11: for TurboJPEG Java wrapper
installing libtiff...
Optional dependencies for libtiff
    freeglut: for using tiffgt
installing shared-mime-info...
installing gdk-pixbuf2...
Optional dependencies for gdk-pixbuf2
    libwmf: Load .wmf and .apm
    libopenraw: Load .dng, .cr2, .crw, .nef, .orf, .pef, .arw, .erf, .mrw, and .raf
    libavif: Load .avif
    libheif: Load .heif, .heic, and .avif
    libjxl: Load .jxl
    librsvg: Load .svg, .svgz, and .svg.gz [pending]
    webp-pixbuf-loader: Load .webp
installing fribidi...
installing libdatrie...
installing libthai...
installing libxft...
installing pango...
installing librsvg...
installing hicolor-icon-theme...
installing gtk-update-icon-cache...
installing libdaemon...
installing avahi...
Optional dependencies for avahi
    gtk3: avahi-discover, avahi-discover-standalone, bshell, bssh, bvnc
    qt5-base: qt5 bindings [pending]
    libevent: libevent bindings [installed]
    nss-mdns: NSS support for mDNS
    python-twisted: avahi-bookmarks
    python-gobject: avahi-bookmarks, avahi-discover
    python-dbus: avahi-bookmarks, avahi-discover
installing libcups...
installing libxcomposite...
installing default-cursors...
Optional dependencies for default-cursors
    adwaita-cursors: default cursor theme
installing libxcursor...
installing libxdamage...
installing libxinerama...
installing libxrandr...
installing gtk2...
Optional dependencies for gtk2
    adwaita-icon-theme: Default icon theme
    gnome-themes-standard: Default widget theme
    python: gtk-builder-convert
installing gtk-engine-murrine...
installing xcb-util-keysyms...
installing xcb-util-renderutil...
installing libpciaccess...
installing libdrm...
installing wayland...
installing libxxf86vm...
installing libxshmfence...
installing libomxil-bellagio...
installing libunwind...
installing libedit...
installing llvm-libs...
installing lm_sensors...
Optional dependencies for lm_sensors
    rrdtool: for logging with sensord
    perl: for sensor detection and configuration convert [installed]
installing vulkan-icd-loader...
Optional dependencies for vulkan-icd-loader
    vulkan-driver: packaged vulkan driver
installing mesa...
Optional dependencies for mesa
    opengl-man-pages: for the OpenGL API man pages
    mesa-vdpau: for accelerated video playback
    libva-mesa-driver: for accelerated video playback
installing libglvnd...
installing libice...
installing libsm...
installing libxt...
installing libxmu...
installing xorg-xset...
installing xorg-xprop...
installing xdg-utils...
Optional dependencies for xdg-utils
    kde-cli-tools: for KDE Plasma5 support in xdg-open
    exo: for Xfce support in xdg-open
    pcmanfm: for LXDE support in xdg-open
    perl-file-mimeinfo: for generic support in xdg-open
    perl-net-dbus: Perl extension to dbus used in xdg-screensaver
    perl-x11-protocol: Perl X11 protocol used in xdg-screensaver
installing xcb-util-wm...
installing xcb-util...
installing xcb-util-image...
installing tslib...
installing mtdev...
installing libevdev...
installing libgudev...
installing libwacom...
Optional dependencies for libwacom
    python-libevdev: for libwacom-show-stylus
    python-pyudev: for libwacom-show-stylus
installing libinput...
Optional dependencies for libinput
    gtk4: libinput debug-gui
    python-pyudev: libinput measure
    python-libevdev: libinput measure
installing xkeyboard-config...
installing libxkbcommon...
Optional dependencies for libxkbcommon
    libxkbcommon-x11: xkbcli interactive-x11 [pending]
    wayland: xkbcli interactive-wayland [installed]
installing libxkbcommon-x11...
installing duktape...
installing libproxy...
Optional dependencies for libproxy
    networkmanager: NetworkManager configuration module
    perl: Perl bindings [installed]
    python: Python 3.x bindings
    libproxy-webkit: PAC proxy support (via WebKit)
    pacrunner: PAC proxy support (via pacrunner)
installing double-conversion...
installing md4c...
installing qt5-translations...
installing qt5-base...
Optional dependencies for qt5-base
    qt5-svg: to use SVG icon themes [pending]
    qt5-wayland: to run Qt applications in a Wayland session
    postgresql-libs: PostgreSQL driver
    mariadb-libs: MariaDB driver
    unixodbc: ODBC driver
    libfbclient: Firebird/iBase driver
    freetds: MS SQL driver
    gtk3: GTK platform plugin
    perl: for fixqt4headers and syncqt [installed]
installing qt5-svg...
installing qt5-x11extras...
installing kwindowsystem...
installing kvantum...
Optional dependencies for kvantum
    qt6-svg: Qt6 style
installing kvantum-theme-nordic-git...
installing nordic-darker-theme...
installing qt5ct...
installing seatd...
installing xcb-util-errors...
installing wlroots...
Optional dependencies for wlroots
    xorg-xwayland: Xwayland support
installing gnu-free-fonts...
installing sway...
Sway requires additional setup for privilege escalation. Without this setup,
sway will fail to start with session activation permission failures. Choose one
of the two available options (In alphabetical, not recommended, order):

1. polkit: This will make sway "just work" right after installation but may be
           a weightier solution than desired.

2. seatd: Already required as a sway dependency, this is a lighter-weight
          solution but requires some user configuration: Enabling the service,
          adding your user to the "seat" group, then logging out/in again.

Either option should provide the same functionality/stability. Refer to the
Sway wiki page for information.
Optional dependencies for sway
    bemenu: Wayland-native alternative to dmenu
    dmenu: Application launcher used in default config
    foot: Terminal emulator used in the default configuration
    i3status: Status line generation
    mako: Lightweight notification daemon
    polkit: System privilege control. Required if not using seatd service
    swaybg: Wallpaper tool for sway [pending]
    swayidle: Idle management daemon [pending]
    swaylock: Screen locker [pending]
    waybar: Highly customizable bar
    xorg-xwayland: X11 support
installing swayidle...
installing swaylock...
installing swaybg...
installing tela-circle-icon-theme-git...
:: Running post-transaction hooks...
( 1/16) Creating system user accounts...
Creating group 'seat' with GID 974.
Creating group 'avahi' with GID 973.
Creating user 'avahi' (Avahi mDNS/DNS-SD daemon) with UID 973 and GID 973.
( 2/16) Reloading system manager configuration...
  Skipped: Current root is not booted.
( 3/16) Updating udev hardware database...
( 4/16) Reloading device manager configuration...
  Skipped: Device manager is not running.
( 5/16) Arming ConditionNeedsUpdate...
( 6/16) Updating the MIME type database...
( 7/16) Updating fontconfig configuration...
( 8/16) Reloading system bus configuration...
  Skipped: Current root is not booted.
( 9/16) Warn about old perl modules
(10/16) Updating fontconfig cache...
(11/16) Probing GDK-Pixbuf loader modules...
(12/16) Updating GIO module cache...
(13/16) Compiling GSettings XML schema files...
(14/16) Probing GTK2 input method modules...
(15/16) Updating icon theme caches...
(16/16) Updating the desktop file MIME type cache...
==> ERROR: A package has already been built. (use -f to overwrite)
umount: /var/cache/chaotic/routines/hourly/garuda-sway-settings/machine/root/home/main-builder/pkgwork unmounted
umount: /var/cache/chaotic/routines/hourly/garuda-sway-settings/machine/root/home/main-builder/.ccache unmounted
umount: /var/cache/chaotic/routines/hourly/garuda-sway-settings/machine/root/home/main-builder/pkgsrc unmounted
umount: /var/cache/chaotic/routines/hourly/garuda-sway-settings/machine/root/var/cache/pacman/pkg unmounted
umount: /var/cache/chaotic/routines/hourly/garuda-sway-settings/machine/root/var/pkgdest unmounted
umount: /var/cache/chaotic/routines/hourly/garuda-sway-settings/machine/root (overlay) unmounted

real	2m29.037s
user	0m25.827s
sys	1m57.394s
