Building package "garuda-bootctl-dracut"
:: Synchronizing package databases...
 core downloading...
 extra downloading...
 community downloading...
 multilib downloading...
 chaotic-aur downloading...
 garuda downloading...
:: Starting full system upgrade...
resolving dependencies...
looking for conflicting packages...

Packages (2) ca-certificates-mozilla-3.89.1-1  perl-5.36.1-1

Total Installed Size:  60.67 MiB
Net Upgrade Size:      -0.08 MiB

:: Proceed with installation? [Y/n] 
checking keyring...
checking package integrity...
loading package files...
checking for file conflicts...
checking available disk space...
:: Processing package changes...
upgrading ca-certificates-mozilla...
upgrading perl...
:: Running post-transaction hooks...
(1/3) Arming ConditionNeedsUpdate...
(2/3) Rebuilding certificate stores...
(3/3) Warn about old perl modules
warning: pacman-6.0.2-6 is up to date -- skipping
warning: systemd-253.4-1 is up to date -- skipping
warning: tpm2-tss-3.2.0-3 is up to date -- skipping
resolving dependencies...
looking for conflicting packages...

Packages (6) cpio-2.13-3  dracut-056-2  dracut-hook-uefi-17-1  sbctl-0.11-1  sbsigntools-0.9.5-1  tpm2-tools-5.3-2

Total Installed Size:  9.80 MiB

:: Proceed with installation? [Y/n] 
checking keyring...
checking package integrity...
loading package files...
checking for file conflicts...
checking available disk space...
:: Processing package changes...
installing cpio...
installing dracut...
Optional dependencies for dracut
    binutils: --uefi option support [installed]
    elfutils: strip binaries to reduce initramfs size
    multipath-tools: dmraid dracut module support
    pigz: faster gzip compression
    sbsigntools: uefi_secureboot_cert/key configuration option support [pending]
installing sbsigntools...
installing sbctl...
installing tpm2-tools...
Optional dependencies for tpm2-tools
    tpm2-abrmd: user space resource manager
installing dracut-hook-uefi...
:: Running post-transaction hooks...
(1/4) Reloading system manager configuration...
  Skipped: Current root is not booted.
(2/4) Arming ConditionNeedsUpdate...
(3/4) Generating unified EFI kernel images...
:: Rebuilding all unified kernel images
/usr/bin/dracut: line 861: cd: /lib/modules: No such file or directory
error: command failed to execute correctly
(4/4) Updating the info directory file...
==> ERROR: A package has already been built. (use -f to overwrite)
umount: /var/cache/chaotic/routines/hourly/garuda-bootctl-dracut/machine/root/home/main-builder/pkgwork unmounted
umount: /var/cache/chaotic/routines/hourly/garuda-bootctl-dracut/machine/root/home/main-builder/.ccache unmounted
umount: /var/cache/chaotic/routines/hourly/garuda-bootctl-dracut/machine/root/home/main-builder/pkgsrc unmounted
umount: /var/cache/chaotic/routines/hourly/garuda-bootctl-dracut/machine/root/var/cache/pacman/pkg unmounted
umount: /var/cache/chaotic/routines/hourly/garuda-bootctl-dracut/machine/root/var/pkgdest unmounted
umount: /var/cache/chaotic/routines/hourly/garuda-bootctl-dracut/machine/root (overlay) unmounted

real	0m6.270s
user	0m2.150s
sys	0m2.869s
