Building package "grub-garuda"
:: Synchronizing package databases...
 core downloading...
 extra downloading...
 community downloading...
 multilib downloading...
 chaotic-aur downloading...
 garuda downloading...
:: Starting full system upgrade...
resolving dependencies...
looking for conflicting packages...

Packages (2) ca-certificates-mozilla-3.89.1-1  perl-5.36.1-1

Total Installed Size:  60.67 MiB
Net Upgrade Size:      -0.08 MiB

:: Proceed with installation? [Y/n] 
checking keyring...
checking package integrity...
loading package files...
checking for file conflicts...
checking available disk space...
:: Processing package changes...
upgrading ca-certificates-mozilla...
upgrading perl...
:: Running post-transaction hooks...
(1/3) Arming ConditionNeedsUpdate...
(2/3) Rebuilding certificate stores...
(3/3) Warn about old perl modules
resolving dependencies...
looking for conflicting packages...

Packages (10) efivar-38-3  perl-error-0.17029-4  perl-mailtools-2.21-6  perl-timedate-2.33-4  efibootmgr-18-2  git-2.40.1-1  grub-2:2.06.r499.ge67a551a4-1  memtest86+-6.10-1  os-prober-btrfs-1.79-5  update-grub-0.0.1-7.1

Total Installed Size:  71.87 MiB

:: Proceed with installation? [Y/n] 
checking keyring...
checking package integrity...
loading package files...
checking for file conflicts...
checking available disk space...
:: Processing package changes...
installing grub...
:: Install your bootloader and generate configuration with:
     $ grub-install ...
     $ grub-mkconfig -o /boot/grub/grub.cfg
Optional dependencies for grub
    freetype2: For grub-mkfont usage
    fuse2: For grub-mount usage
    dosfstools: For grub-mkrescue FAT FS and EFI support
    lzop: For grub-mkrescue LZO support
    efibootmgr: For grub-install EFI support [pending]
    libisoburn: Provides xorriso for generating grub rescue iso using grub-mkrescue
    os-prober: To detect other OSes when generating grub.cfg in BIOS systems [pending]
    mtools: For grub-mkrescue FAT FS support
installing update-grub...
installing os-prober-btrfs...
installing efivar...
installing efibootmgr...
installing memtest86+...
installing perl-error...
installing perl-timedate...
installing perl-mailtools...
installing git...
Optional dependencies for git
    tk: gitk and git gui
    perl-libwww: git svn
    perl-term-readkey: git svn and interactive.singlekey setting
    perl-io-socket-ssl: git send-email TLS support
    perl-authen-sasl: git send-email TLS support
    perl-mediawiki-api: git mediawiki support
    perl-datetime-format-iso8601: git mediawiki support
    perl-lwp-protocol-https: git mediawiki https support
    perl-cgi: gitweb (web interface) support
    python: git svn & git p4
    subversion: git svn
    org.freedesktop.secrets: keyring credential helper
    libsecret: libsecret credential helper [installed]
:: Running post-transaction hooks...
(1/6) Creating system user accounts...
Creating group 'git' with GID 974.
Creating user 'git' (git daemon user) with UID 974 and GID 974.
(2/6) Reloading system manager configuration...
  Skipped: Current root is not booted.
(3/6) Arming ConditionNeedsUpdate...
(4/6) Warn about old perl modules
(5/6) Fix 'grub' and 'os-prober'
(6/6) Updating the info directory file...
==> ERROR: A package has already been built. (use -f to overwrite)
umount: /var/cache/chaotic/routines/hourly/grub-garuda/machine/root/home/main-builder/pkgwork unmounted
umount: /var/cache/chaotic/routines/hourly/grub-garuda/machine/root/home/main-builder/.ccache unmounted
umount: /var/cache/chaotic/routines/hourly/grub-garuda/machine/root/home/main-builder/pkgsrc unmounted
umount: /var/cache/chaotic/routines/hourly/grub-garuda/machine/root/var/cache/pacman/pkg unmounted
umount: /var/cache/chaotic/routines/hourly/grub-garuda/machine/root/var/pkgdest unmounted
umount: /var/cache/chaotic/routines/hourly/grub-garuda/machine/root (overlay) unmounted

real	0m7.930s
user	0m2.297s
sys	0m3.154s
