Building package "grub-theme-garuda-custom"
:: Synchronizing package databases...
 core downloading...
 extra downloading...
 community downloading...
 multilib downloading...
 chaotic-aur downloading...
 garuda downloading...
:: Starting full system upgrade...
resolving dependencies...
looking for conflicting packages...

Packages (2) ca-certificates-mozilla-3.89.1-1  perl-5.36.1-1

Total Installed Size:  60.67 MiB
Net Upgrade Size:      -0.08 MiB

:: Proceed with installation? [Y/n] 
checking keyring...
checking package integrity...
loading package files...
checking for file conflicts...
checking available disk space...
:: Processing package changes...
upgrading ca-certificates-mozilla...
upgrading perl...
:: Running post-transaction hooks...
(1/3) Arming ConditionNeedsUpdate...
(2/3) Rebuilding certificate stores...
(3/3) Warn about old perl modules
resolving dependencies...
looking for conflicting packages...

Packages (4) perl-error-0.17029-4  perl-mailtools-2.21-6  perl-timedate-2.33-4  git-2.40.1-1

Total Installed Size:  37.97 MiB

:: Proceed with installation? [Y/n] 
checking keyring...
checking package integrity...
loading package files...
checking for file conflicts...
checking available disk space...
:: Processing package changes...
installing perl-error...
installing perl-timedate...
installing perl-mailtools...
installing git...
Optional dependencies for git
    tk: gitk and git gui
    perl-libwww: git svn
    perl-term-readkey: git svn and interactive.singlekey setting
    perl-io-socket-ssl: git send-email TLS support
    perl-authen-sasl: git send-email TLS support
    perl-mediawiki-api: git mediawiki support
    perl-datetime-format-iso8601: git mediawiki support
    perl-lwp-protocol-https: git mediawiki https support
    perl-cgi: gitweb (web interface) support
    python: git svn & git p4
    subversion: git svn
    org.freedesktop.secrets: keyring credential helper
    libsecret: libsecret credential helper [installed]
:: Running post-transaction hooks...
(1/4) Creating system user accounts...
Creating group 'git' with GID 974.
Creating user 'git' (git daemon user) with UID 974 and GID 974.
(2/4) Reloading system manager configuration...
  Skipped: Current root is not booted.
(3/4) Arming ConditionNeedsUpdate...
(4/4) Warn about old perl modules
==> Making package: grub-theme-garuda-dr460nized r2.49d1e5e-1 (Sun 07 May 2023 07:23:02 PM CEST)
==> Checking runtime dependencies...
==> Checking buildtime dependencies...
==> Retrieving sources...
  -> Updating grub-theme git repo...
==> WARNING: Skipping verification of source file PGP signatures.
==> Validating source files with sha256sums...
    grub-theme ... Skipped
==> Extracting sources...
  -> Creating working copy of grub-theme git repo...
Cloning into 'grub-theme'...
done.
==> Starting pkgver()...
==> ERROR: A package has already been built. (use -f to overwrite)
umount: /var/cache/chaotic/routines/hourly/grub-theme-garuda-custom/machine/root/home/main-builder/pkgwork unmounted
umount: /var/cache/chaotic/routines/hourly/grub-theme-garuda-custom/machine/root/home/main-builder/.ccache unmounted
umount: /var/cache/chaotic/routines/hourly/grub-theme-garuda-custom/machine/root/home/main-builder/pkgsrc unmounted
umount: /var/cache/chaotic/routines/hourly/grub-theme-garuda-custom/machine/root/var/cache/pacman/pkg unmounted
umount: /var/cache/chaotic/routines/hourly/grub-theme-garuda-custom/machine/root/var/pkgdest unmounted
umount: /var/cache/chaotic/routines/hourly/grub-theme-garuda-custom/machine/root (overlay) unmounted

real	0m6.305s
user	0m1.990s
sys	0m2.830s
