Building package "mhwd-garuda-git"
:: Synchronizing package databases...
 core downloading...
 extra downloading...
 community downloading...
 multilib downloading...
 chaotic-aur downloading...
 garuda downloading...
:: Starting full system upgrade...
resolving dependencies...
looking for conflicting packages...

Packages (4) perl-error-0.17029-4  perl-mailtools-2.21-6  perl-timedate-2.33-4  git-2.40.1-1

Total Installed Size:  37.97 MiB

:: Proceed with installation? [Y/n] 
checking keyring...
checking package integrity...
loading package files...
checking for file conflicts...
checking available disk space...
:: Processing package changes...
installing perl-error...
installing perl-timedate...
installing perl-mailtools...
installing git...
Optional dependencies for git
    tk: gitk and git gui
    perl-libwww: git svn
    perl-term-readkey: git svn and interactive.singlekey setting
    perl-io-socket-ssl: git send-email TLS support
    perl-authen-sasl: git send-email TLS support
    perl-mediawiki-api: git mediawiki support
    perl-datetime-format-iso8601: git mediawiki support
    perl-lwp-protocol-https: git mediawiki https support
    perl-cgi: gitweb (web interface) support
    python: git svn & git p4
    subversion: git svn
    org.freedesktop.secrets: keyring credential helper
    libsecret: libsecret credential helper [installed]
:: Running post-transaction hooks...
(1/4) Creating system user accounts...
Creating group 'git' with GID 974.
Creating user 'git' (git daemon user) with UID 974 and GID 974.
(2/4) Reloading system manager configuration...
  Skipped: Current root is not booted.
(3/4) Arming ConditionNeedsUpdate...
(4/4) Warn about old perl modules
warning: gcc-libs-13.1.1-1 is up to date -- skipping
warning: git-2.40.1-1 is up to date -- skipping
resolving dependencies...
looking for conflicting packages...

Packages (27) hicolor-icon-theme-0.17-3  jsoncpp-1.9.5-2  libnsl-2.0.0-3  libuv-1.44.2-1  libx86emu-3.5-3  perl-clone-0.46-1  perl-encode-locale-1.05-10  perl-file-listing-6.15-2  perl-html-parser-3.81-1  perl-html-tagset-3.20-13  perl-http-cookies-6.10-3  perl-http-daemon-6.16-1  perl-http-date-6.05-6  perl-http-message-6.44-1  perl-http-negotiate-6.01-11  perl-io-html-1.004-3  perl-libwww-6.67-1  perl-lwp-mediatypes-6.04-3  perl-net-http-6.22-2  perl-try-tiny-0.31-2  perl-uri-5.17-1  perl-www-robotrules-6.02-11  perl-xml-parser-2.46-4  perl-xml-writer-0.900-1  rhash-1.4.3-1  cmake-3.26.3-1  hwinfo-22.2-2

Total Installed Size:  77.50 MiB

:: Proceed with installation? [Y/n] 
checking keyring...
checking package integrity...
loading package files...
checking for file conflicts...
checking available disk space...
:: Processing package changes...
installing libx86emu...
installing perl-encode-locale...
installing perl-http-date...
installing perl-file-listing...
installing perl-html-tagset...
installing perl-clone...
installing perl-io-html...
installing perl-lwp-mediatypes...
installing perl-uri...
installing perl-http-message...
installing perl-html-parser...
installing perl-http-cookies...
installing perl-http-daemon...
installing perl-http-negotiate...
installing perl-net-http...
installing perl-try-tiny...
installing perl-www-robotrules...
installing perl-libwww...
Optional dependencies for perl-libwww
    perl-lwp-protocol-https: for https:// url schemes
installing perl-xml-parser...
installing perl-xml-writer...
installing hwinfo...
installing hicolor-icon-theme...
installing jsoncpp...
Optional dependencies for jsoncpp
    jsoncpp-doc: documentation
installing libnsl...
installing libuv...
installing rhash...
installing cmake...
Optional dependencies for cmake
    qt6-base: cmake-gui
:: Running post-transaction hooks...
(1/2) Arming ConditionNeedsUpdate...
(2/2) Warn about old perl modules
==> Making package: mhwd-garuda-git r20.dc8eff1-2 (Sun 07 May 2023 08:20:17 PM CEST)
==> Checking runtime dependencies...
==> Checking buildtime dependencies...
==> Retrieving sources...
  -> Updating mhwd-garuda git repo...
==> WARNING: Skipping verification of source file PGP signatures.
==> Validating source files with sha256sums...
    mhwd-garuda ... Skipped
==> Extracting sources...
  -> Creating working copy of mhwd-garuda git repo...
Cloning into 'mhwd-garuda'...
done.
Switched to a new branch 'makepkg'
==> Starting pkgver()...
==> ERROR: The package group has already been built. (use -f to overwrite)
umount: /var/cache/chaotic/routines/hourly/mhwd-garuda-git/machine/root/home/main-builder/pkgwork unmounted
umount: /var/cache/chaotic/routines/hourly/mhwd-garuda-git/machine/root/home/main-builder/.ccache unmounted
umount: /var/cache/chaotic/routines/hourly/mhwd-garuda-git/machine/root/home/main-builder/pkgsrc unmounted
umount: /var/cache/chaotic/routines/hourly/mhwd-garuda-git/machine/root/var/cache/pacman/pkg unmounted
umount: /var/cache/chaotic/routines/hourly/mhwd-garuda-git/machine/root/var/pkgdest unmounted
umount: /var/cache/chaotic/routines/hourly/mhwd-garuda-git/machine/root (overlay) unmounted

real	0m6.225s
user	0m1.813s
sys	0m3.097s
