Building package "networkmanager-support"
:: Synchronizing package databases...
 core downloading...
 extra downloading...
 community downloading...
 multilib downloading...
 chaotic-aur downloading...
 garuda downloading...
:: Starting full system upgrade...
 there is nothing to do
resolving dependencies...
looking for conflicting packages...

Packages (79) bluez-libs-5.66-1  dnssec-anchors-20190629-3  duktape-2.7.0-5  gpm-1.20.7.r38.ge82d1a6-5  ldns-1.8.3-2  libdaemon-0.14-5  libedit-20221030_3.1-1  libgudev-237-2  libice-1.1.1-2  libmbim-1.28.4-1  libmm-glib-1.20.6-1  libndp-1.8-1  libnewt-0.52.23-2  libnm-1.42.6-1  libpgm-5.3.128-2  libproxy-0.4.18-3  libqmi-1.32.4-1  libqrtr-glib-1.2.2-2  libsm-1.2.4-1  libsodium-1.0.18-2  libteam-1.31-8  libusb-1.0.26-2  libx11-1.8.4-1  libxau-1.0.11-2  libxcb-1.15-2  libxdmcp-1.1.4-2  libxext-1.3.5-1  libxmu-1.1.4-1  libxslt-1.1.37-3  libxt-1.3.0-1  lzo-2.10-5  nftables-1:1.0.7-2  nspr-4.35-1  nss-3.89-1  oath-toolkit-2.6.7-1  openconnect-1:9.01-2  openfortivpn-1.20.2-1  openvpn-2.6.3-1  pcre-8.45-3  pcsclite-1.9.9-3  pkcs11-helper-1.29.0-2  polkit-122-1  ppp-2.4.9-3  pptpclient-1.10.0-3  slang-2.3.3-2  sstp-client-1:1.0.18-1  stoken-0.92-4  strongswan-5.9.9-1  tcl-8.6.13-1  unixodbc-2.3.11-1  vpnc-1:0.5.3.r526.r213-1  xcb-proto-1.15.2-3  xdg-utils-1.1.3+25+g8ae0263-1  xl2tpd-1.3.18-1  xmlsec-1.2.37-1  xorg-xprop-1.2.6-1  xorg-xset-1.2.5-1  xorgproto-2022.2-1  zeromq-4.3.4-2  dnsmasq-2.89-1  mobile-broadband-provider-info-20230416-1  modemmanager-1.20.6-1  network-manager-sstp-1.3.1-2  networkmanager-1.42.6-1  networkmanager-fortisslvpn-1.4.0-2  networkmanager-l2tp-1.20.8-1  networkmanager-openconnect-1.2.8-2  networkmanager-openvpn-1.10.2-1  networkmanager-pptp-1.2.12-1  networkmanager-strongswan-1.6.0-1  networkmanager-vpnc-1.2.8-3  nm-cloud-setup-1.42.6-1  openldap-2.6.4-2  openresolv-3.13.1-1  openssh-9.3p1-1  rp-pppoe-3.15-2  usb_modeswitch-2.6.1-3  wireguard-tools-1.0.20210914-1  wpa_supplicant-2:2.10-8

Total Installed Size:  194.48 MiB

:: Proceed with installation? [Y/n] 
checking keyring...
checking package integrity...
loading package files...
checking for file conflicts...
checking available disk space...
:: Processing package changes...
installing nftables...
Optional dependencies for nftables
    python: Python bindings
installing dnsmasq...
installing mobile-broadband-provider-info...
installing libgudev...
installing duktape...
installing polkit...
installing ppp...
installing libmbim...
installing libqrtr-glib...
installing libqmi...
installing libmm-glib...
installing modemmanager...
Optional dependencies for modemmanager
    usb_modeswitch: install if your modem shows up as a storage drive [pending]
installing sstp-client...
Optional dependencies for sstp-client
    ppp [installed]
installing network-manager-sstp...
Optional dependencies for network-manager-sstp
    ppp [installed]
    libnma: GUI support (GTK 3)
    libnma-gtk4: GUI support (GTK 4)
installing bluez-libs...
installing libndp...
installing gpm...
installing pcre...
installing slang...
installing libnewt...
Optional dependencies for libnewt
    python: libnewt support with the _snack module
    tcl: whiptcl support [pending]
installing nspr...
installing nss...
installing libnm...
installing libdaemon...
installing libsodium...
installing libpgm...
installing zeromq...
installing libteam...
installing pcsclite...
Optional dependencies for pcsclite
    python: API call trace logging with the pcsc-spy
    ccid: USB Chip/Smart Card Interface Devices driver
installing wpa_supplicant...
installing networkmanager...
Optional dependencies for networkmanager
    bluez: Bluetooth support
    dhclient: alternative DHCP client
    dhcpcd: alternative DHCP client
    dnsmasq: connection sharing [installed]
    firewalld: firewall support
    iptables: connection sharing [installed]
    iwd: wpa_supplicant alternative
    modemmanager: cellular network support [installed]
    nftables: connection sharing [installed]
    openresolv: alternative resolv.conf manager [pending]
    pacrunner: PAC proxy support
    polkit: let non-root users control networking [installed]
    ppp: dialup connection support [installed]
installing openresolv...
installing openfortivpn...
installing networkmanager-fortisslvpn...
Optional dependencies for networkmanager-fortisslvpn
    libnma: GUI support (GTK 3)
    libnma-gtk4: GUI support (GTK 4)
installing xl2tpd...
installing networkmanager-l2tp...
Optional dependencies for networkmanager-l2tp
    libnma: GUI support (GTK 3)
    libnma-gtk4: GUI support (GTK 4)
    strongswan: IPSec support [pending]
installing libproxy...
Optional dependencies for libproxy
    networkmanager: NetworkManager configuration module [installed]
    perl: Perl bindings [installed]
    python: Python 3.x bindings
    libproxy-webkit: PAC proxy support (via WebKit)
    pacrunner: PAC proxy support (via pacrunner)
installing vpnc...
Optional dependencies for vpnc
    openresolv: Let vpnc manage resolv.conf [installed]
installing stoken...
Optional dependencies for stoken
    gtk3: required for stoken-gui
installing libxslt...
Optional dependencies for libxslt
    python: Python bindings
installing xmlsec...
installing oath-toolkit...
installing xcb-proto...
installing xorgproto...
installing libxdmcp...
installing libxau...
installing libxcb...
installing libx11...
installing libxext...
installing libice...
installing libsm...
installing libxt...
installing libxmu...
installing xorg-xset...
installing xorg-xprop...
installing xdg-utils...
Optional dependencies for xdg-utils
    kde-cli-tools: for KDE Plasma5 support in xdg-open
    exo: for Xfce support in xdg-open
    pcmanfm: for LXDE support in xdg-open
    perl-file-mimeinfo: for generic support in xdg-open
    perl-net-dbus: Perl extension to dbus used in xdg-screensaver
    perl-x11-protocol: Perl X11 protocol used in xdg-screensaver
installing openconnect...
Optional dependencies for openconnect
    python: tncc-wrapper
installing networkmanager-openconnect...
Optional dependencies for networkmanager-openconnect
    libnma: GUI support (GTK 3)
    libnma-gtk4: GUI support (GTK 4)
installing lzo...
installing pkcs11-helper...
installing openvpn...
Optional dependencies for openvpn
    easy-rsa: easy CA and certificate handling
    pam: authenticate via PAM [installed]
installing networkmanager-openvpn...
Optional dependencies for networkmanager-openvpn
    libnma: GUI support (GTK 3)
    libnma-gtk4: GUI support (GTK 4)
installing pptpclient...
installing networkmanager-pptp...
Optional dependencies for networkmanager-pptp
    libnma-gtk4: GUI support (GTK 4)
    libnma: GUI support (GTK 3)
installing strongswan...
Optional dependencies for strongswan
    libnm: for networkmanager support [installed]
    mariadb: MySQL support
    ruby: Ruby support
    python: Python support
    resolvconf: Resolveplugin [installed]
    openldap: LDAP support [pending]
installing networkmanager-strongswan...
Optional dependencies for networkmanager-strongswan
    libnma: GUI support
installing networkmanager-vpnc...
Optional dependencies for networkmanager-vpnc
    libnma-gtk4: GUI support (GTK 4)
    libnma: GUI support (GTK 3)
installing nm-cloud-setup...
installing unixodbc...
installing openldap...
installing dnssec-anchors...
installing ldns...
Optional dependencies for ldns
    libpcap: ldns-dpa tool [installed]
installing libedit...
installing openssh...
Optional dependencies for openssh
    libfido2: FIDO/U2F support
    x11-ssh-askpass: input passphrase in X
    xorg-xauth: X11 forwarding
installing rp-pppoe...
>>> The kernel-mode plugin has a new place.
>>> It's now located under /usr/lib/rp-pppoe/rp-pppoe.so
>>> Change LINUX_PLUGIN to the new path in your /etc/ppp/pppoe.conf
installing libusb...
installing tcl...
installing usb_modeswitch...
installing wireguard-tools...
Optional dependencies for wireguard-tools
    openresolv: for DNS functionality [installed]
    sudo: elevate privileges [installed]
:: Running post-transaction hooks...
(1/8) Creating system user accounts...
Creating group 'dnsmasq' with GID 974.
Creating user 'dnsmasq' (dnsmasq daemon) with UID 974 and GID 974.
Creating group 'nm-openconnect' with GID 973.
Creating user 'nm-openconnect' (NetworkManager OpenConnect) with UID 973 and GID 973.
Creating group 'nm-openvpn' with GID 972.
Creating user 'nm-openvpn' (NetworkManager OpenVPN) with UID 972 and GID 972.
Creating group 'ldap' with GID 439.
Creating user 'ldap' (LDAP Server) with UID 439 and GID 439.
Creating group 'openvpn' with GID 971.
Creating user 'openvpn' (OpenVPN) with UID 971 and GID 971.
Creating group 'polkitd' with GID 102.
Creating user 'polkitd' (PolicyKit daemon) with UID 102 and GID 102.
(2/8) Reloading system manager configuration...
  Skipped: Current root is not booted.
(3/8) Creating temporary files...
(4/8) Reloading device manager configuration...
  Skipped: Device manager is not running.
(5/8) Arming ConditionNeedsUpdate...
(6/8) Reloading system bus configuration...
  Skipped: Current root is not booted.
(7/8) Warn about old perl modules
(8/8) Updating the info directory file...
==> ERROR: A package has already been built. (use -f to overwrite)
umount: /var/cache/chaotic/routines/hourly/networkmanager-support/machine/root/home/main-builder/pkgwork unmounted
umount: /var/cache/chaotic/routines/hourly/networkmanager-support/machine/root/home/main-builder/.ccache unmounted
umount: /var/cache/chaotic/routines/hourly/networkmanager-support/machine/root/home/main-builder/pkgsrc unmounted
umount: /var/cache/chaotic/routines/hourly/networkmanager-support/machine/root/var/cache/pacman/pkg unmounted
umount: /var/cache/chaotic/routines/hourly/networkmanager-support/machine/root/var/pkgdest unmounted
umount: /var/cache/chaotic/routines/hourly/networkmanager-support/machine/root (overlay) unmounted

real	0m9.123s
user	0m2.430s
sys	0m5.141s
