Building package "performance-tweaks"
:: Synchronizing package databases...
 core downloading...
 extra downloading...
 community downloading...
 multilib downloading...
 chaotic-aur downloading...
 garuda downloading...
:: Starting full system upgrade...
resolving dependencies...
looking for conflicting packages...

Packages (2) ca-certificates-mozilla-3.89.1-1  perl-5.36.1-1

Total Installed Size:  60.67 MiB
Net Upgrade Size:      -0.08 MiB

:: Proceed with installation? [Y/n] 
checking keyring...
checking package integrity...
loading package files...
checking for file conflicts...
checking available disk space...
:: Processing package changes...
upgrading ca-certificates-mozilla...
upgrading perl...
:: Running post-transaction hooks...
(1/3) Arming ConditionNeedsUpdate...
(2/3) Rebuilding certificate stores...
(3/3) Warn about old perl modules
warning: coreutils-9.3-1 is up to date -- skipping
resolving dependencies...
looking for conflicting packages...

Packages (9) fmt-9.1.0-4  nlohmann-json-3.11.2-1  numactl-2.0.16-1  spdlog-1.11.0-2  ananicy-cpp-1.0.2-1  ananicy-rules-1.r129.8ac5d97-1  hdparm-9.65-1  irqbalance-1.9.2-1  preload-0.6.4-9

Total Installed Size:  4.78 MiB

:: Proceed with installation? [Y/n] 
checking keyring...
checking package integrity...
loading package files...
checking for file conflicts...
checking available disk space...
:: Processing package changes...
installing fmt...
installing spdlog...
installing nlohmann-json...
installing ananicy-cpp...
Optional dependencies for ananicy-cpp
    ananicy-rules-git: community rules [pending]
    ananicy-rules: Rules based for ananicy-cpp [pending]
installing ananicy-rules...
installing hdparm...
installing numactl...
installing irqbalance...
installing preload...
:: Running post-transaction hooks...
(1/2) Reloading system manager configuration...
  Skipped: Current root is not booted.
(2/2) Arming ConditionNeedsUpdate...
==> Making package: performance-tweaks 2.1.3-1 (Sun 07 May 2023 08:15:03 PM CEST)
==> Checking runtime dependencies...
==> Checking buildtime dependencies...
==> Retrieving sources...
  -> Downloading performance-tweaks-2.1.3.tar.gz...
  % Total    % Received % Xferd  Average Speed   Time    Time     Time  Current
                                 Dload  Upload   Total   Spent    Left  Speed
  0     0    0     0    0     0      0      0 --:--:-- --:--:-- --:--:--     0  0     0    0     0    0     0      0      0 --:--:-- --:--:-- --:--:--     0
curl: (22) The requested URL returned error: 404
==> ERROR: Failure while downloading https://gitlab.com/garuda-linux/themes-and-settings/settings/performance-tweaks/-/archive/2.1.3/performance-tweaks-2.1.3.tar.gz
    Aborting...
umount: /var/cache/chaotic/routines/hourly/performance-tweaks/machine/root/home/main-builder/pkgwork unmounted
umount: /var/cache/chaotic/routines/hourly/performance-tweaks/machine/root/home/main-builder/.ccache unmounted
umount: /var/cache/chaotic/routines/hourly/performance-tweaks/machine/root/home/main-builder/pkgsrc unmounted
umount: /var/cache/chaotic/routines/hourly/performance-tweaks/machine/root/var/cache/pacman/pkg unmounted
umount: /var/cache/chaotic/routines/hourly/performance-tweaks/machine/root/var/pkgdest unmounted
umount: /var/cache/chaotic/routines/hourly/performance-tweaks/machine/root (overlay) unmounted

real	0m6.268s
user	0m2.193s
sys	0m2.907s
