Building package "plymouth-theme-garuda"
:: Synchronizing package databases...
 core downloading...
 extra downloading...
 community downloading...
 multilib downloading...
 chaotic-aur downloading...
 garuda downloading...
:: Starting full system upgrade...
 there is nothing to do
resolving dependencies...
looking for conflicting packages...

Packages (4) perl-error-0.17029-4  perl-mailtools-2.21-6  perl-timedate-2.33-4  git-2.40.1-1

Total Installed Size:  37.97 MiB

:: Proceed with installation? [Y/n] 
checking keyring...
checking package integrity...
loading package files...
checking for file conflicts...
checking available disk space...
:: Processing package changes...
installing perl-error...
installing perl-timedate...
installing perl-mailtools...
installing git...
Optional dependencies for git
    tk: gitk and git gui
    perl-libwww: git svn
    perl-term-readkey: git svn and interactive.singlekey setting
    perl-io-socket-ssl: git send-email TLS support
    perl-authen-sasl: git send-email TLS support
    perl-mediawiki-api: git mediawiki support
    perl-datetime-format-iso8601: git mediawiki support
    perl-lwp-protocol-https: git mediawiki https support
    perl-cgi: gitweb (web interface) support
    python: git svn & git p4
    subversion: git svn
    org.freedesktop.secrets: keyring credential helper
    libsecret: libsecret credential helper [installed]
:: Running post-transaction hooks...
(1/4) Creating system user accounts...
Creating group 'git' with GID 974.
Creating user 'git' (git daemon user) with UID 974 and GID 974.
(2/4) Reloading system manager configuration...
  Skipped: Current root is not booted.
(3/4) Arming ConditionNeedsUpdate...
(4/4) Warn about old perl modules
==> Making package: plymouth-theme-garuda r8.b9b7fd8-1 (Sun 07 May 2023 07:23:23 PM CEST)
==> Checking runtime dependencies...
==> Checking buildtime dependencies...
==> Retrieving sources...
  -> Updating plymouth-theme-garuda git repo...
==> WARNING: Skipping verification of source file PGP signatures.
==> Validating source files with sha256sums...
    plymouth-theme-garuda ... Skipped
==> Extracting sources...
  -> Creating working copy of plymouth-theme-garuda git repo...
Cloning into 'plymouth-theme-garuda'...
done.
==> Starting pkgver()...
==> ERROR: A package has already been built. (use -f to overwrite)
umount: /var/cache/chaotic/routines/hourly/plymouth-theme-garuda/machine/root/home/main-builder/pkgwork unmounted
umount: /var/cache/chaotic/routines/hourly/plymouth-theme-garuda/machine/root/home/main-builder/.ccache unmounted
umount: /var/cache/chaotic/routines/hourly/plymouth-theme-garuda/machine/root/home/main-builder/pkgsrc unmounted
umount: /var/cache/chaotic/routines/hourly/plymouth-theme-garuda/machine/root/var/cache/pacman/pkg unmounted
umount: /var/cache/chaotic/routines/hourly/plymouth-theme-garuda/machine/root/var/pkgdest unmounted
umount: /var/cache/chaotic/routines/hourly/plymouth-theme-garuda/machine/root (overlay) unmounted

real	0m3.300s
user	0m1.119s
sys	0m1.157s
