Building package "powersave-tweaks"
:: Synchronizing package databases...
 core downloading...
 extra downloading...
 community downloading...
 multilib downloading...
 chaotic-aur downloading...
 garuda downloading...
:: Starting full system upgrade...
resolving dependencies...
looking for conflicting packages...

Packages (2) ca-certificates-mozilla-3.89.1-1  perl-5.36.1-1

Total Installed Size:  60.67 MiB
Net Upgrade Size:      -0.08 MiB

:: Proceed with installation? [Y/n] 
checking keyring...
checking package integrity...
loading package files...
checking for file conflicts...
checking available disk space...
:: Processing package changes...
upgrading ca-certificates-mozilla...
upgrading perl...
:: Running post-transaction hooks...
(1/3) Arming ConditionNeedsUpdate...
(2/3) Rebuilding certificate stores...
(3/3) Warn about old perl modules
warning: coreutils-9.3-1 is up to date -- skipping
resolving dependencies...
looking for conflicting packages...

Packages (1) hdparm-9.65-1

Total Installed Size:  0.18 MiB

:: Proceed with installation? [Y/n] 
checking keyring...
checking package integrity...
loading package files...
checking for file conflicts...
checking available disk space...
:: Processing package changes...
installing hdparm...
:: Running post-transaction hooks...
(1/1) Arming ConditionNeedsUpdate...
==> ERROR: A package has already been built. (use -f to overwrite)
umount: /var/cache/chaotic/routines/hourly/powersave-tweaks/machine/root/home/main-builder/pkgwork unmounted
umount: /var/cache/chaotic/routines/hourly/powersave-tweaks/machine/root/home/main-builder/.ccache unmounted
umount: /var/cache/chaotic/routines/hourly/powersave-tweaks/machine/root/home/main-builder/pkgsrc unmounted
umount: /var/cache/chaotic/routines/hourly/powersave-tweaks/machine/root/var/cache/pacman/pkg unmounted
umount: /var/cache/chaotic/routines/hourly/powersave-tweaks/machine/root/var/pkgdest unmounted
umount: /var/cache/chaotic/routines/hourly/powersave-tweaks/machine/root (overlay) unmounted

real	0m4.929s
user	0m1.759s
sys	0m2.405s
