Building package "printer-support"
:: Synchronizing package databases...
 core downloading...
 extra downloading...
 community downloading...
 multilib downloading...
 chaotic-aur downloading...
 garuda downloading...
:: Starting full system upgrade...
resolving dependencies...
looking for conflicting packages...

Packages (2) ca-certificates-mozilla-3.89.1-1  perl-5.36.1-1

Total Installed Size:  60.67 MiB
Net Upgrade Size:      -0.08 MiB

:: Proceed with installation? [Y/n] 
checking keyring...
checking package integrity...
loading package files...
checking for file conflicts...
checking available disk space...
:: Processing package changes...
upgrading ca-certificates-mozilla...
upgrading perl...
:: Running post-transaction hooks...
(1/3) Arming ConditionNeedsUpdate...
(2/3) Rebuilding certificate stores...
(3/3) Warn about old perl modules
resolving dependencies...
looking for conflicting packages...
warning: dependency cycle detected:
warning: harfbuzz will be installed before its freetype2 dependency

Packages (76) avahi-0.8+22+gfd482a7-4  cairo-1.17.8-2  duktape-2.7.0-5  fontconfig-2:2.14.2-1  freetype2-2.13.0-1  fribidi-1.0.12-1  graphite-1:1.3.14-3  harfbuzz-7.2.0-1  hicolor-icon-theme-0.17-3  ijs-0.35-5  imagemagick-7.1.1.8-1  jbig2dec-0.19-1  lcms2-2.15-1  libcups-1:2.4.2-6  libdaemon-0.14-5  libexif-0.6.24-1  libice-1.1.1-2  libidn-1.41-1  libjpeg-turbo-2.1.5.1-1  liblqr-0.4.2-3  libpaper-2.1.0-1  libpng-1.6.39-1  libraqm-0.10.1-1  libsm-1.2.4-1  libtiff-4.5.0-3  libx11-1.8.4-1  libxau-1.0.11-2  libxcb-1.15-2  libxdmcp-1.1.4-2  libxext-1.3.5-1  libxrender-0.9.11-1  libxt-1.3.0-1  lzo-2.10-5  noto-fonts-emoji-20220920-1  nspr-4.35-1  nss-3.89.1-1  openjpeg2-2.5.0-2  perl-alien-build-2.78-1  perl-alien-libxml2-0.19-1  perl-capture-tiny-0.48-6  perl-clone-0.46-1  perl-dbi-1.643-4  perl-ffi-checklib-0.31-2  perl-file-chdir-0.1011-4  perl-file-which-1.27-2  perl-ipc-run3-0.048-10  perl-path-tiny-0.144-1  perl-xml-libxml-2.0208-1  perl-xml-namespacesupport-1.12-5  perl-xml-sax-1.02-1  perl-xml-sax-base-1.09-5  pixman-0.42.2-1  polkit-122-1  poppler-23.03.0-1  poppler-data-0.4.12-1  psutils-2.10-1  qpdf-11.3.0-1  xcb-proto-1.15.2-3  xorgproto-2022.2-1  a2ps-4.15.4-1  bluez-cups-5.66-1  cups-1:2.4.2-6  cups-filters-1.28.17-2  cups-pdf-3.0.1-7  cups-pk-helper-0.2.7-1  foomatic-db-3:20230402-1  foomatic-db-engine-4:20220521-1  foomatic-db-gutenprint-ppds-5.3.4-2  foomatic-db-nonfree-3:20230402-1  foomatic-db-nonfree-ppds-3:20230402-1  foomatic-db-ppds-3:20230402-1  ghostscript-10.01.1-1  gsfonts-20200910-3  gutenprint-5.3.4-2  noto-color-emoji-fontconfig-1.0.0-1  splix-2.0.0-19

Total Installed Size:  411.50 MiB

:: Proceed with installation? [Y/n] 
checking keyring...
checking package integrity...
loading package files...
checking for file conflicts...
checking available disk space...
:: Processing package changes...
installing xorgproto...
installing libice...
installing libsm...
installing xcb-proto...
installing libxdmcp...
installing libxau...
installing libxcb...
installing libx11...
installing libxt...
installing libdaemon...
installing avahi...
Optional dependencies for avahi
    gtk3: avahi-discover, avahi-discover-standalone, bshell, bssh, bvnc
    qt5-base: qt5 bindings
    libevent: libevent bindings [installed]
    nss-mdns: NSS support for mDNS
    python-twisted: avahi-bookmarks
    python-gobject: avahi-bookmarks, avahi-discover
    python-dbus: avahi-bookmarks, avahi-discover
installing libcups...
installing graphite...
Optional dependencies for graphite
    graphite-docs: Documentation
installing harfbuzz...
Optional dependencies for harfbuzz
    harfbuzz-utils: utilities
installing libpng...
installing freetype2...
installing fontconfig...
Creating fontconfig configuration...
Rebuilding fontconfig cache...
installing libjpeg-turbo...
Optional dependencies for libjpeg-turbo
    java-runtime>11: for TurboJPEG Java wrapper
installing jbig2dec...
installing libtiff...
Optional dependencies for libtiff
    freeglut: for using tiffgt
installing lcms2...
installing libpaper...
installing ijs...
installing openjpeg2...
installing libidn...
installing poppler-data...
installing ghostscript...
Optional dependencies for ghostscript
    texlive-core: needed for dvipdf
    gtk3: needed for gsx
installing perl-ipc-run3...
installing psutils...
installing libxext...
installing liblqr...
installing fribidi...
installing libraqm...
installing imagemagick...
Optional dependencies for imagemagick
    ghostscript: PS/PDF support [installed]
    libheif: HEIF support
    libjxl: JPEG XL support
    libraw: DNG support
    librsvg: SVG support
    libwebp: WEBP support
    libwmf: WMF support
    libxml2: Magick Scripting Language [installed]
    libzip: OpenRaster support
    ocl-icd: OpenCL support
    openexr: OpenEXR support
    openjpeg2: JPEG2000 support [installed]
    djvulibre: DJVU support
    pango: Text rendering
installing a2ps...
installing libxrender...
installing lzo...
installing pixman...
installing cairo...
installing nspr...
installing nss...
installing poppler...
Optional dependencies for poppler
    poppler-data: highly recommended encoding data to display PDF documents with certain encodings and characters [installed]
installing qpdf...
installing libexif...
installing cups-filters...
Optional dependencies for cups-filters
    ghostscript: for non-PostScript printers to print with CUPS to convert PostScript to raster images [installed]
    foomatic-db: drivers use Ghostscript to convert PostScript to a printable form directly [pending]
    foomatic-db-engine: drivers use Ghostscript to convert PostScript to a printable form directly [pending]
    foomatic-db-nonfree: drivers use Ghostscript to convert PostScript to a printable form directly [pending]
    imagemagick: for Braille embosser support [installed]
    liblouis: for Braille embosser support
    antiword: to convert MS Word documents for Braille embosser support
    docx2txt: to convert Microsoft OOXML text from DOCX files for Braille embosser support
installing hicolor-icon-theme...
installing cups...
>> If you use an HTTPS connection to CUPS, the first time you access
>> the interface it may take a very long time before the site comes up.
>> This is because the first request triggers the generation of the CUPS
>> SSL certificates which can be a very time-consuming job.
Optional dependencies for cups
    libusb: for usb printer backend
    ipp-usb: allows to send HTTP requests via a USB connection on devices without Ethernet or WiFi connections
    xdg-utils: xdg .desktop file support
    colord: for ICC color profile support
    logrotate: for logfile rotation support
installing bluez-cups...
installing cups-pdf...
-------------------------------------------------
To use cups-pdf, restart cups and visit the cups
web interface at http://localhost:631/

You can now add a "Virtual Printer (PDF Printer)"
and use the Postscript/Generic postscript color
printer driver.

Note that cups-pdf has a configuration
file in /etc/cups. The default location for
pdf output is /var/spool/cups-pdf/$username.
-------------------------------------------------
installing duktape...
installing polkit...
installing cups-pk-helper...
installing foomatic-db...
Optional dependencies for foomatic-db
    foomatic-db-ppds: PostScript PPD files [pending]
installing perl-capture-tiny...
installing perl-ffi-checklib...
installing perl-file-chdir...
installing perl-file-which...
installing perl-path-tiny...
installing perl-alien-build...
installing perl-alien-libxml2...
installing perl-xml-sax-base...
installing perl-xml-namespacesupport...
installing perl-xml-sax...
installing perl-xml-libxml...
:: Installing SAX XML Parsers
installing perl-clone...
installing perl-dbi...
installing foomatic-db-engine...
Optional dependencies for foomatic-db-engine
    foomatic-db: linuxprinting.org xml files database to create ppd driver files [installed]
installing foomatic-db-gutenprint-ppds...
Optional dependencies for foomatic-db-gutenprint-ppds
    cups: to use cups printer spooler(recommended) [installed]
installing foomatic-db-nonfree...
Optional dependencies for foomatic-db-nonfree
    foomatic-db-nonfree-ppds: nonfree PPD files [pending]
installing foomatic-db-nonfree-ppds...
installing foomatic-db-ppds...
installing gsfonts...
installing gutenprint...
>>please run /usr/bin/cups-genppdupdate
>>and restart cups daemon
Optional dependencies for gutenprint
    gimp: adds gutenprint plugin to gimp
    libusb: required for drivers that depend on gutenprint52usb backend
    foomatic-db-gutenprint-ppds: prebuilt ppd files [installed]
    perl: to run cups-genppdupdate [installed]
installing noto-fonts-emoji...
installing noto-color-emoji-fontconfig...
installing splix...
Installation of the color profile for color printers:
-----------------------------------------------------

	Color printers need color profile files to get better results. These
files are provided by your printer manufacturer and you have to install them
manually. To do that, download the official linux drivers and locate the "cms"
directory. Install the contents to "/usr/share/cups/profiles/$MANUFACTURER".

	Samsung color profile files are available at:
		(Then use MANUFACTURER=samsung)
		http://splix.ap2c.org/samsung_cms.tar.bz2
:: Running post-transaction hooks...
(1/8) Creating system user accounts...
Creating group 'avahi' with GID 974.
Creating user 'avahi' (Avahi mDNS/DNS-SD daemon) with UID 974 and GID 974.
Creating group 'cups' with GID 209.
Creating user 'cups' (cups helper user) with UID 209 and GID 209.
Creating group 'polkitd' with GID 102.
Creating user 'polkitd' (PolicyKit daemon) with UID 102 and GID 102.
(2/8) Reloading system manager configuration...
  Skipped: Current root is not booted.
(3/8) Arming ConditionNeedsUpdate...
(4/8) Updating fontconfig configuration...
(5/8) Reloading system bus configuration...
  Skipped: Current root is not booted.
(6/8) Warn about old perl modules
(7/8) Updating fontconfig cache...
(8/8) Updating the info directory file...
==> ERROR: A package has already been built. (use -f to overwrite)
umount: /var/cache/chaotic/routines/hourly/printer-support/machine/root/home/main-builder/pkgwork unmounted
umount: /var/cache/chaotic/routines/hourly/printer-support/machine/root/home/main-builder/.ccache unmounted
umount: /var/cache/chaotic/routines/hourly/printer-support/machine/root/home/main-builder/pkgsrc unmounted
umount: /var/cache/chaotic/routines/hourly/printer-support/machine/root/var/cache/pacman/pkg unmounted
umount: /var/cache/chaotic/routines/hourly/printer-support/machine/root/var/pkgdest unmounted
umount: /var/cache/chaotic/routines/hourly/printer-support/machine/root (overlay) unmounted

real	0m15.824s
user	0m4.536s
sys	0m10.074s
