Building package "samba-support"
:: Synchronizing package databases...
 core downloading...
 extra downloading...
 community downloading...
 multilib downloading...
 chaotic-aur downloading...
 garuda downloading...
:: Starting full system upgrade...
resolving dependencies...
looking for conflicting packages...

Packages (2) ca-certificates-mozilla-3.89.1-1  perl-5.36.1-1

Total Installed Size:  60.67 MiB
Net Upgrade Size:      -0.08 MiB

:: Proceed with installation? [Y/n] 
checking keyring...
checking package integrity...
loading package files...
checking for file conflicts...
checking available disk space...
:: Processing package changes...
upgrading ca-certificates-mozilla...
upgrading perl...
:: Running post-transaction hooks...
(1/3) Arming ConditionNeedsUpdate...
(2/3) Rebuilding certificate stores...
(3/3) Warn about old perl modules
resolving dependencies...
looking for conflicting packages...

Packages (19) cifs-utils-7.0-3  ldb-2:2.7.2-2  libbsd-0.11.7-1  libcups-1:2.4.2-6  libdaemon-0.14-5  libmd-1.0.4-1  libnsl-2.0.0-3  liburing-2.3-1  libwbclient-4.18.2-2  lmdb-0.9.30-3  python-3.11.3-1  smbclient-4.18.2-2  talloc-2.4.0-3  tdb-1.4.8-2  tevent-1:0.14.1-2  avahi-0.8+22+gfd482a7-4  nss-mdns-0.15.1-1  python-pysmbc-1.0.23-4  samba-4.18.2-2

Total Installed Size:  164.99 MiB

:: Proceed with installation? [Y/n] 
checking keyring...
checking package integrity...
loading package files...
checking for file conflicts...
checking available disk space...
:: Processing package changes...
installing libdaemon...
installing avahi...
Optional dependencies for avahi
    gtk3: avahi-discover, avahi-discover-standalone, bshell, bssh, bvnc
    qt5-base: qt5 bindings
    libevent: libevent bindings [installed]
    nss-mdns: NSS support for mDNS [pending]
    python-twisted: avahi-bookmarks
    python-gobject: avahi-bookmarks, avahi-discover
    python-dbus: avahi-bookmarks, avahi-discover
installing nss-mdns...
installing libcups...
installing talloc...
Optional dependencies for talloc
    python: for python bindings [pending]
installing tevent...
Optional dependencies for tevent
    python: for python bindings [pending]
installing tdb...
Optional dependencies for tdb
    python: for python bindings [pending]
installing lmdb...
installing ldb...
Optional dependencies for ldb
    python: for python bindings [pending]
installing libmd...
installing libbsd...
installing libnsl...
installing python...
Optional dependencies for python
    python-setuptools
    python-pip
    sqlite [installed]
    mpdecimal: for decimal
    xz: for lzma [installed]
    tk: for tkinter
installing libwbclient...
Optional dependencies for libwbclient
    python-dnspython: samba_dnsupdate and samba_upgradedns in AD setup
    python-markdown: for samba-tool domain schemeupgrade
    glusterfs: for vfs_glusterfs support
installing cifs-utils...
Optional dependencies for cifs-utils
    python: for smb2-quota and smbinfo script [installed]
installing smbclient...
Optional dependencies for smbclient
    python-dnspython: samba_dnsupdate and samba_upgradedns in AD setup
    python-markdown: for samba-tool domain schemeupgrade
    glusterfs: for vfs_glusterfs support
installing liburing...
installing samba...
Optional dependencies for samba
    python-dnspython: netads_dns.py, dnsresolver.py and traffic_packets.py 
    python-markdown: ms_schema_markdown.py and ms_forest_updates_markdown.py
    python-cryptography: lockout_tests.py gp_cert_auto_enroll_ext.py gpo.py and kcrypto.py
installing python-pysmbc...
:: Running post-transaction hooks...
(1/5) Creating system user accounts...
Creating group 'avahi' with GID 974.
Creating user 'avahi' (Avahi mDNS/DNS-SD daemon) with UID 974 and GID 974.
(2/5) Reloading system manager configuration...
  Skipped: Current root is not booted.
(3/5) Creating temporary files...
(4/5) Arming ConditionNeedsUpdate...
(5/5) Reloading system bus configuration...
  Skipped: Current root is not booted.
==> ERROR: A package has already been built. (use -f to overwrite)
umount: /var/cache/chaotic/routines/hourly/samba-support/machine/root/home/main-builder/pkgwork unmounted
umount: /var/cache/chaotic/routines/hourly/samba-support/machine/root/home/main-builder/.ccache unmounted
umount: /var/cache/chaotic/routines/hourly/samba-support/machine/root/home/main-builder/pkgsrc unmounted
umount: /var/cache/chaotic/routines/hourly/samba-support/machine/root/var/cache/pacman/pkg unmounted
umount: /var/cache/chaotic/routines/hourly/samba-support/machine/root/var/pkgdest unmounted
umount: /var/cache/chaotic/routines/hourly/samba-support/machine/root (overlay) unmounted

real	0m8.308s
user	0m2.720s
sys	0m4.075s
