Building package "scanner-support"
:: Synchronizing package databases...
 core downloading...
 extra downloading...
 community downloading...
 multilib downloading...
 chaotic-aur downloading...
 garuda downloading...
:: Starting full system upgrade...
resolving dependencies...
looking for conflicting packages...

Packages (2) ca-certificates-mozilla-3.89.1-1  perl-5.36.1-1

Total Installed Size:  60.67 MiB
Net Upgrade Size:      -0.08 MiB

:: Proceed with installation? [Y/n] 
checking keyring...
checking package integrity...
loading package files...
checking for file conflicts...
checking available disk space...
:: Processing package changes...
upgrading ca-certificates-mozilla...
upgrading perl...
:: Running post-transaction hooks...
(1/3) Arming ConditionNeedsUpdate...
(2/3) Rebuilding certificate stores...
(3/3) Warn about old perl modules
resolving dependencies...
looking for conflicting packages...
warning: dependency cycle detected:
warning: harfbuzz will be installed before its freetype2 dependency

Packages (68) aom-3.6.0-1  avahi-0.8+22+gfd482a7-4  cairo-1.17.8-2  colord-1.4.6-1  dav1d-1.2.0-1  dconf-0.40.0-2  duktape-2.7.0-5  fontconfig-2:2.14.2-1  freetype2-2.13.0-1  gd-2.3.3-6  giflib-5.2.1-2  graphite-1:1.3.14-3  harfbuzz-7.2.0-1  hicolor-icon-theme-0.17-3  http-parser-2.9.4-1  json-glib-1.6.6-2  lcms2-2.15-1  libavif-0.11.1-1  libcolord-1.4.6-1  libdaemon-0.14-5  libde265-1.0.11-2  libexif-0.6.24-1  libgit2-1:1.6.4-1  libgphoto2-2.5.30-2  libgudev-237-2  libgusb-0.4.5-1  libheif-1.16.1-1  libice-1.1.1-2  libieee1284-0.2.11-15  libjpeg-turbo-2.1.5.1-1  libnsl-2.0.0-3  libpng-1.6.39-1  libsm-1.2.4-1  libtiff-4.5.0-3  libusb-1.0.26-2  libwebp-1.3.0-2  libx11-1.8.4-1  libxau-1.0.11-2  libxcb-1.15-2  libxdmcp-1.1.4-2  libxext-1.3.5-1  libxpm-3.5.16-1  libxrender-0.9.11-1  libxt-1.3.0-1  libyuv-r2322+3aebf69d-1  lm_sensors-1:3.6.0.r41.g31d1f125-2  lzo-2.10-5  net-snmp-5.9.1-6  nspr-4.35-1  nss-3.89.1-1  openjpeg2-2.5.0-2  pcre-8.45-3  pixman-0.42.2-1  polkit-122-1  poppler-23.03.0-1  poppler-glib-23.03.0-1  rav1e-0.6.3-1  shared-mime-info-2.2+13+ga2ffb28-1  svt-av1-1.5.0-1  sysfsutils-2.1.1-1  v4l-utils-1.24.1-1  x265-3.5-3  xcb-proto-1.15.2-3  xorgproto-2022.2-1  colord-sane-1.4.6-1  ipp-usb-0.9.23-1  sane-1.2.1-4  sane-airscan-0.99.27-1

Total Installed Size:  190.91 MiB

:: Proceed with installation? [Y/n] 
checking keyring...
checking package integrity...
loading package files...
checking for file conflicts...
checking available disk space...
:: Processing package changes...
installing libjpeg-turbo...
Optional dependencies for libjpeg-turbo
    java-runtime>11: for TurboJPEG Java wrapper
installing libtiff...
Optional dependencies for libtiff
    freeglut: for using tiffgt
installing lcms2...
installing json-glib...
installing libusb...
installing libgusb...
installing duktape...
installing polkit...
installing dconf...
installing libgudev...
installing shared-mime-info...
installing libcolord...
installing colord...
Optional dependencies for colord
    argyllcms: color profiling
    colord-sane: SANE support [pending]
installing graphite...
Optional dependencies for graphite
    graphite-docs: Documentation
installing harfbuzz...
Optional dependencies for harfbuzz
    harfbuzz-utils: utilities
installing libpng...
installing freetype2...
installing fontconfig...
Creating fontconfig configuration...
Rebuilding fontconfig cache...
installing xcb-proto...
installing xorgproto...
installing libxdmcp...
installing libxau...
installing libxcb...
installing libx11...
installing libxext...
installing libxrender...
installing lzo...
installing pixman...
installing cairo...
installing libieee1284...
Optional dependencies for libieee1284
    python: for python module
installing libnsl...
installing lm_sensors...
Optional dependencies for lm_sensors
    rrdtool: for logging with sensord
    perl: for sensor detection and configuration convert [installed]
installing pcre...
installing net-snmp...
Optional dependencies for net-snmp
    perl-term-readkey: for snmpcheck application
    perl-tk: for snmpcheck and tkmib applications
    python: for the python modules
installing hicolor-icon-theme...
installing sysfsutils...
installing v4l-utils...
Optional dependencies for v4l-utils
    qt5-base: for qv4l2
    alsa-lib: for qv4l2
installing libdaemon...
installing avahi...
Optional dependencies for avahi
    gtk3: avahi-discover, avahi-discover-standalone, bshell, bssh, bvnc
    qt5-base: qt5 bindings
    libevent: libevent bindings [installed]
    nss-mdns: NSS support for mDNS
    python-twisted: avahi-bookmarks
    python-gobject: avahi-bookmarks, avahi-discover
    python-dbus: avahi-bookmarks, avahi-discover
installing libice...
installing libsm...
installing libxt...
installing libxpm...
installing giflib...
installing libwebp...
installing aom...
installing dav1d...
Optional dependencies for dav1d
    dav1d-doc: HTML documentation
installing http-parser...
installing libgit2...
installing rav1e...
installing svt-av1...
installing libyuv...
installing libavif...
installing libde265...
Optional dependencies for libde265
    ffmpeg: for sherlock265
    qt5-base: for sherlock265
    sdl: dec265 YUV overlay output
installing x265...
installing libheif...
Optional dependencies for libheif
    libjpeg: for heif-convert and heif-enc [installed]
    libpng: for heif-convert and heif-enc [installed]
    svt-av1: svt-av1 encoder [installed]
    rav1e: rav1e encoder [installed]
installing gd...
Optional dependencies for gd
    perl: bdftogd script [installed]
installing libexif...
installing libgphoto2...
installing openjpeg2...
installing nspr...
installing nss...
installing poppler...
Optional dependencies for poppler
    poppler-data: highly recommended encoding data to display PDF documents with certain encodings and characters
installing poppler-glib...
installing sane...
installing colord-sane...
installing ipp-usb...
installing sane-airscan...
Optional dependencies for sane-airscan
    ipp-usb: allows to send HTTP requests via a USB connection on devices without Ethernet or WiFi connections [installed]
:: Running post-transaction hooks...
( 1/13) Creating system user accounts...
Creating group 'avahi' with GID 974.
Creating user 'avahi' (Avahi mDNS/DNS-SD daemon) with UID 974 and GID 974.
Creating group 'colord' with GID 973.
Creating user 'colord' (Color management daemon) with UID 973 and GID 973.
Creating group 'polkitd' with GID 102.
Creating user 'polkitd' (PolicyKit daemon) with UID 102 and GID 102.
Creating group 'saned' with GID 972.
Creating user 'saned' (SANE daemon user) with UID 972 and GID 972.
( 2/13) Reloading system manager configuration...
  Skipped: Current root is not booted.
( 3/13) Updating udev hardware database...
( 4/13) Creating temporary files...
( 5/13) Reloading device manager configuration...
  Skipped: Device manager is not running.
( 6/13) Arming ConditionNeedsUpdate...
( 7/13) Updating the MIME type database...
( 8/13) Updating fontconfig configuration...
( 9/13) Reloading system bus configuration...
  Skipped: Current root is not booted.
(10/13) Warn about old perl modules
(11/13) Updating fontconfig cache...
(12/13) Updating GIO module cache...
(13/13) Compiling GSettings XML schema files...
==> ERROR: A package has already been built. (use -f to overwrite)
umount: /var/cache/chaotic/routines/hourly/scanner-support/machine/root/home/main-builder/pkgwork unmounted
umount: /var/cache/chaotic/routines/hourly/scanner-support/machine/root/home/main-builder/.ccache unmounted
umount: /var/cache/chaotic/routines/hourly/scanner-support/machine/root/home/main-builder/pkgsrc unmounted
umount: /var/cache/chaotic/routines/hourly/scanner-support/machine/root/var/cache/pacman/pkg unmounted
umount: /var/cache/chaotic/routines/hourly/scanner-support/machine/root/var/pkgdest unmounted
umount: /var/cache/chaotic/routines/hourly/scanner-support/machine/root (overlay) unmounted

real	0m11.965s
user	0m3.875s
sys	0m6.433s
