Building package "timeshift-support"
:: Synchronizing package databases...
 core downloading...
 extra downloading...
 community downloading...
 multilib downloading...
 chaotic-aur downloading...
 garuda downloading...
:: Starting full system upgrade...
resolving dependencies...
looking for conflicting packages...

Packages (2) ca-certificates-mozilla-3.89.1-1  perl-5.36.1-1

Total Installed Size:  60.67 MiB
Net Upgrade Size:      -0.08 MiB

:: Proceed with installation? [Y/n] 
checking keyring...
checking package integrity...
loading package files...
checking for file conflicts...
checking available disk space...
:: Processing package changes...
upgrading ca-certificates-mozilla...
upgrading perl...
:: Running post-transaction hooks...
(1/3) Arming ConditionNeedsUpdate...
(2/3) Rebuilding certificate stores...
(3/3) Warn about old perl modules
resolving dependencies...
:: There are 2 providers available for libegl:
:: Repository extra
   1) libglvnd
:: Repository chaotic-aur
   2) libglvnd-git

Enter a number (default=1): 
looking for conflicting packages...
warning: dependency cycle detected:
warning: harfbuzz will be installed before its freetype2 dependency
warning: dependency cycle detected:
warning: mesa will be installed before its libglvnd dependency

Packages (105) adobe-source-code-pro-fonts-2.042u+1.062i+1.026vf-1  adwaita-cursors-44.0-1  adwaita-icon-theme-44.0-1  at-spi2-core-2.48.0-2  avahi-0.8+22+gfd482a7-4  btrfs-progs-6.3-2  cairo-1.17.8-2  cantarell-fonts-1:0.303.1-1  cronie-1.6.1-1  dconf-0.40.0-2  default-cursors-2-1  desktop-file-utils-0.26-2  duktape-2.7.0-5  fontconfig-2:2.14.2-1  freetype2-2.13.0-1  fribidi-1.0.12-1  gdk-pixbuf2-2.42.10-2  glib-networking-1:2.76.0-1  graphite-1:1.3.14-3  grub-2:2.06.r499.ge67a551a4-1  gsettings-desktop-schemas-44.0-1  gtk-update-icon-cache-1:4.10.3-1  gtk3-1:3.24.37-1  harfbuzz-7.2.0-1  hicolor-icon-theme-0.17-3  iso-codes-4.15.0-1  json-glib-1.6.6-2  lcms2-2.15-1  libcloudproviders-0.3.1+r8+g3a229ee-1  libcolord-1.4.6-1  libcups-1:2.4.2-6  libdaemon-0.14-5  libdatrie-0.2.13-2  libdbusmenu-glib-16.04.0-5  libdbusmenu-gtk3-16.04.0-5  libdrm-2.4.115-1  libedit-20221030_3.1-1  libepoxy-1.5.10-1  libgee-0.20.6-1  libglvnd-1.6.0-1  libgnomekbd-1:3.28.1-1  libice-1.1.1-2  libjpeg-turbo-2.1.5.1-1  libnotify-0.8.2-1  libomxil-bellagio-0.9.3-4  libpciaccess-0.17-1  libpng-1.6.39-1  libproxy-0.4.18-3  librsvg-2:2.56.0-1  libsm-1.2.4-1  libsoup-2.74.3-1  libsoup3-3.4.2-1  libstemmer-2.2.0-2  libthai-0.1.29-2  libtiff-4.5.0-3  libunwind-1.6.2-2  libx11-1.8.4-1  libxau-1.0.11-2  libxcb-1.15-2  libxcomposite-0.4.6-1  libxcursor-1.2.1-3  libxdamage-1.1.6-1  libxdmcp-1.1.4-2  libxext-1.3.5-1  libxfixes-6.0.1-1  libxft-2.3.8-1  libxi-1.8.1-1  libxinerama-1.1.5-1  libxkbcommon-1.5.0-1  libxkbfile-1.1.2-1  libxklavier-5.4-4  libxmu-1.1.4-1  libxrandr-1.5.3-1  libxrender-0.9.11-1  libxshmfence-1.3.2-1  libxt-1.3.0-1  libxtst-1.2.4-1  libxxf86vm-1.1.5-1  llvm-libs-15.0.7-3  lm_sensors-1:3.6.0.r41.g31d1f125-2  lzo-2.10-5  mesa-23.0.3-1  pango-1:1.50.14-1  perl-error-0.17029-4  perl-mailtools-2.21-6  perl-timedate-2.33-4  pixman-0.42.2-1  rsync-3.2.7-4  run-parts-5.5-1  shared-mime-info-2.2+13+ga2ffb28-1  tracker3-3.5.1-1  vte-common-0.72.1-1  vte3-0.72.1-1  vulkan-icd-loader-1.3.245-1  wayland-1.22.0-1  xapp-2.4.3-2  xcb-proto-1.15.2-3  xkeyboard-config-2.38-1  xorg-xhost-1.0.9-1  xorgproto-2022.2-1  xxhash-0.8.1-4  git-2.40.1-1  grub-btrfs-4.12-2  timeshift-22.11.2-1  timeshift-autosnap-0.9-1.3

Total Installed Size:  481.12 MiB

:: Proceed with installation? [Y/n] 
checking keyring...
checking package integrity...
loading package files...
checking for file conflicts...
checking available disk space...
:: Processing package changes...
installing run-parts...
installing cronie...
Optional dependencies for cronie
    smtp-server: send job output via email
    smtp-forwarder: forward job output to email server
installing hicolor-icon-theme...
installing libpng...
installing libjpeg-turbo...
Optional dependencies for libjpeg-turbo
    java-runtime>11: for TurboJPEG Java wrapper
installing libtiff...
Optional dependencies for libtiff
    freeglut: for using tiffgt
installing shared-mime-info...
installing gdk-pixbuf2...
Optional dependencies for gdk-pixbuf2
    libwmf: Load .wmf and .apm
    libopenraw: Load .dng, .cr2, .crw, .nef, .orf, .pef, .arw, .erf, .mrw, and .raf
    libavif: Load .avif
    libheif: Load .heif, .heic, and .avif
    libjxl: Load .jxl
    librsvg: Load .svg, .svgz, and .svg.gz [pending]
    webp-pixbuf-loader: Load .webp
installing graphite...
Optional dependencies for graphite
    graphite-docs: Documentation
installing harfbuzz...
Optional dependencies for harfbuzz
    harfbuzz-utils: utilities
installing freetype2...
installing fontconfig...
Creating fontconfig configuration...
Rebuilding fontconfig cache...
installing xcb-proto...
installing xorgproto...
installing libxdmcp...
installing libxau...
installing libxcb...
installing libx11...
installing libxext...
installing libxrender...
installing lzo...
installing pixman...
installing cairo...
installing fribidi...
installing libdatrie...
installing libthai...
installing libxft...
installing pango...
installing librsvg...
installing gtk-update-icon-cache...
installing adwaita-cursors...
installing adwaita-icon-theme...
installing adobe-source-code-pro-fonts...
installing cantarell-fonts...
installing dconf...
installing gsettings-desktop-schemas...
installing libxfixes...
installing libxi...
installing libxtst...
installing at-spi2-core...
Optional dependencies for at-spi2-core
    dbus-broker: Alternative bus implementation
installing desktop-file-utils...
installing iso-codes...
installing libcloudproviders...
installing lcms2...
installing libcolord...
installing libdaemon...
installing avahi...
Optional dependencies for avahi
    gtk3: avahi-discover, avahi-discover-standalone, bshell, bssh, bvnc [pending]
    qt5-base: qt5 bindings
    libevent: libevent bindings [installed]
    nss-mdns: NSS support for mDNS
    python-twisted: avahi-bookmarks
    python-gobject: avahi-bookmarks, avahi-discover
    python-dbus: avahi-bookmarks, avahi-discover
installing libcups...
installing libpciaccess...
installing libdrm...
installing default-cursors...
Optional dependencies for default-cursors
    adwaita-cursors: default cursor theme [installed]
installing wayland...
installing libxxf86vm...
installing libxdamage...
installing libxshmfence...
installing libomxil-bellagio...
installing libunwind...
installing libedit...
installing llvm-libs...
installing lm_sensors...
Optional dependencies for lm_sensors
    rrdtool: for logging with sensord
    perl: for sensor detection and configuration convert [installed]
installing vulkan-icd-loader...
Optional dependencies for vulkan-icd-loader
    vulkan-driver: packaged vulkan driver
installing mesa...
Optional dependencies for mesa
    opengl-man-pages: for the OpenGL API man pages
    mesa-vdpau: for accelerated video playback
    libva-mesa-driver: for accelerated video playback
installing libglvnd...
installing libepoxy...
installing libxcomposite...
installing libxcursor...
installing libxinerama...
installing xkeyboard-config...
installing libxkbcommon...
Optional dependencies for libxkbcommon
    libxkbcommon-x11: xkbcli interactive-x11
    wayland: xkbcli interactive-wayland [installed]
installing libxrandr...
installing json-glib...
installing duktape...
installing libproxy...
Optional dependencies for libproxy
    networkmanager: NetworkManager configuration module
    perl: Perl bindings [installed]
    python: Python 3.x bindings
    libproxy-webkit: PAC proxy support (via WebKit)
    pacrunner: PAC proxy support (via pacrunner)
installing glib-networking...
installing libsoup3...
Optional dependencies for libsoup3
    samba: Windows Domain SSO
installing libstemmer...
installing tracker3...
Optional dependencies for tracker3
    libsoup: Alternative remoting backend [pending]
installing gtk3...
Optional dependencies for gtk3
    evince: Default print preview command
installing libgee...
installing libnotify...
installing libsoup...
Optional dependencies for libsoup
    samba: Windows Domain SSO
installing xxhash...
installing rsync...
Optional dependencies for rsync
    python: for rrsync
installing vte-common...
installing vte3...
installing libdbusmenu-glib...
installing libdbusmenu-gtk3...
installing libxkbfile...
installing libxklavier...
installing libgnomekbd...
installing xapp...
Optional dependencies for xapp
    python: for mate-desktop status applet
installing libice...
installing libsm...
installing libxt...
installing libxmu...
installing xorg-xhost...
installing timeshift...
TimeShift scheduled backups require the cronie.service to be running.
Try:
  systemctl enable --now cronie.service
Optional dependencies for timeshift
    btrfs-progs: BTRFS support [pending]
    grub-btrfs: BTRFS snapshots in grub [pending]
installing timeshift-autosnap...
Optional dependencies for timeshift-autosnap
    grub-btrfs [pending]
installing btrfs-progs...
Optional dependencies for btrfs-progs
    python: libbtrfsutil python bindings
    e2fsprogs: btrfs-convert [installed]
    reiserfsprogs: btrfs-convert
installing grub...
:: Install your bootloader and generate configuration with:
     $ grub-install ...
     $ grub-mkconfig -o /boot/grub/grub.cfg
Optional dependencies for grub
    freetype2: For grub-mkfont usage [installed]
    fuse2: For grub-mount usage
    dosfstools: For grub-mkrescue FAT FS and EFI support
    lzop: For grub-mkrescue LZO support
    efibootmgr: For grub-install EFI support
    libisoburn: Provides xorriso for generating grub rescue iso using grub-mkrescue
    os-prober: To detect other OSes when generating grub.cfg in BIOS systems
    mtools: For grub-mkrescue FAT FS support
installing grub-btrfs...
Optional dependencies for grub-btrfs
    snapper: For snapper support
    inotify-tools: For grub-btrfsd daemon
installing perl-error...
installing perl-timedate...
installing perl-mailtools...
installing git...
Optional dependencies for git
    tk: gitk and git gui
    perl-libwww: git svn
    perl-term-readkey: git svn and interactive.singlekey setting
    perl-io-socket-ssl: git send-email TLS support
    perl-authen-sasl: git send-email TLS support
    perl-mediawiki-api: git mediawiki support
    perl-datetime-format-iso8601: git mediawiki support
    perl-lwp-protocol-https: git mediawiki https support
    perl-cgi: gitweb (web interface) support
    python: git svn & git p4
    subversion: git svn
    org.freedesktop.secrets: keyring credential helper
    libsecret: libsecret credential helper [installed]
:: Running post-transaction hooks...
( 1/16) Creating system user accounts...
Creating group 'avahi' with GID 974.
Creating user 'avahi' (Avahi mDNS/DNS-SD daemon) with UID 974 and GID 974.
Creating group 'git' with GID 973.
Creating user 'git' (git daemon user) with UID 973 and GID 973.
( 2/16) Reloading system manager configuration...
  Skipped: Current root is not booted.
( 3/16) Reloading device manager configuration...
  Skipped: Device manager is not running.
( 4/16) Arming ConditionNeedsUpdate...
( 5/16) Updating the MIME type database...
( 6/16) Updating fontconfig configuration...
( 7/16) Reloading system bus configuration...
  Skipped: Current root is not booted.
( 8/16) Warn about old perl modules
( 9/16) Updating fontconfig cache...
(10/16) Probing GDK-Pixbuf loader modules...
(11/16) Updating GIO module cache...
(12/16) Compiling GSettings XML schema files...
(13/16) Probing GTK3 input method modules...
(14/16) Updating icon theme caches...
(15/16) Updating the info directory file...
(16/16) Updating the desktop file MIME type cache...
==> ERROR: A package has already been built. (use -f to overwrite)
umount: /var/cache/chaotic/routines/hourly/timeshift-support/machine/root/home/main-builder/pkgwork unmounted
umount: /var/cache/chaotic/routines/hourly/timeshift-support/machine/root/home/main-builder/.ccache unmounted
umount: /var/cache/chaotic/routines/hourly/timeshift-support/machine/root/home/main-builder/pkgsrc unmounted
umount: /var/cache/chaotic/routines/hourly/timeshift-support/machine/root/var/cache/pacman/pkg unmounted
umount: /var/cache/chaotic/routines/hourly/timeshift-support/machine/root/var/pkgdest unmounted
umount: /var/cache/chaotic/routines/hourly/timeshift-support/machine/root (overlay) unmounted

real	0m13.565s
user	0m4.650s
sys	0m8.265s
