Building package "virt-manager-meta"
:: Synchronizing package databases...
 core downloading...
 extra downloading...
 community downloading...
 multilib downloading...
 chaotic-aur downloading...
 garuda downloading...
:: Starting full system upgrade...
resolving dependencies...
looking for conflicting packages...

Packages (2) ca-certificates-mozilla-3.89.1-1  perl-5.36.1-1

Total Installed Size:  60.67 MiB
Net Upgrade Size:      -0.08 MiB

:: Proceed with installation? [Y/n] 
checking keyring...
checking package integrity...
loading package files...
checking for file conflicts...
checking available disk space...
:: Processing package changes...
upgrading ca-certificates-mozilla...
upgrading perl...
:: Running post-transaction hooks...
(1/3) Arming ConditionNeedsUpdate...
(2/3) Rebuilding certificate stores...
(3/3) Warn about old perl modules
resolving dependencies...
looking for conflicting packages...
:: iptables-nft and iptables are in conflict. Remove iptables? [y/N] y

Packages (3) iptables-1:1.8.9-1 [removal]  nftables-1:1.0.7-2  iptables-nft-1:1.8.9-1

Total Installed Size:  6.68 MiB
Net Upgrade Size:      4.30 MiB

:: Proceed with installation? [Y/n] y
checking keyring...
checking package integrity...
loading package files...
checking for file conflicts...
checking available disk space...
:: Processing package changes...
removing iptables...
installing nftables...
Optional dependencies for nftables
    python: Python bindings
installing iptables-nft...
:: Running post-transaction hooks...
(1/2) Reloading system manager configuration...
  Skipped: Current root is not booted.
(2/2) Arming ConditionNeedsUpdate...
==> ERROR: A package has already been built. (use -f to overwrite)
umount: /var/cache/chaotic/routines/hourly/virt-manager-meta/machine/root/home/main-builder/pkgwork unmounted
umount: /var/cache/chaotic/routines/hourly/virt-manager-meta/machine/root/home/main-builder/.ccache unmounted
umount: /var/cache/chaotic/routines/hourly/virt-manager-meta/machine/root/home/main-builder/pkgsrc unmounted
umount: /var/cache/chaotic/routines/hourly/virt-manager-meta/machine/root/var/cache/pacman/pkg unmounted
umount: /var/cache/chaotic/routines/hourly/virt-manager-meta/machine/root/var/pkgdest unmounted
umount: /var/cache/chaotic/routines/hourly/virt-manager-meta/machine/root (overlay) unmounted

real	0m6.030s
user	0m1.914s
sys	0m2.484s
