Building package "zdummy-vlkdrv"
:: Synchronizing package databases...
 core downloading...
 extra downloading...
 community downloading...
 multilib downloading...
 chaotic-aur downloading...
 garuda downloading...
:: Starting full system upgrade...
resolving dependencies...
looking for conflicting packages...

Packages (2) ca-certificates-mozilla-3.89.1-1  perl-5.36.1-1

Total Installed Size:  60.67 MiB
Net Upgrade Size:      -0.08 MiB

:: Proceed with installation? [Y/n] 
checking keyring...
checking package integrity...
loading package files...
checking for file conflicts...
checking available disk space...
:: Processing package changes...
upgrading ca-certificates-mozilla...
upgrading perl...
:: Running post-transaction hooks...
(1/3) Arming ConditionNeedsUpdate...
(2/3) Rebuilding certificate stores...
(3/3) Warn about old perl modules
resolving dependencies...
looking for conflicting packages...
warning: dependency cycle detected:
warning: libglvnd will be installed before its mesa dependency
warning: dependency cycle detected:
warning: harfbuzz will be installed before its freetype2 dependency
warning: dependency cycle detected:
warning: lib32-keyutils will be installed before its lib32-krb5 dependency
warning: dependency cycle detected:
warning: lib32-libglvnd will be installed before its lib32-mesa dependency
warning: dependency cycle detected:
warning: lib32-harfbuzz will be installed before its lib32-freetype2 dependency

Packages (164) cairo-1.17.8-2  default-cursors-2-1  fontconfig-2:2.14.2-1  freeglut-3.4.0-1  freetype2-2.13.0-1  fribidi-1.0.12-1  glew-2.2.0-6  glu-9.0.2-3  graphite-1:1.3.14-3  harfbuzz-7.2.0-1  hwinfo-22.2-2  lib32-brotli-1.0.9-5  lib32-bzip2-1.0.8-3  lib32-cairo-1.17.8-2  lib32-curl-8.0.1-1  lib32-dbus-1.14.6-2  lib32-e2fsprogs-1.47.0-1  lib32-expat-2.5.0-2  lib32-fontconfig-2:2.14.2-1  lib32-freeglut-3.4.0-1  lib32-freetype2-2.13.0-1  lib32-fribidi-1.0.12-1  lib32-gcc-libs-13.1.1-1  lib32-glew-2.2.0-4  lib32-glib2-2.76.2-1  lib32-glibc-2.37-3  lib32-glu-9.0.2-3  lib32-harfbuzz-7.2.0-1  lib32-icu-72.1-2  lib32-keyutils-1.6.3-1  lib32-krb5-1.20.1-1  lib32-libcap-2.68-1  lib32-libdatrie-0.2.13-2  lib32-libdecor-0.1.1-1  lib32-libdrm-2.4.115-1  lib32-libelf-0.189-1  lib32-libffi-3.4.4-1  lib32-libgcrypt-1.10.2-1  lib32-libglvnd-1.6.0-1  lib32-libgpg-error-1.47-1  lib32-libice-1.1.1-1  lib32-libidn2-2.3.4-2  lib32-libldap-2.6.4-1  lib32-libpciaccess-0.17-1  lib32-libpng-1.6.39-1  lib32-libpsl-0.21.2-1  lib32-libsm-1.2.4-1  lib32-libssh2-1.10.0-2  lib32-libthai-0.1.29-2  lib32-libtirpc-1.3.3-2  lib32-libunistring-1.1-1  lib32-libunwind-1.6.2-2  lib32-libx11-1.8.4-1  lib32-libxau-1.0.11-1  lib32-libxcb-1.15-2  lib32-libxcrypt-4.4.33-1  lib32-libxdamage-1.1.6-1  lib32-libxdmcp-1.1.4-1  lib32-libxext-1.3.5-1  lib32-libxfixes-6.0.1-1  lib32-libxft-2.3.8-1  lib32-libxi-1.8.1-1  lib32-libxkbcommon-1.5.0-1  lib32-libxkbcommon-x11-1.5.0-1  lib32-libxml2-2.10.4-4  lib32-libxmu-1.1.4-1  lib32-libxrandr-1.5.3-1  lib32-libxrender-0.9.11-1  lib32-libxshmfence-1.3.2-1  lib32-libxt-1.3.0-1  lib32-libxxf86vm-1.1.5-1  lib32-llvm-libs-15.0.7-1  lib32-lm_sensors-1:3.6.0.r41.g31d1f125-2  lib32-mesa-23.0.3-1  lib32-mesa-demos-9.0.0-1  lib32-ncurses-6.4-1  lib32-ocl-icd-2.3.1-1  lib32-openssl-1:3.0.8-1  lib32-pam-1.5.2-1  lib32-pango-1:1.50.14-1  lib32-pcre2-10.42-1  lib32-pixman-0.42.2-1  lib32-systemd-253.4-1  lib32-util-linux-2.38.1-1  lib32-vulkan-icd-loader-1.3.245-1  lib32-wayland-1.22.0-1  lib32-xz-5.4.3-1  lib32-zlib-1.2.13-2  lib32-zstd-1.5.5-1  libdatrie-0.2.13-2  libdecor-0.1.1-2  libdrm-2.4.115-1  libedit-20221030_3.1-1  libglvnd-1.6.0-1  libice-1.1.1-2  libomxil-bellagio-0.9.3-4  libpciaccess-0.17-1  libpng-1.6.39-1  libsm-1.2.4-1  libthai-0.1.29-2  libunwind-1.6.2-2  libva-2.18.0-1  libva-utils-2.18.1-1  libvdpau-1.5-1  libx11-1.8.4-1  libx86emu-3.5-3  libxau-1.0.11-2  libxcb-1.15-2  libxdamage-1.1.6-1  libxdmcp-1.1.4-2  libxext-1.3.5-1  libxfixes-6.0.1-1  libxft-2.3.8-1  libxi-1.8.1-1  libxkbcommon-1.5.0-1  libxkbcommon-x11-1.5.0-1  libxmu-1.1.4-1  libxrandr-1.5.3-1  libxrender-0.9.11-1  libxshmfence-1.3.2-1  libxt-1.3.0-1  libxxf86vm-1.1.5-1  llvm-libs-15.0.7-3  lm_sensors-1:3.6.0.r41.g31d1f125-2  lzo-2.10-5  mesa-23.0.3-1  mesa-demos-9.0.0-2  mhwd-amdgpu-19.1.0-1  mhwd-ati-19.1.0-1  mhwd-db-garuda-git-1:r63.2f652e8-3  mhwd-nvidia-525.60.11-1  mhwd-nvidia-390xx-390.143-1  mhwd-nvidia-470xx-470.94-1  ocl-icd-2.3.1-1  pango-1:1.50.14-1  perl-clone-0.46-1  perl-encode-locale-1.05-10  perl-file-listing-6.15-2  perl-html-parser-3.81-1  perl-html-tagset-3.20-13  perl-http-cookies-6.10-3  perl-http-daemon-6.16-1  perl-http-date-6.05-6  perl-http-message-6.44-1  perl-http-negotiate-6.01-11  perl-io-html-1.004-3  perl-libwww-6.67-1  perl-lwp-mediatypes-6.04-3  perl-net-http-6.22-2  perl-timedate-2.33-4  perl-try-tiny-0.31-2  perl-uri-5.17-1  perl-www-robotrules-6.02-11  perl-xml-parser-2.46-4  perl-xml-writer-0.900-1  pixman-0.42.2-1  vdpauinfo-1.5-1  vulkan-icd-loader-1.3.245-1  vulkan-tools-1.3.245-1  wayland-1.22.0-1  xcb-proto-1.15.2-3  xkeyboard-config-2.38-1  xorgproto-2022.2-1  mhwd-garuda-git-r20.dc8eff1-2

Total Installed Size:  732.78 MiB

:: Proceed with installation? [Y/n] 
checking keyring...
checking package integrity...
loading package files...
checking for file conflicts...
checking available disk space...
:: Processing package changes...
installing libx86emu...
installing perl-encode-locale...
installing perl-timedate...
installing perl-http-date...
installing perl-file-listing...
installing perl-html-tagset...
installing perl-clone...
installing perl-io-html...
installing perl-lwp-mediatypes...
installing perl-uri...
installing perl-http-message...
installing perl-html-parser...
installing perl-http-cookies...
installing perl-http-daemon...
installing perl-http-negotiate...
installing perl-net-http...
installing perl-try-tiny...
installing perl-www-robotrules...
installing perl-libwww...
Optional dependencies for perl-libwww
    perl-lwp-protocol-https: for https:// url schemes
installing perl-xml-parser...
installing perl-xml-writer...
installing hwinfo...
installing libpciaccess...
installing libdrm...
installing default-cursors...
Optional dependencies for default-cursors
    adwaita-cursors: default cursor theme
installing wayland...
installing xcb-proto...
installing xorgproto...
installing libxdmcp...
installing libxau...
installing libxcb...
installing libx11...
installing libxext...
installing libxxf86vm...
installing libxfixes...
installing libxdamage...
installing libxshmfence...
installing libomxil-bellagio...
installing libunwind...
installing libedit...
installing llvm-libs...
installing lm_sensors...
Optional dependencies for lm_sensors
    rrdtool: for logging with sensord
    perl: for sensor detection and configuration convert [installed]
installing libglvnd...
installing vulkan-icd-loader...
Optional dependencies for vulkan-icd-loader
    vulkan-driver: packaged vulkan driver
installing mesa...
Optional dependencies for mesa
    opengl-man-pages: for the OpenGL API man pages
    mesa-vdpau: for accelerated video playback
    libva-mesa-driver: for accelerated video playback
installing mhwd-nvidia...
installing mhwd-ati...
installing mhwd-amdgpu...
installing mhwd-nvidia-470xx...
installing mhwd-nvidia-390xx...
installing mhwd-db-garuda-git...
installing glu...
installing libxi...
installing libxrender...
installing libxrandr...
installing freeglut...
installing graphite...
Optional dependencies for graphite
    graphite-docs: Documentation
installing harfbuzz...
Optional dependencies for harfbuzz
    harfbuzz-utils: utilities
installing libpng...
installing freetype2...
installing fontconfig...
Creating fontconfig configuration...
Rebuilding fontconfig cache...
installing lzo...
installing pixman...
installing cairo...
installing fribidi...
installing libdatrie...
installing libthai...
installing libxft...
installing pango...
installing libdecor...
installing xkeyboard-config...
installing libxkbcommon...
Optional dependencies for libxkbcommon
    libxkbcommon-x11: xkbcli interactive-x11 [pending]
    wayland: xkbcli interactive-wayland [installed]
installing mesa-demos...
installing vulkan-tools...
installing libva...
Optional dependencies for libva
    intel-media-driver: backend for Intel GPUs (>= Broadwell)
    libva-intel-driver: backend for Intel GPUs (<= Haswell)
    libva-mesa-driver: backend for AMD and Nvidia GPUs
installing libva-utils...
installing libvdpau...
installing vdpauinfo...
installing ocl-icd...
Optional dependencies for ocl-icd
    opencl-driver: packaged opencl driver
installing lib32-glibc...
installing lib32-libpciaccess...
installing lib32-libdrm...
installing lib32-libffi...
installing lib32-expat...
installing lib32-gcc-libs...
installing lib32-icu...
installing lib32-xz...
installing lib32-zlib...
installing lib32-libxml2...
installing lib32-wayland...
installing lib32-libxdmcp...
installing lib32-libxau...
installing lib32-libxcb...
installing lib32-libx11...
installing lib32-libxext...
installing lib32-libxxf86vm...
installing lib32-libxfixes...
installing lib32-libxdamage...
installing lib32-libxshmfence...
installing lib32-bzip2...
installing lib32-brotli...
installing lib32-libunistring...
installing lib32-libidn2...
installing lib32-openssl...
Optional dependencies for lib32-openssl
    ca-certificates [installed]
installing lib32-libssh2...
installing lib32-e2fsprogs...
installing lib32-libxcrypt...
installing lib32-libldap...
installing lib32-keyutils...
installing lib32-krb5...
installing lib32-libpsl...
installing lib32-zstd...
installing lib32-curl...
installing lib32-libelf...
installing lib32-libunwind...
installing lib32-ncurses...
installing lib32-llvm-libs...
installing lib32-lm_sensors...
installing lib32-libglvnd...
installing lib32-vulkan-icd-loader...
Optional dependencies for lib32-vulkan-icd-loader
    lib32-vulkan-driver: packaged vulkan driver
installing lib32-mesa...
Optional dependencies for lib32-mesa
    opengl-man-pages: for the OpenGL API man pages
    lib32-mesa-vdpau: for accelerated video playback
    lib32-libva-mesa-driver: for accelerated video playback
installing libice...
installing lib32-libice...
installing lib32-util-linux...
installing libsm...
installing lib32-libsm...
installing libxt...
installing lib32-libxt...
installing libxmu...
installing lib32-libxmu...
installing lib32-libxi...
installing lib32-glu...
installing glew...
Optional dependencies for glew
    libx11: for glxewinfo and visualinfo [installed]
installing lib32-glew...
installing lib32-libxrender...
installing lib32-libxrandr...
installing lib32-freeglut...
installing lib32-pcre2...
installing lib32-glib2...
installing lib32-harfbuzz...
installing lib32-libpng...
installing lib32-freetype2...
installing lib32-fontconfig...
Rebuilding 32-bit fontconfig cache...
installing lib32-pixman...
installing lib32-cairo...
installing lib32-fribidi...
installing lib32-libdatrie...
installing lib32-libthai...
installing lib32-libxft...
installing lib32-pango...
installing lib32-libtirpc...
installing lib32-pam...
installing lib32-libcap...
installing lib32-libgpg-error...
installing lib32-libgcrypt...
installing lib32-systemd...
installing lib32-dbus...
installing lib32-libdecor...
installing lib32-libxkbcommon...
installing libxkbcommon-x11...
installing lib32-libxkbcommon-x11...
installing lib32-mesa-demos...
installing lib32-ocl-icd...
Optional dependencies for lib32-ocl-icd
    lib32-opencl-driver: packaged opencl driver
installing mhwd-garuda-git...
:: Running post-transaction hooks...
(1/6) Reloading system manager configuration...
  Skipped: Current root is not booted.
(2/6) Arming ConditionNeedsUpdate...
(3/6) Updating fontconfig configuration...
(4/6) Warn about old perl modules
(5/6) Updating fontconfig cache...
(6/6) Updating 32-bit fontconfig cache...
==> ERROR: A package has already been built. (use -f to overwrite)
umount: /var/cache/chaotic/routines/hourly/zdummy-vlkdrv/machine/root/home/main-builder/pkgwork unmounted
umount: /var/cache/chaotic/routines/hourly/zdummy-vlkdrv/machine/root/home/main-builder/.ccache unmounted
umount: /var/cache/chaotic/routines/hourly/zdummy-vlkdrv/machine/root/home/main-builder/pkgsrc unmounted
umount: /var/cache/chaotic/routines/hourly/zdummy-vlkdrv/machine/root/var/cache/pacman/pkg unmounted
umount: /var/cache/chaotic/routines/hourly/zdummy-vlkdrv/machine/root/var/pkgdest unmounted
umount: /var/cache/chaotic/routines/hourly/zdummy-vlkdrv/machine/root (overlay) unmounted

real	0m15.445s
user	0m5.085s
sys	0m8.852s
